#
# There is insufficient memory for the Java Runtime Environment to continue.
# Native memory allocation (mmap) failed to map 147849216 bytes for G1 virtual space
# Possible reasons:
#   The system is out of physical RAM or swap space
#   The process is running with CompressedOops enabled, and the Java Heap may be blocking the growth of the native heap
# Possible solutions:
#   Reduce memory load on the system
#   Increase physical memory or swap space
#   Check if swap backing store is full
#   Decrease Java heap size (-Xmx/-Xms)
#   Decrease number of Java threads
#   Decrease Java thread stack sizes (-Xss)
#   Set larger code cache with -XX:ReservedCodeCacheSize=
#   JVM is running with Unscaled Compressed Oops mode in which the Java heap is
#     placed in the first 4GB address space. The Java Heap base address is the
#     maximum limit for the native heap growth. Please use -XX:HeapBaseMinAddress
#     to set the Java Heap base and to place the Java Heap above 4GB virtual address.
# This output file may be truncated or incomplete.
#
#  Out of Memory Error (os_windows.cpp:3769), pid=10052, tid=13288
#
# JRE version: OpenJDK Runtime Environment (17.0.6) (build 17.0.6+0-b2043.56-10027231)
# Java VM: OpenJDK 64-Bit Server VM (17.0.6+0-b2043.56-10027231, mixed mode, tiered, compressed oops, compressed class ptrs, g1 gc, windows-amd64)
# No core dump will be written. Minidumps are not enabled by default on client versions of Windows
#

---------------  S U M M A R Y ------------

Command Line: --add-opens=java.base/java.util=ALL-UNNAMED --add-opens=java.base/java.lang=ALL-UNNAMED --add-opens=java.base/java.lang.invoke=ALL-UNNAMED --add-opens=java.prefs/java.util.prefs=ALL-UNNAMED --add-opens=java.base/java.nio.charset=ALL-UNNAMED --add-opens=java.base/java.net=ALL-UNNAMED --add-opens=java.base/java.util.concurrent.atomic=ALL-UNNAMED -Xmx2048m -Dfile.encoding=UTF-8 -Duser.country=CO -Duser.language=es -Duser.variant org.gradle.launcher.daemon.bootstrap.GradleDaemon 8.0

Host: Intel(R) Core(TM) i3-6006U CPU @ 2.00GHz, 4 cores, 3G,  Windows 10 , 64 bit Build 19041 (10.0.19041.3636)
Time: Mon Nov 20 14:45:38 2023 Hora est. Pacífico, Sudamérica elapsed time: 25.627100 seconds (0d 0h 0m 25s)

---------------  T H R E A D  ---------------

Current thread (0x0000023ebb3ccfc0):  VMThread "VM Thread" [stack: 0x000000ac0ad00000,0x000000ac0ae00000] [id=13288]

Stack: [0x000000ac0ad00000,0x000000ac0ae00000]
Native frames: (J=compiled Java code, j=interpreted, Vv=VM code, C=native code)
V  [jvm.dll+0x683c9a]
V  [jvm.dll+0x8427a4]
V  [jvm.dll+0x843f9e]
V  [jvm.dll+0x844603]
V  [jvm.dll+0x249b75]
V  [jvm.dll+0x680b69]
V  [jvm.dll+0x67505a]
V  [jvm.dll+0x309acb]
V  [jvm.dll+0x310f86]
V  [jvm.dll+0x3608ee]
V  [jvm.dll+0x360b1f]
V  [jvm.dll+0x2dfbf8]
V  [jvm.dll+0x2ddec4]
V  [jvm.dll+0x2dd4cc]
V  [jvm.dll+0x3317ac]
V  [jvm.dll+0x848ccb]
V  [jvm.dll+0x849a04]
V  [jvm.dll+0x849f1d]
V  [jvm.dll+0x84a2f4]
V  [jvm.dll+0x84a3c0]
V  [jvm.dll+0x7f274a]
V  [jvm.dll+0x682ad5]
C  [ucrtbase.dll+0x21bb2]
C  [KERNEL32.DLL+0x17344]
C  [ntdll.dll+0x526b1]

VM_Operation (0x000000ac0c3f1420): CollectForMetadataAllocation, mode: safepoint, requested by thread 0x0000023ebd166f30


---------------  P R O C E S S  ---------------

Threads class SMR info:
_java_thread_list=0x0000023ec087d250, length=81, elements={
0x0000023ea1e11090, 0x0000023ebb3f1270, 0x0000023ebb3f1c00, 0x0000023ebb3da480,
0x0000023ebb407f80, 0x0000023ebb408450, 0x0000023ebb408920, 0x0000023ebb3db180,
0x0000023ebc0814a0, 0x0000023ebc0819b0, 0x0000023ebc17f3f0, 0x0000023ebc17fcd0,
0x0000023ebd30c5c0, 0x0000023ebce3d920, 0x0000023ebcdef840, 0x0000023ebcdcda90,
0x0000023ebcdcdf60, 0x0000023ebd166a60, 0x0000023ebd166f30, 0x0000023ebc322eb0,
0x0000023ebc323380, 0x0000023ebc323850, 0x0000023ebc3241f0, 0x0000023ebc325060,
0x0000023ebc3246c0, 0x0000023ebc324b90, 0x0000023ebc325530, 0x0000023ebc323d20,
0x0000023ebc322510, 0x0000023ebc3229e0, 0x0000023ec0400720, 0x0000023ec03fbef0,
0x0000023ec03fa6e0, 0x0000023ec03fba20, 0x0000023ec03fc3c0, 0x0000023ec03fb550,
0x0000023ec03fc890, 0x0000023ec03fd700, 0x0000023ec03fe0a0, 0x0000023ec03fe570,
0x0000023ec0400250, 0x0000023ec03fef10, 0x0000023ec03fb080, 0x0000023ec03fea40,
0x0000023ec0401f30, 0x0000023ec03ff3e0, 0x0000023ec0400bf0, 0x0000023ec0401590,
0x0000023ec0401a60, 0x0000023ec03fabb0, 0x0000023ebc53a4d0, 0x0000023ebc53f6a0,
0x0000023ebc53c1b0, 0x0000023ebc53c680, 0x0000023ebc53ae70, 0x0000023ebc538cc0,
0x0000023ebc53ed00, 0x0000023ebc53b340, 0x0000023ebc53a9a0, 0x0000023ebc53d020,
0x0000023ebc53d9c0, 0x0000023ebc53de90, 0x0000023ebc539190, 0x0000023ebc5387f0,
0x0000023ebc53b810, 0x0000023ebc53f1d0, 0x0000023ebc53e830, 0x0000023ebc53e360,
0x0000023ebc53a000, 0x0000023ebc53bce0, 0x0000023ebc53cb50, 0x0000023ebc53d4f0,
0x0000023ebc537e50, 0x0000023ebc538320, 0x0000023ebc539660, 0x0000023ebc539b30,
0x0000023ebe89fb90, 0x0000023ebe89b360, 0x0000023ebe8a13a0, 0x0000023ebe89b830,
0x0000023ebe89f6c0
}

Java Threads: ( => current thread )
  0x0000023ea1e11090 JavaThread "main" [_thread_blocked, id=9396, stack(0x000000ac0a700000,0x000000ac0a800000)]
  0x0000023ebb3f1270 JavaThread "Reference Handler" daemon [_thread_blocked, id=2800, stack(0x000000ac0ae00000,0x000000ac0af00000)]
  0x0000023ebb3f1c00 JavaThread "Finalizer" daemon [_thread_blocked, id=12164, stack(0x000000ac0af00000,0x000000ac0b000000)]
  0x0000023ebb3da480 JavaThread "Signal Dispatcher" daemon [_thread_blocked, id=9024, stack(0x000000ac0b000000,0x000000ac0b100000)]
  0x0000023ebb407f80 JavaThread "Attach Listener" daemon [_thread_blocked, id=10560, stack(0x000000ac0b100000,0x000000ac0b200000)]
  0x0000023ebb408450 JavaThread "Service Thread" daemon [_thread_blocked, id=12776, stack(0x000000ac0b200000,0x000000ac0b300000)]
  0x0000023ebb408920 JavaThread "Monitor Deflation Thread" daemon [_thread_blocked, id=12992, stack(0x000000ac0b300000,0x000000ac0b400000)]
  0x0000023ebb3db180 JavaThread "C2 CompilerThread0" daemon [_thread_blocked, id=1496, stack(0x000000ac0b400000,0x000000ac0b500000)]
  0x0000023ebc0814a0 JavaThread "C1 CompilerThread0" daemon [_thread_blocked, id=3224, stack(0x000000ac0b500000,0x000000ac0b600000)]
  0x0000023ebc0819b0 JavaThread "Sweeper thread" daemon [_thread_blocked, id=3960, stack(0x000000ac0b600000,0x000000ac0b700000)]
  0x0000023ebc17f3f0 JavaThread "Common-Cleaner" daemon [_thread_blocked, id=3184, stack(0x000000ac0b700000,0x000000ac0b800000)]
  0x0000023ebc17fcd0 JavaThread "Notification Thread" daemon [_thread_blocked, id=1656, stack(0x000000ac0b800000,0x000000ac0b900000)]
  0x0000023ebd30c5c0 JavaThread "Daemon health stats" [_thread_blocked, id=13140, stack(0x000000ac0bd00000,0x000000ac0be00000)]
  0x0000023ebce3d920 JavaThread "Incoming local TCP Connector on port 59537" [_thread_in_native, id=13176, stack(0x000000ac0be00000,0x000000ac0bf00000)]
  0x0000023ebcdef840 JavaThread "Daemon periodic checks" [_thread_blocked, id=3768, stack(0x000000ac0bf00000,0x000000ac0c000000)]
  0x0000023ebcdcda90 JavaThread "Daemon" [_thread_blocked, id=11544, stack(0x000000ac0c000000,0x000000ac0c100000)]
  0x0000023ebcdcdf60 JavaThread "Handler for socket connection from /127.0.0.1:59537 to /127.0.0.1:59538" [_thread_in_native, id=10156, stack(0x000000ac0c100000,0x000000ac0c200000)]
  0x0000023ebd166a60 JavaThread "Cancel handler" [_thread_blocked, id=8992, stack(0x000000ac0c200000,0x000000ac0c300000)]
  0x0000023ebd166f30 JavaThread "Daemon worker" [_thread_blocked, id=8580, stack(0x000000ac0c300000,0x000000ac0c400000)]
  0x0000023ebc322eb0 JavaThread "Asynchronous log dispatcher for DefaultDaemonConnection: socket connection from /127.0.0.1:59537 to /127.0.0.1:59538" [_thread_blocked, id=8344, stack(0x000000ac0c400000,0x000000ac0c500000)]
  0x0000023ebc323380 JavaThread "Stdin handler" [_thread_blocked, id=11408, stack(0x000000ac0c500000,0x000000ac0c600000)]
  0x0000023ebc323850 JavaThread "Daemon client event forwarder" [_thread_blocked, id=7328, stack(0x000000ac0c600000,0x000000ac0c700000)]
  0x0000023ebc3241f0 JavaThread "Cache worker for journal cache (C:\Users\NICOLAS\.gradle\caches\journal-1)" [_thread_blocked, id=2268, stack(0x000000ac0c700000,0x000000ac0c800000)]
  0x0000023ebc325060 JavaThread "File lock request listener" [_thread_in_native, id=4828, stack(0x000000ac0c800000,0x000000ac0c900000)]
  0x0000023ebc3246c0 JavaThread "Cache worker for file hash cache (C:\Users\NICOLAS\.gradle\caches\8.0\fileHashes)" [_thread_blocked, id=8836, stack(0x000000ac0c900000,0x000000ac0ca00000)]
  0x0000023ebc324b90 JavaThread "File watcher server" daemon [_thread_in_native, id=212, stack(0x000000ac0ca00000,0x000000ac0cb00000)]
  0x0000023ebc325530 JavaThread "File watcher consumer" daemon [_thread_blocked, id=2656, stack(0x000000ac0cb00000,0x000000ac0cc00000)]
  0x0000023ebc323d20 JavaThread "jar transforms" [_thread_blocked, id=6944, stack(0x000000ac0cc00000,0x000000ac0cd00000)]
  0x0000023ebc322510 JavaThread "jar transforms Thread 2" [_thread_blocked, id=10468, stack(0x000000ac0cd00000,0x000000ac0ce00000)]
  0x0000023ebc3229e0 JavaThread "jar transforms Thread 3" [_thread_blocked, id=5388, stack(0x000000ac0ce00000,0x000000ac0cf00000)]
  0x0000023ec0400720 JavaThread "jar transforms Thread 4" [_thread_blocked, id=10868, stack(0x000000ac0cf00000,0x000000ac0d000000)]
  0x0000023ec03fbef0 JavaThread "Cache worker for checksums cache (C:\Users\NICOLAS\Documents\AndroidStudio\RedSocial\.gradle\8.0\checksums)" [_thread_blocked, id=6068, stack(0x000000ac0d000000,0x000000ac0d100000)]
  0x0000023ec03fa6e0 JavaThread "Cache worker for cache directory md-rule (C:\Users\NICOLAS\.gradle\caches\8.0\md-rule)" [_thread_blocked, id=1320, stack(0x000000ac0d100000,0x000000ac0d200000)]
  0x0000023ec03fba20 JavaThread "Cache worker for file content cache (C:\Users\NICOLAS\.gradle\caches\8.0\fileContent)" [_thread_blocked, id=3356, stack(0x000000ac0d200000,0x000000ac0d300000)]
  0x0000023ec03fc3c0 JavaThread "Cache worker for file hash cache (C:\Users\NICOLAS\Documents\AndroidStudio\RedSocial\.gradle\8.0\fileHashes)" [_thread_blocked, id=11296, stack(0x000000ac0d300000,0x000000ac0d400000)]
  0x0000023ec03fb550 JavaThread "Cache worker for cache directory md-supplier (C:\Users\NICOLAS\.gradle\caches\8.0\md-supplier)" [_thread_blocked, id=10848, stack(0x000000ac0d400000,0x000000ac0d500000)]
  0x0000023ec03fc890 JavaThread "Cache worker for execution history cache (C:\Users\NICOLAS\.gradle\caches\8.0\executionHistory)" [_thread_blocked, id=3100, stack(0x000000ac0d500000,0x000000ac0d600000)]
  0x0000023ec03fd700 JavaThread "Cache worker for kotlin-dsl (C:\Users\NICOLAS\.gradle\caches\8.0\kotlin-dsl)" [_thread_blocked, id=12344, stack(0x000000ac0d600000,0x000000ac0d700000)]
  0x0000023ec03fe0a0 JavaThread "Cache worker for dependencies-accessors (C:\Users\NICOLAS\Documents\AndroidStudio\RedSocial\.gradle\8.0\dependencies-accessors)" [_thread_blocked, id=11516, stack(0x000000ac0d700000,0x000000ac0d800000)]
  0x0000023ec03fe570 JavaThread "Cache worker for Build Output Cleanup Cache (C:\Users\NICOLAS\Documents\AndroidStudio\RedSocial\.gradle\buildOutputCleanup)" [_thread_blocked, id=9864, stack(0x000000ac0d800000,0x000000ac0d900000)]
  0x0000023ec0400250 JavaThread "Unconstrained build operations" [_thread_blocked, id=4580, stack(0x000000ac0d900000,0x000000ac0da00000)]
  0x0000023ec03fef10 JavaThread "Unconstrained build operations Thread 2" [_thread_blocked, id=10276, stack(0x000000ac0da00000,0x000000ac0db00000)]
  0x0000023ec03fb080 JavaThread "Unconstrained build operations Thread 3" [_thread_blocked, id=5020, stack(0x000000ac0db00000,0x000000ac0dc00000)]
  0x0000023ec03fea40 JavaThread "Unconstrained build operations Thread 4" [_thread_blocked, id=8248, stack(0x000000ac0dc00000,0x000000ac0dd00000)]
  0x0000023ec0401f30 JavaThread "Unconstrained build operations Thread 5" [_thread_blocked, id=10256, stack(0x000000ac0dd00000,0x000000ac0de00000)]
  0x0000023ec03ff3e0 JavaThread "Unconstrained build operations Thread 6" [_thread_blocked, id=4824, stack(0x000000ac0de00000,0x000000ac0df00000)]
  0x0000023ec0400bf0 JavaThread "Unconstrained build operations Thread 7" [_thread_blocked, id=10380, stack(0x000000ac0df00000,0x000000ac0e000000)]
  0x0000023ec0401590 JavaThread "Unconstrained build operations Thread 8" [_thread_blocked, id=12436, stack(0x000000ac0e000000,0x000000ac0e100000)]
  0x0000023ec0401a60 JavaThread "Unconstrained build operations Thread 9" [_thread_blocked, id=8940, stack(0x000000ac0e100000,0x000000ac0e200000)]
  0x0000023ec03fabb0 JavaThread "Unconstrained build operations Thread 10" [_thread_blocked, id=11908, stack(0x000000ac0e200000,0x000000ac0e300000)]
  0x0000023ebc53a4d0 JavaThread "Unconstrained build operations Thread 11" [_thread_blocked, id=8020, stack(0x000000ac0e300000,0x000000ac0e400000)]
  0x0000023ebc53f6a0 JavaThread "Unconstrained build operations Thread 12" [_thread_blocked, id=7600, stack(0x000000ac0e400000,0x000000ac0e500000)]
  0x0000023ebc53c1b0 JavaThread "Unconstrained build operations Thread 13" [_thread_blocked, id=10888, stack(0x000000ac0e500000,0x000000ac0e600000)]
  0x0000023ebc53c680 JavaThread "Unconstrained build operations Thread 14" [_thread_blocked, id=10556, stack(0x000000ac0e600000,0x000000ac0e700000)]
  0x0000023ebc53ae70 JavaThread "Unconstrained build operations Thread 15" [_thread_blocked, id=9796, stack(0x000000ac0e700000,0x000000ac0e800000)]
  0x0000023ebc538cc0 JavaThread "Unconstrained build operations Thread 16" [_thread_blocked, id=12292, stack(0x000000ac0e800000,0x000000ac0e900000)]
  0x0000023ebc53ed00 JavaThread "Unconstrained build operations Thread 17" [_thread_blocked, id=12996, stack(0x000000ac0e900000,0x000000ac0ea00000)]
  0x0000023ebc53b340 JavaThread "Unconstrained build operations Thread 18" [_thread_blocked, id=9760, stack(0x000000ac0ea00000,0x000000ac0eb00000)]
  0x0000023ebc53a9a0 JavaThread "Unconstrained build operations Thread 19" [_thread_blocked, id=6116, stack(0x000000ac0eb00000,0x000000ac0ec00000)]
  0x0000023ebc53d020 JavaThread "Unconstrained build operations Thread 20" [_thread_blocked, id=4836, stack(0x000000ac0ec00000,0x000000ac0ed00000)]
  0x0000023ebc53d9c0 JavaThread "Unconstrained build operations Thread 21" [_thread_blocked, id=9844, stack(0x000000ac0ed00000,0x000000ac0ee00000)]
  0x0000023ebc53de90 JavaThread "Unconstrained build operations Thread 22" [_thread_blocked, id=5924, stack(0x000000ac0ee00000,0x000000ac0ef00000)]
  0x0000023ebc539190 JavaThread "Unconstrained build operations Thread 23" [_thread_blocked, id=12044, stack(0x000000ac0ef00000,0x000000ac0f000000)]
  0x0000023ebc5387f0 JavaThread "Unconstrained build operations Thread 24" [_thread_blocked, id=5796, stack(0x000000ac0f000000,0x000000ac0f100000)]
  0x0000023ebc53b810 JavaThread "Unconstrained build operations Thread 25" [_thread_blocked, id=5788, stack(0x000000ac0f100000,0x000000ac0f200000)]
  0x0000023ebc53f1d0 JavaThread "Unconstrained build operations Thread 26" [_thread_blocked, id=7196, stack(0x000000ac0f200000,0x000000ac0f300000)]
  0x0000023ebc53e830 JavaThread "Unconstrained build operations Thread 27" [_thread_blocked, id=7976, stack(0x000000ac0f300000,0x000000ac0f400000)]
  0x0000023ebc53e360 JavaThread "Unconstrained build operations Thread 28" [_thread_blocked, id=10328, stack(0x000000ac0f400000,0x000000ac0f500000)]
  0x0000023ebc53a000 JavaThread "Unconstrained build operations Thread 29" [_thread_blocked, id=11668, stack(0x000000ac0f500000,0x000000ac0f600000)]
  0x0000023ebc53bce0 JavaThread "Unconstrained build operations Thread 30" [_thread_blocked, id=8196, stack(0x000000ac0f600000,0x000000ac0f700000)]
  0x0000023ebc53cb50 JavaThread "Unconstrained build operations Thread 31" [_thread_blocked, id=12380, stack(0x000000ac0f700000,0x000000ac0f800000)]
  0x0000023ebc53d4f0 JavaThread "Unconstrained build operations Thread 32" [_thread_blocked, id=12016, stack(0x000000ac0f800000,0x000000ac0f900000)]
  0x0000023ebc537e50 JavaThread "Unconstrained build operations Thread 33" [_thread_blocked, id=4172, stack(0x000000ac0f900000,0x000000ac0fa00000)]
  0x0000023ebc538320 JavaThread "Unconstrained build operations Thread 34" [_thread_blocked, id=12808, stack(0x000000ac0fa00000,0x000000ac0fb00000)]
  0x0000023ebc539660 JavaThread "Unconstrained build operations Thread 35" [_thread_blocked, id=6156, stack(0x000000ac0fb00000,0x000000ac0fc00000)]
  0x0000023ebc539b30 JavaThread "Unconstrained build operations Thread 36" [_thread_blocked, id=2448, stack(0x000000ac0fc00000,0x000000ac0fd00000)]
  0x0000023ebe89fb90 JavaThread "Unconstrained build operations Thread 37" [_thread_blocked, id=2176, stack(0x000000ac0fd00000,0x000000ac0fe00000)]
  0x0000023ebe89b360 JavaThread "Unconstrained build operations Thread 38" [_thread_blocked, id=3584, stack(0x000000ac0fe00000,0x000000ac0ff00000)]
  0x0000023ebe8a13a0 JavaThread "Unconstrained build operations Thread 39" [_thread_blocked, id=6880, stack(0x000000ac0ff00000,0x000000ac10000000)]
  0x0000023ebe89b830 JavaThread "Unconstrained build operations Thread 40" [_thread_blocked, id=6300, stack(0x000000ac10000000,0x000000ac10100000)]
  0x0000023ebe89f6c0 JavaThread "Memory manager" [_thread_blocked, id=7412, stack(0x000000ac10100000,0x000000ac10200000)]

Other Threads:
=>0x0000023ebb3ccfc0 VMThread "VM Thread" [stack: 0x000000ac0ad00000,0x000000ac0ae00000] [id=13288]
  0x0000023ebc1821b0 WatcherThread [stack: 0x000000ac0b900000,0x000000ac0ba00000] [id=3828]
  0x0000023ea1e6d690 GCTaskThread "GC Thread#0" [stack: 0x000000ac0a800000,0x000000ac0a900000] [id=12896]
  0x0000023ebc32bbb0 GCTaskThread "GC Thread#1" [stack: 0x000000ac0ba00000,0x000000ac0bb00000] [id=11996]
  0x0000023ebc32a630 GCTaskThread "GC Thread#2" [stack: 0x000000ac0bb00000,0x000000ac0bc00000] [id=4924]
  0x0000023ebc32a8e0 GCTaskThread "GC Thread#3" [stack: 0x000000ac0bc00000,0x000000ac0bd00000] [id=9600]
  0x0000023ea1e7ed50 ConcurrentGCThread "G1 Main Marker" [stack: 0x000000ac0a900000,0x000000ac0aa00000] [id=9524]
  0x0000023ea1e7f740 ConcurrentGCThread "G1 Conc#0" [stack: 0x000000ac0aa00000,0x000000ac0ab00000] [id=6136]
  0x0000023ea1ed23c0 ConcurrentGCThread "G1 Refine#0" [stack: 0x000000ac0ab00000,0x000000ac0ac00000] [id=13152]
  0x0000023ea1ed2cf0 ConcurrentGCThread "G1 Service" [stack: 0x000000ac0ac00000,0x000000ac0ad00000] [id=10660]

Threads with active compile tasks:

VM state: at safepoint (normal execution)

VM Mutex/Monitor currently owned by a thread:  ([mutex/lock_event])
[0x0000023ea1e0c7d0] Threads_lock - owner thread: 0x0000023ebb3ccfc0
[0x0000023ea1e0c1a0] Heap_lock - owner thread: 0x0000023ebd166f30

Heap address: 0x0000000080000000, size: 2048 MB, Compressed Oops mode: 32-bit

CDS archive(s) not mapped
Compressed class space mapped at: 0x0000000100000000-0x0000000140000000, reserved size: 1073741824
Narrow klass base: 0x0000000000000000, Narrow klass shift: 3, Narrow klass range: 0x140000000

GC Precious Log:
 CPUs: 4 total, 4 available
 Memory: 3971M
 Large Page Support: Disabled
 NUMA Support: Disabled
 Compressed Oops: Enabled (32-bit)
 Heap Region Size: 1M
 Heap Min Capacity: 8M
 Heap Initial Capacity: 64M
 Heap Max Capacity: 2G
 Pre-touch: Disabled
 Parallel Workers: 4
 Concurrent Workers: 1
 Concurrent Refinement Workers: 4
 Periodic GC: Disabled

Heap:
 garbage-first heap   total 197632K, used 97736K [0x0000000080000000, 0x0000000100000000)
  region size 1024K, 4 young (4096K), 4 survivors (4096K)
 Metaspace       used 85340K, committed 86016K, reserved 1130496K
  class space    used 11560K, committed 11904K, reserved 1048576K

Heap Regions: E=young(eden), S=young(survivor), O=old, HS=humongous(starts), HC=humongous(continues), CS=collection set, F=free, OA=open archive, CA=closed archive, TAMS=top-at-mark-start (previous, next)
|   0|0x0000000080000000, 0x0000000080100000, 0x0000000080100000|100%| O|  |TAMS 0x0000000080100000, 0x0000000080100000| Untracked 
|   1|0x0000000080100000, 0x0000000080200000, 0x0000000080200000|100%| O|  |TAMS 0x0000000080200000, 0x0000000080200000| Untracked 
|   2|0x0000000080200000, 0x0000000080300000, 0x0000000080300000|100%|HS|  |TAMS 0x0000000080300000, 0x0000000080300000| Complete 
|   3|0x0000000080300000, 0x0000000080400000, 0x0000000080400000|100%|HC|  |TAMS 0x0000000080400000, 0x0000000080400000| Complete 
|   4|0x0000000080400000, 0x0000000080500000, 0x0000000080500000|100%|HC|  |TAMS 0x0000000080500000, 0x0000000080500000| Complete 
|   5|0x0000000080500000, 0x0000000080600000, 0x0000000080600000|100%|HC|  |TAMS 0x0000000080600000, 0x0000000080600000| Complete 
|   6|0x0000000080600000, 0x0000000080700000, 0x0000000080700000|100%| O|  |TAMS 0x0000000080700000, 0x0000000080700000| Untracked 
|   7|0x0000000080700000, 0x0000000080800000, 0x0000000080800000|100%| O|  |TAMS 0x0000000080800000, 0x0000000080800000| Untracked 
|   8|0x0000000080800000, 0x0000000080900000, 0x0000000080900000|100%| O|  |TAMS 0x0000000080900000, 0x0000000080900000| Untracked 
|   9|0x0000000080900000, 0x0000000080a00000, 0x0000000080a00000|100%| O|  |TAMS 0x0000000080a00000, 0x0000000080a00000| Untracked 
|  10|0x0000000080a00000, 0x0000000080b00000, 0x0000000080b00000|100%| O|  |TAMS 0x0000000080b00000, 0x0000000080b00000| Untracked 
|  11|0x0000000080b00000, 0x0000000080c00000, 0x0000000080c00000|100%| O|  |TAMS 0x0000000080c00000, 0x0000000080c00000| Untracked 
|  12|0x0000000080c00000, 0x0000000080d00000, 0x0000000080d00000|100%| O|  |TAMS 0x0000000080d00000, 0x0000000080d00000| Untracked 
|  13|0x0000000080d00000, 0x0000000080e00000, 0x0000000080e00000|100%| O|  |TAMS 0x0000000080e00000, 0x0000000080e00000| Untracked 
|  14|0x0000000080e00000, 0x0000000080f00000, 0x0000000080f00000|100%| O|  |TAMS 0x0000000080f00000, 0x0000000080f00000| Untracked 
|  15|0x0000000080f00000, 0x0000000081000000, 0x0000000081000000|100%| O|  |TAMS 0x0000000081000000, 0x0000000081000000| Untracked 
|  16|0x0000000081000000, 0x0000000081100000, 0x0000000081100000|100%| O|  |TAMS 0x0000000081100000, 0x0000000081100000| Untracked 
|  17|0x0000000081100000, 0x0000000081200000, 0x0000000081200000|100%| O|  |TAMS 0x0000000081200000, 0x0000000081200000| Untracked 
|  18|0x0000000081200000, 0x0000000081300000, 0x0000000081300000|100%| O|  |TAMS 0x0000000081300000, 0x0000000081300000| Untracked 
|  19|0x0000000081300000, 0x0000000081400000, 0x0000000081400000|100%| O|  |TAMS 0x0000000081400000, 0x0000000081400000| Untracked 
|  20|0x0000000081400000, 0x0000000081500000, 0x0000000081500000|100%| O|  |TAMS 0x0000000081500000, 0x0000000081500000| Untracked 
|  21|0x0000000081500000, 0x0000000081600000, 0x0000000081600000|100%|HS|  |TAMS 0x0000000081600000, 0x0000000081600000| Complete 
|  22|0x0000000081600000, 0x0000000081700000, 0x0000000081700000|100%|HC|  |TAMS 0x0000000081700000, 0x0000000081700000| Complete 
|  23|0x0000000081700000, 0x0000000081800000, 0x0000000081800000|100%|HS|  |TAMS 0x0000000081800000, 0x0000000081800000| Complete 
|  24|0x0000000081800000, 0x0000000081900000, 0x0000000081900000|100%|HC|  |TAMS 0x0000000081900000, 0x0000000081900000| Complete 
|  25|0x0000000081900000, 0x0000000081a00000, 0x0000000081a00000|100%|HC|  |TAMS 0x0000000081a00000, 0x0000000081a00000| Complete 
|  26|0x0000000081a00000, 0x0000000081b00000, 0x0000000081b00000|100%|HS|  |TAMS 0x0000000081b00000, 0x0000000081b00000| Complete 
|  27|0x0000000081b00000, 0x0000000081c00000, 0x0000000081c00000|100%|HC|  |TAMS 0x0000000081c00000, 0x0000000081c00000| Complete 
|  28|0x0000000081c00000, 0x0000000081d00000, 0x0000000081d00000|100%|HC|  |TAMS 0x0000000081d00000, 0x0000000081d00000| Complete 
|  29|0x0000000081d00000, 0x0000000081e00000, 0x0000000081e00000|100%| O|  |TAMS 0x0000000081e00000, 0x0000000081e00000| Untracked 
|  30|0x0000000081e00000, 0x0000000081f00000, 0x0000000081f00000|100%| O|  |TAMS 0x0000000081f00000, 0x0000000081f00000| Untracked 
|  31|0x0000000081f00000, 0x0000000082000000, 0x0000000082000000|100%| O|  |TAMS 0x0000000082000000, 0x0000000082000000| Untracked 
|  32|0x0000000082000000, 0x0000000082100000, 0x0000000082100000|100%|HS|  |TAMS 0x0000000082100000, 0x0000000082100000| Complete 
|  33|0x0000000082100000, 0x0000000082200000, 0x0000000082200000|100%|HC|  |TAMS 0x0000000082200000, 0x0000000082200000| Complete 
|  34|0x0000000082200000, 0x0000000082300000, 0x0000000082300000|100%|HC|  |TAMS 0x0000000082300000, 0x0000000082300000| Complete 
|  35|0x0000000082300000, 0x0000000082400000, 0x0000000082400000|100%|HC|  |TAMS 0x0000000082400000, 0x0000000082400000| Complete 
|  36|0x0000000082400000, 0x0000000082500000, 0x0000000082500000|100%|HC|  |TAMS 0x0000000082500000, 0x0000000082500000| Complete 
|  37|0x0000000082500000, 0x0000000082600000, 0x0000000082600000|100%|HC|  |TAMS 0x0000000082600000, 0x0000000082600000| Complete 
|  38|0x0000000082600000, 0x0000000082700000, 0x0000000082700000|100%|HC|  |TAMS 0x0000000082700000, 0x0000000082700000| Complete 
|  39|0x0000000082700000, 0x0000000082800000, 0x0000000082800000|100%|HC|  |TAMS 0x0000000082800000, 0x0000000082800000| Complete 
|  40|0x0000000082800000, 0x0000000082900000, 0x0000000082900000|100%|HC|  |TAMS 0x0000000082900000, 0x0000000082900000| Complete 
|  41|0x0000000082900000, 0x0000000082a00000, 0x0000000082a00000|100%|HC|  |TAMS 0x0000000082a00000, 0x0000000082a00000| Complete 
|  42|0x0000000082a00000, 0x0000000082b00000, 0x0000000082b00000|100%|HC|  |TAMS 0x0000000082b00000, 0x0000000082b00000| Complete 
|  43|0x0000000082b00000, 0x0000000082c00000, 0x0000000082c00000|100%|HC|  |TAMS 0x0000000082c00000, 0x0000000082c00000| Complete 
|  44|0x0000000082c00000, 0x0000000082d00000, 0x0000000082d00000|100%|HS|  |TAMS 0x0000000082d00000, 0x0000000082d00000| Complete 
|  45|0x0000000082d00000, 0x0000000082e00000, 0x0000000082e00000|100%|HC|  |TAMS 0x0000000082e00000, 0x0000000082e00000| Complete 
|  46|0x0000000082e00000, 0x0000000082f00000, 0x0000000082f00000|100%| O|  |TAMS 0x0000000082f00000, 0x0000000082f00000| Untracked 
|  47|0x0000000082f00000, 0x0000000083000000, 0x0000000083000000|100%| O|  |TAMS 0x0000000083000000, 0x0000000083000000| Untracked 
|  48|0x0000000083000000, 0x0000000083100000, 0x0000000083100000|100%| O|  |TAMS 0x0000000083100000, 0x0000000083100000| Untracked 
|  49|0x0000000083100000, 0x0000000083200000, 0x0000000083200000|100%|HS|  |TAMS 0x0000000083100000, 0x0000000083200000| Complete 
|  50|0x0000000083200000, 0x0000000083300000, 0x0000000083300000|100%| O|  |TAMS 0x0000000083200000, 0x0000000083300000| Untracked 
|  51|0x0000000083300000, 0x0000000083400000, 0x0000000083400000|100%| O|  |TAMS 0x0000000083400000, 0x0000000083400000| Untracked 
|  52|0x0000000083400000, 0x0000000083500000, 0x0000000083500000|100%| O|  |TAMS 0x0000000083500000, 0x0000000083500000| Untracked 
|  53|0x0000000083500000, 0x0000000083600000, 0x0000000083600000|100%| O|  |TAMS 0x0000000083600000, 0x0000000083600000| Untracked 
|  54|0x0000000083600000, 0x0000000083700000, 0x0000000083700000|100%| O|  |TAMS 0x0000000083700000, 0x0000000083700000| Untracked 
|  55|0x0000000083700000, 0x0000000083800000, 0x0000000083800000|100%| O|  |TAMS 0x0000000083800000, 0x0000000083800000| Untracked 
|  56|0x0000000083800000, 0x0000000083900000, 0x0000000083900000|100%|HS|  |TAMS 0x0000000083900000, 0x0000000083900000| Complete 
|  57|0x0000000083900000, 0x0000000083a00000, 0x0000000083a00000|100%|HC|  |TAMS 0x0000000083a00000, 0x0000000083a00000| Complete 
|  58|0x0000000083a00000, 0x0000000083b00000, 0x0000000083b00000|100%|HC|  |TAMS 0x0000000083b00000, 0x0000000083b00000| Complete 
|  59|0x0000000083b00000, 0x0000000083c00000, 0x0000000083c00000|100%|HS|  |TAMS 0x0000000083c00000, 0x0000000083c00000| Complete 
|  60|0x0000000083c00000, 0x0000000083d00000, 0x0000000083d00000|100%|HC|  |TAMS 0x0000000083d00000, 0x0000000083d00000| Complete 
|  61|0x0000000083d00000, 0x0000000083e00000, 0x0000000083e00000|100%|HC|  |TAMS 0x0000000083e00000, 0x0000000083e00000| Complete 
|  62|0x0000000083e00000, 0x0000000083f00000, 0x0000000083f00000|100%| O|  |TAMS 0x0000000083f00000, 0x0000000083f00000| Untracked 
|  63|0x0000000083f00000, 0x0000000084000000, 0x0000000084000000|100%| O|  |TAMS 0x0000000084000000, 0x0000000084000000| Untracked 
|  64|0x0000000084000000, 0x0000000084100000, 0x0000000084100000|100%| O|  |TAMS 0x0000000084100000, 0x0000000084100000| Untracked 
|  65|0x0000000084100000, 0x0000000084200000, 0x0000000084200000|100%| O|  |TAMS 0x0000000084200000, 0x0000000084200000| Untracked 
|  66|0x0000000084200000, 0x0000000084300000, 0x0000000084300000|100%| O|  |TAMS 0x0000000084300000, 0x0000000084300000| Untracked 
|  67|0x0000000084300000, 0x0000000084400000, 0x0000000084400000|100%| O|  |TAMS 0x0000000084400000, 0x0000000084400000| Untracked 
|  68|0x0000000084400000, 0x0000000084500000, 0x0000000084500000|100%| O|  |TAMS 0x0000000084434800, 0x0000000084500000| Untracked 
|  69|0x0000000084500000, 0x0000000084600000, 0x0000000084600000|100%| O|  |TAMS 0x0000000084500000, 0x0000000084600000| Untracked 
|  70|0x0000000084600000, 0x0000000084700000, 0x0000000084700000|100%| O|  |TAMS 0x0000000084600000, 0x0000000084700000| Untracked 
|  71|0x0000000084700000, 0x0000000084800000, 0x0000000084800000|100%| O|  |TAMS 0x0000000084700000, 0x0000000084800000| Untracked 
|  72|0x0000000084800000, 0x0000000084900000, 0x0000000084900000|100%| O|  |TAMS 0x0000000084800000, 0x0000000084900000| Untracked 
|  73|0x0000000084900000, 0x0000000084a00000, 0x0000000084a00000|100%|HS|  |TAMS 0x0000000084900000, 0x0000000084a00000| Complete 
|  74|0x0000000084a00000, 0x0000000084b00000, 0x0000000084b00000|100%|HS|  |TAMS 0x0000000084a00000, 0x0000000084b00000| Complete 
|  75|0x0000000084b00000, 0x0000000084c00000, 0x0000000084c00000|100%|HS|  |TAMS 0x0000000084b00000, 0x0000000084c00000| Complete 
|  76|0x0000000084c00000, 0x0000000084d00000, 0x0000000084d00000|100%|HC|  |TAMS 0x0000000084c00000, 0x0000000084d00000| Complete 
|  77|0x0000000084d00000, 0x0000000084e00000, 0x0000000084e00000|100%|HC|  |TAMS 0x0000000084d00000, 0x0000000084e00000| Complete 
|  78|0x0000000084e00000, 0x0000000084f00000, 0x0000000084f00000|100%|HC|  |TAMS 0x0000000084e00000, 0x0000000084f00000| Complete 
|  79|0x0000000084f00000, 0x0000000085000000, 0x0000000085000000|100%| O|  |TAMS 0x0000000084f00000, 0x0000000084f00000| Untracked 
|  80|0x0000000085000000, 0x0000000085100000, 0x0000000085100000|100%| O|  |TAMS 0x0000000085000000, 0x0000000085100000| Untracked 
|  81|0x0000000085100000, 0x0000000085200000, 0x0000000085200000|100%| O|  |TAMS 0x0000000085100000, 0x0000000085200000| Untracked 
|  82|0x0000000085200000, 0x0000000085300000, 0x0000000085300000|100%| O|  |TAMS 0x0000000085200000, 0x0000000085300000| Untracked 
|  83|0x0000000085300000, 0x0000000085400000, 0x0000000085400000|100%| O|  |TAMS 0x0000000085300000, 0x0000000085400000| Untracked 
|  84|0x0000000085400000, 0x0000000085500000, 0x0000000085500000|100%| O|  |TAMS 0x0000000085400000, 0x0000000085500000| Untracked 
|  85|0x0000000085500000, 0x0000000085600000, 0x0000000085600000|100%| O|  |TAMS 0x0000000085500000, 0x0000000085600000| Untracked 
|  86|0x0000000085600000, 0x0000000085700000, 0x0000000085700000|100%| O|  |TAMS 0x0000000085600000, 0x0000000085700000| Untracked 
|  87|0x0000000085700000, 0x0000000085800000, 0x0000000085800000|100%| O|  |TAMS 0x0000000085700000, 0x0000000085800000| Untracked 
|  88|0x0000000085800000, 0x0000000085900000, 0x0000000085900000|100%| O|  |TAMS 0x0000000085800000, 0x00000000858dd800| Untracked 
|  89|0x0000000085900000, 0x0000000085a00000, 0x0000000085a00000|100%| O|  |TAMS 0x0000000085900000, 0x0000000085900000| Untracked 
|  90|0x0000000085a00000, 0x0000000085b00000, 0x0000000085b00000|100%| O|  |TAMS 0x0000000085a00000, 0x0000000085a00000| Untracked 
|  91|0x0000000085b00000, 0x0000000085b92400, 0x0000000085c00000| 57%| O|  |TAMS 0x0000000085b00000, 0x0000000085b00000| Untracked 
|  92|0x0000000085c00000, 0x0000000085c00000, 0x0000000085d00000|  0%| F|  |TAMS 0x0000000085c00000, 0x0000000085c00000| Untracked 
|  93|0x0000000085d00000, 0x0000000085d00000, 0x0000000085e00000|  0%| F|  |TAMS 0x0000000085d00000, 0x0000000085d00000| Untracked 
|  94|0x0000000085e00000, 0x0000000085e00000, 0x0000000085f00000|  0%| F|  |TAMS 0x0000000085e00000, 0x0000000085e00000| Untracked 
|  95|0x0000000085f00000, 0x0000000085f00000, 0x0000000086000000|  0%| F|  |TAMS 0x0000000085f00000, 0x0000000085f00000| Untracked 
|  96|0x0000000086000000, 0x0000000086000000, 0x0000000086100000|  0%| F|  |TAMS 0x0000000086000000, 0x0000000086000000| Untracked 
|  97|0x0000000086100000, 0x0000000086100000, 0x0000000086200000|  0%| F|  |TAMS 0x0000000086100000, 0x0000000086100000| Untracked 
|  98|0x0000000086200000, 0x0000000086200000, 0x0000000086300000|  0%| F|  |TAMS 0x0000000086200000, 0x0000000086200000| Untracked 
|  99|0x0000000086300000, 0x0000000086300000, 0x0000000086400000|  0%| F|  |TAMS 0x0000000086300000, 0x0000000086300000| Untracked 
| 100|0x0000000086400000, 0x0000000086400000, 0x0000000086500000|  0%| F|  |TAMS 0x0000000086400000, 0x0000000086400000| Untracked 
| 101|0x0000000086500000, 0x0000000086500000, 0x0000000086600000|  0%| F|  |TAMS 0x0000000086500000, 0x0000000086500000| Untracked 
| 102|0x0000000086600000, 0x0000000086600000, 0x0000000086700000|  0%| F|  |TAMS 0x0000000086600000, 0x0000000086600000| Untracked 
| 103|0x0000000086700000, 0x0000000086700000, 0x0000000086800000|  0%| F|  |TAMS 0x0000000086700000, 0x0000000086700000| Untracked 
| 104|0x0000000086800000, 0x0000000086800000, 0x0000000086900000|  0%| F|  |TAMS 0x0000000086800000, 0x0000000086800000| Untracked 
| 105|0x0000000086900000, 0x0000000086900000, 0x0000000086a00000|  0%| F|  |TAMS 0x0000000086900000, 0x0000000086900000| Untracked 
| 106|0x0000000086a00000, 0x0000000086a00000, 0x0000000086b00000|  0%| F|  |TAMS 0x0000000086a00000, 0x0000000086a00000| Untracked 
| 107|0x0000000086b00000, 0x0000000086b00000, 0x0000000086c00000|  0%| F|  |TAMS 0x0000000086b00000, 0x0000000086b00000| Untracked 
| 108|0x0000000086c00000, 0x0000000086c00000, 0x0000000086d00000|  0%| F|  |TAMS 0x0000000086c00000, 0x0000000086c00000| Untracked 
| 109|0x0000000086d00000, 0x0000000086d00000, 0x0000000086e00000|  0%| F|  |TAMS 0x0000000086d00000, 0x0000000086d00000| Untracked 
| 110|0x0000000086e00000, 0x0000000086e00000, 0x0000000086f00000|  0%| F|  |TAMS 0x0000000086e00000, 0x0000000086e00000| Untracked 
| 111|0x0000000086f00000, 0x0000000086f00000, 0x0000000087000000|  0%| F|  |TAMS 0x0000000086f00000, 0x0000000086f00000| Untracked 
| 112|0x0000000087000000, 0x0000000087000000, 0x0000000087100000|  0%| F|  |TAMS 0x0000000087000000, 0x0000000087000000| Untracked 
| 113|0x0000000087100000, 0x0000000087100000, 0x0000000087200000|  0%| F|  |TAMS 0x0000000087100000, 0x0000000087100000| Untracked 
| 114|0x0000000087200000, 0x0000000087200000, 0x0000000087300000|  0%| F|  |TAMS 0x0000000087200000, 0x0000000087200000| Untracked 
| 115|0x0000000087300000, 0x0000000087300000, 0x0000000087400000|  0%| F|  |TAMS 0x0000000087300000, 0x0000000087300000| Untracked 
| 116|0x0000000087400000, 0x0000000087400000, 0x0000000087500000|  0%| F|  |TAMS 0x0000000087400000, 0x0000000087400000| Untracked 
| 117|0x0000000087500000, 0x0000000087500000, 0x0000000087600000|  0%| F|  |TAMS 0x0000000087500000, 0x0000000087500000| Untracked 
| 118|0x0000000087600000, 0x0000000087600000, 0x0000000087700000|  0%| F|  |TAMS 0x0000000087600000, 0x0000000087600000| Untracked 
| 119|0x0000000087700000, 0x0000000087700000, 0x0000000087800000|  0%| F|  |TAMS 0x0000000087700000, 0x0000000087700000| Untracked 
| 120|0x0000000087800000, 0x0000000087800000, 0x0000000087900000|  0%| F|  |TAMS 0x0000000087800000, 0x0000000087800000| Untracked 
| 121|0x0000000087900000, 0x0000000087900000, 0x0000000087a00000|  0%| F|  |TAMS 0x0000000087900000, 0x0000000087900000| Untracked 
| 122|0x0000000087a00000, 0x0000000087a00000, 0x0000000087b00000|  0%| F|  |TAMS 0x0000000087a00000, 0x0000000087a00000| Untracked 
| 123|0x0000000087b00000, 0x0000000087b00000, 0x0000000087c00000|  0%| F|  |TAMS 0x0000000087b00000, 0x0000000087b00000| Untracked 
| 124|0x0000000087c00000, 0x0000000087c00000, 0x0000000087d00000|  0%| F|  |TAMS 0x0000000087c00000, 0x0000000087c00000| Untracked 
| 125|0x0000000087d00000, 0x0000000087d00000, 0x0000000087e00000|  0%| F|  |TAMS 0x0000000087d00000, 0x0000000087d00000| Untracked 
| 126|0x0000000087e00000, 0x0000000087e00000, 0x0000000087f00000|  0%| F|  |TAMS 0x0000000087e00000, 0x0000000087e00000| Untracked 
| 127|0x0000000087f00000, 0x0000000087f00000, 0x0000000088000000|  0%| F|  |TAMS 0x0000000087f00000, 0x0000000087f00000| Untracked 
| 128|0x0000000088000000, 0x0000000088000000, 0x0000000088100000|  0%| F|  |TAMS 0x0000000088000000, 0x0000000088000000| Untracked 
| 129|0x0000000088100000, 0x0000000088100000, 0x0000000088200000|  0%| F|  |TAMS 0x0000000088100000, 0x0000000088100000| Untracked 
| 130|0x0000000088200000, 0x0000000088200000, 0x0000000088300000|  0%| F|  |TAMS 0x0000000088200000, 0x0000000088200000| Untracked 
| 131|0x0000000088300000, 0x0000000088300000, 0x0000000088400000|  0%| F|  |TAMS 0x0000000088300000, 0x0000000088300000| Untracked 
| 132|0x0000000088400000, 0x0000000088400000, 0x0000000088500000|  0%| F|  |TAMS 0x0000000088400000, 0x0000000088400000| Untracked 
| 133|0x0000000088500000, 0x0000000088500000, 0x0000000088600000|  0%| F|  |TAMS 0x0000000088500000, 0x0000000088500000| Untracked 
| 134|0x0000000088600000, 0x0000000088600000, 0x0000000088700000|  0%| F|  |TAMS 0x0000000088600000, 0x0000000088600000| Untracked 
| 135|0x0000000088700000, 0x0000000088700000, 0x0000000088800000|  0%| F|  |TAMS 0x0000000088700000, 0x0000000088700000| Untracked 
| 136|0x0000000088800000, 0x0000000088800000, 0x0000000088900000|  0%| F|  |TAMS 0x0000000088800000, 0x0000000088800000| Untracked 
| 137|0x0000000088900000, 0x0000000088900000, 0x0000000088a00000|  0%| F|  |TAMS 0x0000000088900000, 0x0000000088900000| Untracked 
| 138|0x0000000088a00000, 0x0000000088a00000, 0x0000000088b00000|  0%| F|  |TAMS 0x0000000088a00000, 0x0000000088a00000| Untracked 
| 139|0x0000000088b00000, 0x0000000088b00000, 0x0000000088c00000|  0%| F|  |TAMS 0x0000000088b00000, 0x0000000088b00000| Untracked 
| 140|0x0000000088c00000, 0x0000000088c00000, 0x0000000088d00000|  0%| F|  |TAMS 0x0000000088c00000, 0x0000000088c00000| Untracked 
| 141|0x0000000088d00000, 0x0000000088d00000, 0x0000000088e00000|  0%| F|  |TAMS 0x0000000088d00000, 0x0000000088d00000| Untracked 
| 142|0x0000000088e00000, 0x0000000088e00000, 0x0000000088f00000|  0%| F|  |TAMS 0x0000000088e00000, 0x0000000088e00000| Untracked 
| 143|0x0000000088f00000, 0x0000000088f00000, 0x0000000089000000|  0%| F|  |TAMS 0x0000000088f00000, 0x0000000088f00000| Untracked 
| 144|0x0000000089000000, 0x0000000089000000, 0x0000000089100000|  0%| F|  |TAMS 0x0000000089000000, 0x0000000089000000| Untracked 
| 145|0x0000000089100000, 0x0000000089100000, 0x0000000089200000|  0%| F|  |TAMS 0x0000000089100000, 0x0000000089100000| Untracked 
| 146|0x0000000089200000, 0x0000000089200000, 0x0000000089300000|  0%| F|  |TAMS 0x0000000089200000, 0x0000000089200000| Untracked 
| 147|0x0000000089300000, 0x0000000089300000, 0x0000000089400000|  0%| F|  |TAMS 0x0000000089300000, 0x0000000089300000| Untracked 
| 148|0x0000000089400000, 0x0000000089400000, 0x0000000089500000|  0%| F|  |TAMS 0x0000000089400000, 0x0000000089400000| Untracked 
| 149|0x0000000089500000, 0x0000000089500000, 0x0000000089600000|  0%| F|  |TAMS 0x0000000089500000, 0x0000000089500000| Untracked 
| 150|0x0000000089600000, 0x0000000089600000, 0x0000000089700000|  0%| F|  |TAMS 0x0000000089600000, 0x0000000089600000| Untracked 
| 151|0x0000000089700000, 0x0000000089700000, 0x0000000089800000|  0%| F|  |TAMS 0x0000000089700000, 0x0000000089700000| Untracked 
| 152|0x0000000089800000, 0x0000000089800000, 0x0000000089900000|  0%| F|  |TAMS 0x0000000089800000, 0x0000000089800000| Untracked 
| 153|0x0000000089900000, 0x0000000089900000, 0x0000000089a00000|  0%| F|  |TAMS 0x0000000089900000, 0x0000000089900000| Untracked 
| 154|0x0000000089a00000, 0x0000000089a00000, 0x0000000089b00000|  0%| F|  |TAMS 0x0000000089a00000, 0x0000000089a00000| Untracked 
| 155|0x0000000089b00000, 0x0000000089b00000, 0x0000000089c00000|  0%| F|  |TAMS 0x0000000089b00000, 0x0000000089b00000| Untracked 
| 156|0x0000000089c00000, 0x0000000089c00000, 0x0000000089d00000|  0%| F|  |TAMS 0x0000000089c00000, 0x0000000089c00000| Untracked 
| 157|0x0000000089d00000, 0x0000000089d00000, 0x0000000089e00000|  0%| F|  |TAMS 0x0000000089d00000, 0x0000000089d00000| Untracked 
| 158|0x0000000089e00000, 0x0000000089e00000, 0x0000000089f00000|  0%| F|  |TAMS 0x0000000089e00000, 0x0000000089e00000| Untracked 
| 159|0x0000000089f00000, 0x0000000089f00000, 0x000000008a000000|  0%| F|  |TAMS 0x0000000089f00000, 0x0000000089f00000| Untracked 
| 160|0x000000008a000000, 0x000000008a000000, 0x000000008a100000|  0%| F|  |TAMS 0x000000008a000000, 0x000000008a000000| Untracked 
| 161|0x000000008a100000, 0x000000008a100000, 0x000000008a200000|  0%| F|  |TAMS 0x000000008a100000, 0x000000008a100000| Untracked 
| 162|0x000000008a200000, 0x000000008a200000, 0x000000008a300000|  0%| F|  |TAMS 0x000000008a200000, 0x000000008a200000| Untracked 
| 163|0x000000008a300000, 0x000000008a300000, 0x000000008a400000|  0%| F|  |TAMS 0x000000008a300000, 0x000000008a300000| Untracked 
| 164|0x000000008a400000, 0x000000008a400000, 0x000000008a500000|  0%| F|  |TAMS 0x000000008a400000, 0x000000008a400000| Untracked 
| 165|0x000000008a500000, 0x000000008a500000, 0x000000008a600000|  0%| F|  |TAMS 0x000000008a500000, 0x000000008a500000| Untracked 
| 166|0x000000008a600000, 0x000000008a600000, 0x000000008a700000|  0%| F|  |TAMS 0x000000008a600000, 0x000000008a600000| Untracked 
| 167|0x000000008a700000, 0x000000008a700000, 0x000000008a800000|  0%| F|  |TAMS 0x000000008a700000, 0x000000008a700000| Untracked 
| 168|0x000000008a800000, 0x000000008a800000, 0x000000008a900000|  0%| F|  |TAMS 0x000000008a800000, 0x000000008a800000| Untracked 
| 169|0x000000008a900000, 0x000000008a9dff38, 0x000000008aa00000| 87%| S|CS|TAMS 0x000000008a900000, 0x000000008a900000| Complete 
| 170|0x000000008aa00000, 0x000000008ab00000, 0x000000008ab00000|100%| S|CS|TAMS 0x000000008aa00000, 0x000000008aa00000| Complete 
| 171|0x000000008ab00000, 0x000000008ac00000, 0x000000008ac00000|100%| S|CS|TAMS 0x000000008ab00000, 0x000000008ab00000| Complete 
| 172|0x000000008ac00000, 0x000000008ad00000, 0x000000008ad00000|100%| S|CS|TAMS 0x000000008ac00000, 0x000000008ac00000| Complete 
| 173|0x000000008ad00000, 0x000000008ad00000, 0x000000008ae00000|  0%| F|  |TAMS 0x000000008ad00000, 0x000000008ad00000| Untracked 
| 174|0x000000008ae00000, 0x000000008ae00000, 0x000000008af00000|  0%| F|  |TAMS 0x000000008ae00000, 0x000000008ae00000| Untracked 
| 175|0x000000008af00000, 0x000000008af00000, 0x000000008b000000|  0%| F|  |TAMS 0x000000008af00000, 0x000000008af00000| Untracked 
| 176|0x000000008b000000, 0x000000008b000000, 0x000000008b100000|  0%| F|  |TAMS 0x000000008b000000, 0x000000008b000000| Untracked 
| 177|0x000000008b100000, 0x000000008b100000, 0x000000008b200000|  0%| F|  |TAMS 0x000000008b100000, 0x000000008b100000| Untracked 
| 178|0x000000008b200000, 0x000000008b200000, 0x000000008b300000|  0%| F|  |TAMS 0x000000008b200000, 0x000000008b200000| Untracked 
| 179|0x000000008b300000, 0x000000008b300000, 0x000000008b400000|  0%| F|  |TAMS 0x000000008b300000, 0x000000008b300000| Untracked 
| 180|0x000000008b400000, 0x000000008b400000, 0x000000008b500000|  0%| F|  |TAMS 0x000000008b400000, 0x000000008b400000| Untracked 
| 181|0x000000008b500000, 0x000000008b500000, 0x000000008b600000|  0%| F|  |TAMS 0x000000008b500000, 0x000000008b500000| Untracked 
| 182|0x000000008b600000, 0x000000008b600000, 0x000000008b700000|  0%| F|  |TAMS 0x000000008b600000, 0x000000008b600000| Untracked 
| 183|0x000000008b700000, 0x000000008b700000, 0x000000008b800000|  0%| F|  |TAMS 0x000000008b700000, 0x000000008b700000| Untracked 
| 184|0x000000008b800000, 0x000000008b800000, 0x000000008b900000|  0%| F|  |TAMS 0x000000008b800000, 0x000000008b800000| Untracked 
| 185|0x000000008b900000, 0x000000008b900000, 0x000000008ba00000|  0%| F|  |TAMS 0x000000008b900000, 0x000000008b900000| Untracked 
| 186|0x000000008ba00000, 0x000000008ba00000, 0x000000008bb00000|  0%| F|  |TAMS 0x000000008ba00000, 0x000000008ba00000| Untracked 
| 187|0x000000008bb00000, 0x000000008bb00000, 0x000000008bc00000|  0%| F|  |TAMS 0x000000008bb00000, 0x000000008bb00000| Untracked 
| 188|0x000000008bc00000, 0x000000008bc00000, 0x000000008bd00000|  0%| F|  |TAMS 0x000000008bc00000, 0x000000008bc00000| Untracked 
| 189|0x000000008bd00000, 0x000000008bd00000, 0x000000008be00000|  0%| F|  |TAMS 0x000000008bd00000, 0x000000008bd00000| Untracked 
| 190|0x000000008be00000, 0x000000008be00000, 0x000000008bf00000|  0%| F|  |TAMS 0x000000008be00000, 0x000000008be00000| Untracked 
| 191|0x000000008bf00000, 0x000000008bf00000, 0x000000008c000000|  0%| F|  |TAMS 0x000000008bf00000, 0x000000008bf00000| Untracked 
| 192|0x000000008c000000, 0x000000008c000000, 0x000000008c100000|  0%| F|  |TAMS 0x000000008c000000, 0x000000008c000000| Untracked 

Card table byte_map: [0x0000023eb46e0000,0x0000023eb4ae0000] _byte_map_base: 0x0000023eb42e0000

Marking Bits (Prev, Next): (CMBitMap*) 0x0000023ea1e6dbf0, (CMBitMap*) 0x0000023ea1e6dbb0
 Prev Bits: [0x0000023eb6ee0000, 0x0000023eb8ee0000)
 Next Bits: [0x0000023eb4ee0000, 0x0000023eb6ee0000)

Polling page: 0x0000023e9fd10000

Metaspace:

Usage:
  Non-class:     72.05 MB used.
      Class:     11.29 MB used.
       Both:     83.34 MB used.

Virtual space:
  Non-class space:       80.00 MB reserved,      72.38 MB ( 90%) committed,  10 nodes.
      Class space:        1.00 GB reserved,      11.62 MB (  1%) committed,  1 nodes.
             Both:        1.08 GB reserved,      84.00 MB (  8%) committed. 

Chunk freelists:
   Non-Class:  2.94 MB
       Class:  400.00 KB
        Both:  3.33 MB

MaxMetaspaceSize: unlimited
CompressedClassSpaceSize: 1.00 GB
Initial GC threshold: 21.00 MB
Current GC threshold: 84.00 MB
CDS: off
MetaspaceReclaimPolicy: balanced
 - commit_granule_bytes: 65536.
 - commit_granule_words: 8192.
 - virtual_space_node_default_size: 1048576.
 - enlarge_chunks_in_place: 1.
 - new_chunks_are_fully_committed: 0.
 - uncommit_free_chunks: 1.
 - use_allocation_guard: 0.
 - handle_deallocations: 1.


Internal statistics:

num_allocs_failed_limit: 6.
num_arena_births: 908.
num_arena_deaths: 0.
num_vsnodes_births: 11.
num_vsnodes_deaths: 0.
num_space_committed: 1344.
num_space_uncommitted: 0.
num_chunks_returned_to_freelist: 6.
num_chunks_taken_from_freelist: 3837.
num_chunk_merges: 6.
num_chunk_splits: 2642.
num_chunks_enlarged: 1886.
num_purges: 0.
num_inconsistent_stats: 0.

CodeHeap 'non-profiled nmethods': size=120000Kb used=3149Kb max_used=3184Kb free=116850Kb
 bounds [0x0000023eacdb0000, 0x0000023ead0e0000, 0x0000023eb42e0000]
CodeHeap 'profiled nmethods': size=120000Kb used=12717Kb max_used=13354Kb free=107282Kb
 bounds [0x0000023ea52e0000, 0x0000023ea6000000, 0x0000023eac810000]
CodeHeap 'non-nmethods': size=5760Kb used=2384Kb max_used=2437Kb free=3375Kb
 bounds [0x0000023eac810000, 0x0000023eaca90000, 0x0000023eacdb0000]
 total_blobs=7599 nmethods=6678 adapters=832
 compilation: enabled
              stopped_count=0, restarted_count=0
 full_count=0

Compilation events (20 events):
Event: 24.712 Thread 0x0000023ebb3db180 7627       4       jdk.internal.org.objectweb.asm.ClassReader::<init> (371 bytes)
Event: 24.741 Thread 0x0000023ebb3db180 nmethod 7627 0x0000023eace28b90 code [0x0000023eace28d40, 0x0000023eace29798]
Event: 24.741 Thread 0x0000023ebb3db180 7628       4       jdk.internal.org.objectweb.asm.ClassReader::readShort (27 bytes)
Event: 24.743 Thread 0x0000023ebb3db180 nmethod 7628 0x0000023eace52090 code [0x0000023eace52200, 0x0000023eace522f8]
Event: 24.763 Thread 0x0000023ebb3db180 7629       4       java.security.SecureClassLoader::getProtectionDomain (38 bytes)
Event: 24.768 Thread 0x0000023ebb3db180 nmethod 7629 0x0000023eace51990 code [0x0000023eace51b40, 0x0000023eace51d68]
Event: 24.768 Thread 0x0000023ebb3db180 7630       4       java.lang.ClassLoader::preDefineClass (118 bytes)
Event: 24.825 Thread 0x0000023ebc0814a0 7632       3       java.util.stream.Collectors$$Lambda$60/0x000000010016a850::accept (14 bytes)
Event: 24.827 Thread 0x0000023ebc0814a0 nmethod 7632 0x0000023ea5341090 code [0x0000023ea5341260, 0x0000023ea5341848]
Event: 24.838 Thread 0x0000023ebb3db180 nmethod 7630 0x0000023eacfa2f10 code [0x0000023eacfa3140, 0x0000023eacfa44c0]
Event: 24.839 Thread 0x0000023ebb3db180 7631       4       java.lang.ClassLoader::checkCerts (121 bytes)
Event: 24.902 Thread 0x0000023ebb3db180 nmethod 7631 0x0000023eacfa1390 code [0x0000023eacfa15c0, 0x0000023eacfa2540]
Event: 24.902 Thread 0x0000023ebb3db180 7633       4       jdk.internal.org.objectweb.asm.Frame::getLocal (46 bytes)
Event: 24.904 Thread 0x0000023ebb3db180 nmethod 7633 0x0000023eace28890 code [0x0000023eace28a00, 0x0000023eace28af8]
Event: 24.986 Thread 0x0000023ebb3db180 7634   !   4       java.util.jar.JarFile::getManifestFromReference (197 bytes)
Event: 25.246 Thread 0x0000023ebc0814a0 7635       1       org.jetbrains.kotlin.cli.jvm.config.JvmClasspathRoot::getFile (5 bytes)
Event: 25.246 Thread 0x0000023ebc0814a0 nmethod 7635 0x0000023eace28590 code [0x0000023eace28720, 0x0000023eace287f8]
Event: 25.281 Thread 0x0000023ebb3db180 nmethod 7634 0x0000023eace9f490 code [0x0000023eace9f8a0, 0x0000023eacea47c8]
Event: 25.352 Thread 0x0000023ebb3db180 7636       4       java.util.jar.JarFile::maybeInstantiateVerifier (42 bytes)
Event: 25.359 Thread 0x0000023ebb3db180 nmethod 7636 0x0000023eace27b90 code [0x0000023eace27d40, 0x0000023eace28238]

GC Heap History (20 events):
Event: 12.298 GC heap after
{Heap after GC invocations=21 (full 0):
 garbage-first heap   total 104448K, used 58422K [0x0000000080000000, 0x0000000100000000)
  region size 1024K, 3 young (3072K), 3 survivors (3072K)
 Metaspace       used 46061K, committed 46464K, reserved 1089536K
  class space    used 6101K, committed 6272K, reserved 1048576K
}
Event: 12.650 GC heap before
{Heap before GC invocations=21 (full 0):
 garbage-first heap   total 104448K, used 64566K [0x0000000080000000, 0x0000000100000000)
  region size 1024K, 11 young (11264K), 3 survivors (3072K)
 Metaspace       used 46639K, committed 47040K, reserved 1089536K
  class space    used 6193K, committed 6400K, reserved 1048576K
}
Event: 12.658 GC heap after
{Heap after GC invocations=22 (full 0):
 garbage-first heap   total 104448K, used 60007K [0x0000000080000000, 0x0000000100000000)
  region size 1024K, 3 young (3072K), 3 survivors (3072K)
 Metaspace       used 46639K, committed 47040K, reserved 1089536K
  class space    used 6193K, committed 6400K, reserved 1048576K
}
Event: 13.303 GC heap before
{Heap before GC invocations=23 (full 0):
 garbage-first heap   total 114688K, used 88679K [0x0000000080000000, 0x0000000100000000)
  region size 1024K, 25 young (25600K), 3 survivors (3072K)
 Metaspace       used 49056K, committed 49472K, reserved 1097728K
  class space    used 6403K, committed 6592K, reserved 1048576K
}
Event: 13.315 GC heap after
{Heap after GC invocations=24 (full 0):
 garbage-first heap   total 114688K, used 69028K [0x0000000080000000, 0x0000000100000000)
  region size 1024K, 4 young (4096K), 4 survivors (4096K)
 Metaspace       used 49056K, committed 49472K, reserved 1097728K
  class space    used 6403K, committed 6592K, reserved 1048576K
}
Event: 13.363 GC heap before
{Heap before GC invocations=24 (full 0):
 garbage-first heap   total 114688K, used 70052K [0x0000000080000000, 0x0000000100000000)
  region size 1024K, 5 young (5120K), 4 survivors (4096K)
 Metaspace       used 49219K, committed 49728K, reserved 1097728K
  class space    used 6437K, committed 6656K, reserved 1048576K
}
Event: 13.376 GC heap after
{Heap after GC invocations=25 (full 0):
 garbage-first heap   total 114688K, used 69428K [0x0000000080000000, 0x0000000100000000)
  region size 1024K, 1 young (1024K), 1 survivors (1024K)
 Metaspace       used 49219K, committed 49728K, reserved 1097728K
  class space    used 6437K, committed 6656K, reserved 1048576K
}
Event: 13.883 GC heap before
{Heap before GC invocations=25 (full 0):
 garbage-first heap   total 114688K, used 90932K [0x0000000080000000, 0x0000000100000000)
  region size 1024K, 22 young (22528K), 1 survivors (1024K)
 Metaspace       used 50716K, committed 51264K, reserved 1097728K
  class space    used 6704K, committed 6912K, reserved 1048576K
}
Event: 13.887 GC heap after
{Heap after GC invocations=26 (full 0):
 garbage-first heap   total 197632K, used 69785K [0x0000000080000000, 0x0000000100000000)
  region size 1024K, 1 young (1024K), 1 survivors (1024K)
 Metaspace       used 50716K, committed 51264K, reserved 1097728K
  class space    used 6704K, committed 6912K, reserved 1048576K
}
Event: 16.510 GC heap before
{Heap before GC invocations=27 (full 0):
 garbage-first heap   total 197632K, used 134297K [0x0000000080000000, 0x0000000100000000)
  region size 1024K, 65 young (66560K), 1 survivors (1024K)
 Metaspace       used 56318K, committed 57024K, reserved 1105920K
  class space    used 7566K, committed 7872K, reserved 1048576K
}
Event: 16.534 GC heap after
{Heap after GC invocations=28 (full 0):
 garbage-first heap   total 197632K, used 73982K [0x0000000080000000, 0x0000000100000000)
  region size 1024K, 6 young (6144K), 6 survivors (6144K)
 Metaspace       used 56318K, committed 57024K, reserved 1105920K
  class space    used 7566K, committed 7872K, reserved 1048576K
}
Event: 16.652 GC heap before
{Heap before GC invocations=28 (full 0):
 garbage-first heap   total 197632K, used 76030K [0x0000000080000000, 0x0000000100000000)
  region size 1024K, 9 young (9216K), 6 survivors (6144K)
 Metaspace       used 56367K, committed 57024K, reserved 1105920K
  class space    used 7566K, committed 7872K, reserved 1048576K
}
Event: 16.684 GC heap after
{Heap after GC invocations=29 (full 0):
 garbage-first heap   total 197632K, used 73717K [0x0000000080000000, 0x0000000100000000)
  region size 1024K, 1 young (1024K), 1 survivors (1024K)
 Metaspace       used 56367K, committed 57024K, reserved 1105920K
  class space    used 7566K, committed 7872K, reserved 1048576K
}
Event: 19.574 GC heap before
{Heap before GC invocations=29 (full 0):
 garbage-first heap   total 197632K, used 157685K [0x0000000080000000, 0x0000000100000000)
  region size 1024K, 76 young (77824K), 1 survivors (1024K)
 Metaspace       used 66618K, committed 67328K, reserved 1114112K
  class space    used 8888K, committed 9216K, reserved 1048576K
}
Event: 19.632 GC heap after
{Heap after GC invocations=30 (full 0):
 garbage-first heap   total 197632K, used 89175K [0x0000000080000000, 0x0000000100000000)
  region size 1024K, 10 young (10240K), 10 survivors (10240K)
 Metaspace       used 66618K, committed 67328K, reserved 1114112K
  class space    used 8888K, committed 9216K, reserved 1048576K
}
Event: 21.652 GC heap before
{Heap before GC invocations=30 (full 0):
 garbage-first heap   total 197632K, used 155735K [0x0000000080000000, 0x0000000100000000)
  region size 1024K, 73 young (74752K), 10 survivors (10240K)
 Metaspace       used 73167K, committed 73856K, reserved 1114112K
  class space    used 9769K, committed 10112K, reserved 1048576K
}
Event: 21.699 GC heap after
{Heap after GC invocations=31 (full 0):
 garbage-first heap   total 197632K, used 90232K [0x0000000080000000, 0x0000000100000000)
  region size 1024K, 5 young (5120K), 5 survivors (5120K)
 Metaspace       used 73167K, committed 73856K, reserved 1114112K
  class space    used 9769K, committed 10112K, reserved 1048576K
}
Event: 24.525 GC heap before
{Heap before GC invocations=31 (full 0):
 garbage-first heap   total 197632K, used 159864K [0x0000000080000000, 0x0000000100000000)
  region size 1024K, 69 young (70656K), 5 survivors (5120K)
 Metaspace       used 81379K, committed 82112K, reserved 1122304K
  class space    used 10798K, committed 11136K, reserved 1048576K
}
Event: 24.600 GC heap after
{Heap after GC invocations=32 (full 0):
 garbage-first heap   total 197632K, used 97139K [0x0000000080000000, 0x0000000100000000)
  region size 1024K, 7 young (7168K), 7 survivors (7168K)
 Metaspace       used 81379K, committed 82112K, reserved 1122304K
  class space    used 10798K, committed 11136K, reserved 1048576K
}
Event: 25.581 GC heap before
{Heap before GC invocations=32 (full 0):
 garbage-first heap   total 197632K, used 116595K [0x0000000080000000, 0x0000000100000000)
  region size 1024K, 27 young (27648K), 7 survivors (7168K)
 Metaspace       used 85340K, committed 86016K, reserved 1130496K
  class space    used 11560K, committed 11904K, reserved 1048576K
}

Dll operation events (2 events):
Event: 0.026 Loaded shared library C:\Program Files\Android\Android Studio\jbr\bin\java.dll
Event: 2.114 Loaded shared library C:\Program Files\Android\Android Studio\jbr\bin\verify.dll

Deoptimization events (20 events):
Event: 24.114 Thread 0x0000023ebd166f30 DEOPT PACKING pc=0x0000023ea53b7a90 sp=0x000000ac0c3f5060
Event: 24.114 Thread 0x0000023ebd166f30 DEOPT UNPACKING pc=0x0000023eac867143 sp=0x000000ac0c3f4508 mode 0
Event: 24.115 Thread 0x0000023ebd166f30 DEOPT PACKING pc=0x0000023ea53b7a90 sp=0x000000ac0c3f5060
Event: 24.115 Thread 0x0000023ebd166f30 DEOPT UNPACKING pc=0x0000023eac867143 sp=0x000000ac0c3f4508 mode 0
Event: 24.115 Thread 0x0000023ebd166f30 DEOPT PACKING pc=0x0000023ea53b7a90 sp=0x000000ac0c3f5060
Event: 24.115 Thread 0x0000023ebd166f30 DEOPT UNPACKING pc=0x0000023eac867143 sp=0x000000ac0c3f4508 mode 0
Event: 24.115 Thread 0x0000023ebd166f30 DEOPT PACKING pc=0x0000023ea53b7a90 sp=0x000000ac0c3f5060
Event: 24.115 Thread 0x0000023ebd166f30 DEOPT UNPACKING pc=0x0000023eac867143 sp=0x000000ac0c3f4508 mode 0
Event: 24.115 Thread 0x0000023ebd166f30 DEOPT PACKING pc=0x0000023ea53b7a90 sp=0x000000ac0c3f5060
Event: 24.115 Thread 0x0000023ebd166f30 DEOPT UNPACKING pc=0x0000023eac867143 sp=0x000000ac0c3f4508 mode 0
Event: 24.116 Thread 0x0000023ebd166f30 DEOPT PACKING pc=0x0000023ea53b7a90 sp=0x000000ac0c3f5060
Event: 24.116 Thread 0x0000023ebd166f30 DEOPT UNPACKING pc=0x0000023eac867143 sp=0x000000ac0c3f4508 mode 0
Event: 24.218 Thread 0x0000023ebd166f30 Uncommon trap: trap_request=0xffffffde fr.pc=0x0000023eaceae77c relative=0x00000000000014fc
Event: 24.218 Thread 0x0000023ebd166f30 Uncommon trap: reason=class_check action=maybe_recompile pc=0x0000023eaceae77c method=java.util.zip.InflaterInputStream.read([BII)I @ 100 c2
Event: 24.218 Thread 0x0000023ebd166f30 DEOPT PACKING pc=0x0000023eaceae77c sp=0x000000ac0c3f5150
Event: 24.218 Thread 0x0000023ebd166f30 DEOPT UNPACKING pc=0x0000023eac8669a3 sp=0x000000ac0c3f5180 mode 2
Event: 25.307 Thread 0x0000023ebd166f30 Uncommon trap: trap_request=0xffffffde fr.pc=0x0000023eaced01ec relative=0x00000000000002cc
Event: 25.307 Thread 0x0000023ebd166f30 Uncommon trap: reason=class_check action=maybe_recompile pc=0x0000023eaced01ec method=java.util.Collections$SetFromMap.remove(Ljava/lang/Object;)Z @ 5 c2
Event: 25.307 Thread 0x0000023ebd166f30 DEOPT PACKING pc=0x0000023eaced01ec sp=0x000000ac0c3f4320
Event: 25.307 Thread 0x0000023ebd166f30 DEOPT UNPACKING pc=0x0000023eac8669a3 sp=0x000000ac0c3f4308 mode 2

Classes unloaded (0 events):
No events

Classes redefined (0 events):
No events

Internal exceptions (20 events):
Event: 17.298 Thread 0x0000023ebd166f30 Exception <a 'java/lang/NoSuchMethodError'{0x000000008aa22018}: 'java.lang.Object java.lang.invoke.DirectMethodHandle$Holder.invokeSpecial(java.lang.Object, java.lang.Object, java.lang.Object, java.lang.Object, java.lang.Object, int)'> (0x000000008aa22018) 
thrown [s\src\hotspot\share\interpreter\linkResolver.cpp, line 771]
Event: 17.298 Thread 0x0000023ebd166f30 Exception <a 'java/lang/NoSuchMethodError'{0x000000008aa26d98}: 'java.lang.Object java.lang.invoke.Invokers$Holder.linkToTargetMethod(java.lang.Object, java.lang.Object, java.lang.Object, int, java.lang.Object)'> (0x000000008aa26d98) 
thrown [s\src\hotspot\share\interpreter\linkResolver.cpp, line 771]
Event: 17.888 Thread 0x0000023ebd166f30 Exception <a 'java/lang/NoSuchMethodError'{0x0000000089d06688}: 'int java.lang.invoke.DirectMethodHandle$Holder.invokeInterface(java.lang.Object, java.lang.Object, java.lang.Object, java.lang.Object)'> (0x0000000089d06688) 
thrown [s\src\hotspot\share\interpreter\linkResolver.cpp, line 771]
Event: 18.943 Thread 0x0000023ebd166f30 Exception <a 'java/lang/IncompatibleClassChangeError'{0x0000000088537298}: Found class java.lang.Object, but interface was expected> (0x0000000088537298) 
thrown [s\src\hotspot\share\interpreter\linkResolver.cpp, line 838]
Event: 19.074 Thread 0x0000023ebd166f30 Implicit null exception at 0x0000023ead092154 to 0x0000023ead092300
Event: 19.388 Thread 0x0000023ebd166f30 Implicit null exception at 0x0000023eacf3bd0c to 0x0000023eacf3be46
Event: 19.821 Thread 0x0000023ebd166f30 Exception <a 'sun/nio/fs/WindowsException'{0x000000008b9b0758}> (0x000000008b9b0758) 
thrown [s\src\hotspot\share\prims\jni.cpp, line 517]
Event: 22.494 Thread 0x0000023ebd166f30 Exception <a 'java/lang/NoSuchMethodError'{0x000000008a96ca00}: 'void java.lang.invoke.DirectMethodHandle$Holder.invokeVirtual(java.lang.Object, java.lang.Object)'> (0x000000008a96ca00) 
thrown [s\src\hotspot\share\interpreter\linkResolver.cpp, line 771]
Event: 22.816 Thread 0x0000023ebd166f30 Exception <a 'java/lang/NoSuchMethodError'{0x000000008a3c0290}: 'int java.lang.invoke.DelegatingMethodHandle$Holder.reinvoke_L(java.lang.Object, java.lang.Object, java.lang.Object, long, int, int)'> (0x000000008a3c0290) 
thrown [s\src\hotspot\share\interpreter\linkResolver.cpp, line 771]
Event: 22.821 Thread 0x0000023ebd166f30 Exception <a 'java/lang/NoSuchMethodError'{0x000000008a3d0078}: 'int java.lang.invoke.DelegatingMethodHandle$Holder.reinvoke_L(java.lang.Object, java.lang.Object, java.lang.Object, long, long, long)'> (0x000000008a3d0078) 
thrown [s\src\hotspot\share\interpreter\linkResolver.cpp, line 771]
Event: 22.826 Thread 0x0000023ebd166f30 Exception <a 'java/lang/NoSuchMethodError'{0x000000008a3e0168}: 'int java.lang.invoke.DelegatingMethodHandle$Holder.reinvoke_L(java.lang.Object, java.lang.Object, java.lang.Object, long, java.lang.Object, java.lang.Object)'> (0x000000008a3e0168) 
thrown [s\src\hotspot\share\interpreter\linkResolver.cpp, line 771]
Event: 22.832 Thread 0x0000023ebd166f30 Exception <a 'java/lang/NoSuchMethodError'{0x000000008a3f00a0}: 'void java.lang.invoke.DelegatingMethodHandle$Holder.reinvoke_L(java.lang.Object, java.lang.Object, java.lang.Object, long, java.lang.Object)'> (0x000000008a3f00a0) 
thrown [s\src\hotspot\share\interpreter\linkResolver.cpp, line 771]
Event: 22.835 Thread 0x0000023ebd166f30 Exception <a 'java/lang/NoSuchMethodError'{0x000000008a3f89d0}: 'java.lang.Object java.lang.invoke.DirectMethodHandle$Holder.invokeSpecial(java.lang.Object, java.lang.Object, java.lang.Object, java.lang.Object, long)'> (0x000000008a3f89d0) 
thrown [s\src\hotspot\share\interpreter\linkResolver.cpp, line 771]
Event: 22.844 Thread 0x0000023ebd166f30 Exception <a 'java/lang/NoSuchMethodError'{0x000000008a220b40}: 'long java.lang.invoke.Invokers$Holder.invoke_MT(java.lang.Object, java.lang.Object, java.lang.Object, java.lang.Object)'> (0x000000008a220b40) 
thrown [s\src\hotspot\share\interpreter\linkResolver.cpp, line 771]
Event: 22.846 Thread 0x0000023ebd166f30 Exception <a 'java/lang/NoSuchMethodError'{0x000000008a229c40}: 'int java.lang.invoke.Invokers$Holder.invoke_MT(java.lang.Object, java.lang.Object, java.lang.Object, java.lang.Object)'> (0x000000008a229c40) 
thrown [s\src\hotspot\share\interpreter\linkResolver.cpp, line 771]
Event: 22.851 Thread 0x0000023ebd166f30 Exception <a 'java/lang/NoSuchMethodError'{0x000000008a23abf8}: 'int java.lang.invoke.DelegatingMethodHandle$Holder.reinvoke_L(java.lang.Object, java.lang.Object, java.lang.Object, long, int)'> (0x000000008a23abf8) 
thrown [s\src\hotspot\share\interpreter\linkResolver.cpp, line 771]
Event: 22.856 Thread 0x0000023ebd166f30 Exception <a 'java/lang/NoSuchMethodError'{0x000000008a24e1b8}: 'java.lang.Object java.lang.invoke.Invokers$Holder.invokeExact_MT(java.lang.Object, java.lang.Object, long, java.lang.Object)'> (0x000000008a24e1b8) 
thrown [s\src\hotspot\share\interpreter\linkResolver.cpp, line 771]
Event: 23.338 Thread 0x0000023ebd166f30 Exception <a 'java/lang/NoSuchMethodError'{0x0000000089a54b88}: 'java.lang.Object java.lang.invoke.DirectMethodHandle$Holder.invokeStaticInit(java.lang.Object, int)'> (0x0000000089a54b88) 
thrown [s\src\hotspot\share\interpreter\linkResolver.cpp, line 771]
Event: 23.521 Thread 0x0000023ebd166f30 Exception <a 'java/lang/NoSuchMethodError'{0x00000000897337e8}: 'long java.lang.invoke.DirectMethodHandle$Holder.invokeStatic(java.lang.Object)'> (0x00000000897337e8) 
thrown [s\src\hotspot\share\interpreter\linkResolver.cpp, line 771]
Event: 23.521 Thread 0x0000023ebd166f30 Exception <a 'java/lang/NoSuchMethodError'{0x0000000089738388}: 'long java.lang.invoke.DirectMethodHandle$Holder.invokeStaticInit(java.lang.Object)'> (0x0000000089738388) 
thrown [s\src\hotspot\share\interpreter\linkResolver.cpp, line 771]

VM Operations (20 events):
Event: 22.461 Executing VM operation: HandshakeAllThreads done
Event: 22.487 Executing VM operation: HandshakeAllThreads
Event: 22.488 Executing VM operation: HandshakeAllThreads done
Event: 22.584 Executing VM operation: HandshakeAllThreads
Event: 22.584 Executing VM operation: HandshakeAllThreads done
Event: 23.538 Executing VM operation: HandshakeAllThreads
Event: 23.539 Executing VM operation: HandshakeAllThreads done
Event: 23.539 Executing VM operation: Cleanup
Event: 23.539 Executing VM operation: Cleanup done
Event: 23.825 Executing VM operation: HandshakeAllThreads
Event: 23.825 Executing VM operation: HandshakeAllThreads done
Event: 23.827 Executing VM operation: HandshakeAllThreads
Event: 23.828 Executing VM operation: HandshakeAllThreads done
Event: 24.111 Executing VM operation: HandshakeAllThreads
Event: 24.112 Executing VM operation: HandshakeAllThreads done
Event: 24.262 Executing VM operation: HandshakeAllThreads
Event: 24.263 Executing VM operation: HandshakeAllThreads done
Event: 24.522 Executing VM operation: G1CollectForAllocation
Event: 24.600 Executing VM operation: G1CollectForAllocation done
Event: 25.581 Executing VM operation: CollectForMetadataAllocation

Events (20 events):
Event: 24.265 loading class com/sun/org/apache/xerces/internal/utils/XMLLimitAnalyzer
Event: 24.265 loading class com/sun/org/apache/xerces/internal/utils/XMLLimitAnalyzer done
Event: 24.266 loading class com/sun/org/apache/xerces/internal/util/XMLSymbols
Event: 24.267 loading class com/sun/org/apache/xerces/internal/util/XMLSymbols done
Event: 24.267 loading class com/sun/xml/internal/stream/Entity$ScannedEntity
Event: 24.268 loading class com/sun/xml/internal/stream/Entity
Event: 24.268 loading class com/sun/xml/internal/stream/Entity done
Event: 24.268 loading class com/sun/xml/internal/stream/Entity$ScannedEntity done
Event: 24.268 loading class com/sun/xml/internal/stream/util/ThreadLocalBufferAllocator
Event: 24.268 loading class com/sun/xml/internal/stream/util/ThreadLocalBufferAllocator done
Event: 24.268 loading class com/sun/xml/internal/stream/util/BufferAllocator
Event: 24.268 loading class com/sun/xml/internal/stream/util/BufferAllocator done
Event: 24.274 loading class com/sun/org/apache/xerces/internal/util/XMLChar
Event: 24.275 loading class com/sun/org/apache/xerces/internal/util/XMLChar done
Event: 24.279 loading class com/sun/org/apache/xerces/internal/impl/XMLScanner$NameType
Event: 24.279 loading class com/sun/org/apache/xerces/internal/impl/XMLScanner$NameType done
Event: 24.309 loading class com/sun/org/apache/xerces/internal/impl/io/MalformedByteSequenceException
Event: 24.309 loading class java/io/CharConversionException
Event: 24.310 loading class java/io/CharConversionException done
Event: 24.310 loading class com/sun/org/apache/xerces/internal/impl/io/MalformedByteSequenceException done


Dynamic libraries:
0x00007ff6ab500000 - 0x00007ff6ab50a000 	C:\Program Files\Android\Android Studio\jbr\bin\java.exe
0x00007ffbde290000 - 0x00007ffbde488000 	C:\WINDOWS\SYSTEM32\ntdll.dll
0x00007ffb6d670000 - 0x00007ffb6d689000 	C:\Program Files\Avast Software\Avast\aswhook.dll
0x00007ffbde160000 - 0x00007ffbde21d000 	C:\WINDOWS\System32\KERNEL32.DLL
0x00007ffbdb9e0000 - 0x00007ffbdbcd6000 	C:\WINDOWS\System32\KERNELBASE.dll
0x00007ffbdbd90000 - 0x00007ffbdbe90000 	C:\WINDOWS\System32\ucrtbase.dll
0x00007ffbab2a0000 - 0x00007ffbab2b7000 	C:\Program Files\Android\Android Studio\jbr\bin\jli.dll
0x00007ffbdd020000 - 0x00007ffbdd1be000 	C:\WINDOWS\System32\USER32.dll
0x00007ffbdbce0000 - 0x00007ffbdbd02000 	C:\WINDOWS\System32\win32u.dll
0x00007ffbc75a0000 - 0x00007ffbc75bb000 	C:\Program Files\Android\Android Studio\jbr\bin\VCRUNTIME140.dll
0x00007ffbdcaa0000 - 0x00007ffbdcacc000 	C:\WINDOWS\System32\GDI32.dll
0x00007ffbc7db0000 - 0x00007ffbc804a000 	C:\WINDOWS\WinSxS\amd64_microsoft.windows.common-controls_6595b64144ccf1df_6.0.19041.3636_none_60b6a03d71f818d5\COMCTL32.dll
0x00007ffbdc130000 - 0x00007ffbdc24a000 	C:\WINDOWS\System32\gdi32full.dll
0x00007ffbdd410000 - 0x00007ffbdd4ae000 	C:\WINDOWS\System32\msvcrt.dll
0x00007ffbdc250000 - 0x00007ffbdc2ed000 	C:\WINDOWS\System32\msvcp_win.dll
0x00007ffbde220000 - 0x00007ffbde250000 	C:\WINDOWS\System32\IMM32.DLL
0x00007ffbd2c50000 - 0x00007ffbd2c5c000 	C:\Program Files\Android\Android Studio\jbr\bin\vcruntime140_1.dll
0x00007ffbab690000 - 0x00007ffbab71d000 	C:\Program Files\Android\Android Studio\jbr\bin\msvcp140.dll
0x00007ffb73ab0000 - 0x00007ffb7471e000 	C:\Program Files\Android\Android Studio\jbr\bin\server\jvm.dll
0x00007ffbddac0000 - 0x00007ffbddb6f000 	C:\WINDOWS\System32\ADVAPI32.dll
0x00007ffbddb70000 - 0x00007ffbddc0c000 	C:\WINDOWS\System32\sechost.dll
0x00007ffbdd1c0000 - 0x00007ffbdd2e6000 	C:\WINDOWS\System32\RPCRT4.dll
0x00007ffbba5b0000 - 0x00007ffbba5d7000 	C:\WINDOWS\SYSTEM32\WINMM.dll
0x00007ffbc4d80000 - 0x00007ffbc4d89000 	C:\WINDOWS\SYSTEM32\WSOCK32.dll
0x00007ffbdcf20000 - 0x00007ffbdcf8b000 	C:\WINDOWS\System32\WS2_32.dll
0x00007ffbcfbc0000 - 0x00007ffbcfbca000 	C:\WINDOWS\SYSTEM32\VERSION.dll
0x00007ffbda1c0000 - 0x00007ffbda1d2000 	C:\WINDOWS\SYSTEM32\kernel.appcore.dll
0x00007ffbd1820000 - 0x00007ffbd182a000 	C:\Program Files\Android\Android Studio\jbr\bin\jimage.dll
0x00007ffbd6e80000 - 0x00007ffbd7064000 	C:\WINDOWS\SYSTEM32\DBGHELP.DLL
0x00007ffbcbbe0000 - 0x00007ffbcbc14000 	C:\WINDOWS\SYSTEM32\dbgcore.DLL
0x00007ffbdc0a0000 - 0x00007ffbdc122000 	C:\WINDOWS\System32\bcryptPrimitives.dll
0x00007ffbb6ea0000 - 0x00007ffbb6ec5000 	C:\Program Files\Android\Android Studio\jbr\bin\java.dll
0x00007ffbb6e80000 - 0x00007ffbb6e98000 	C:\Program Files\Android\Android Studio\jbr\bin\zip.dll
0x00007ffbdc2f0000 - 0x00007ffbdca34000 	C:\WINDOWS\System32\SHELL32.dll
0x00007ffbd6610000 - 0x00007ffbd6dab000 	C:\WINDOWS\SYSTEM32\windows.storage.dll
0x00007ffbddd80000 - 0x00007ffbde0d4000 	C:\WINDOWS\System32\combase.dll
0x00007ffbdb2e0000 - 0x00007ffbdb30d000 	C:\WINDOWS\SYSTEM32\Wldp.dll
0x00007ffbddc70000 - 0x00007ffbddd1d000 	C:\WINDOWS\System32\SHCORE.dll
0x00007ffbdca40000 - 0x00007ffbdca95000 	C:\WINDOWS\System32\shlwapi.dll
0x00007ffbdb8a0000 - 0x00007ffbdb8c5000 	C:\WINDOWS\SYSTEM32\profapi.dll
0x00007ffbab2e0000 - 0x00007ffbab2f9000 	C:\Program Files\Android\Android Studio\jbr\bin\net.dll
0x00007ffbcb6a0000 - 0x00007ffbcb7aa000 	C:\WINDOWS\SYSTEM32\WINHTTP.dll
0x00007ffbdb040000 - 0x00007ffbdb0aa000 	C:\WINDOWS\system32\mswsock.dll
0x00007ffbab2c0000 - 0x00007ffbab2d6000 	C:\Program Files\Android\Android Studio\jbr\bin\nio.dll
0x00007ffbc7d50000 - 0x00007ffbc7d60000 	C:\Program Files\Android\Android Studio\jbr\bin\verify.dll
0x00007ffbd1850000 - 0x00007ffbd1877000 	C:\Users\NICOLAS\.gradle\native\68d5fa5c4cc2d200863cafc0d521ce42e7d3e7ee720ec0a83991735586a16f82\windows-amd64\native-platform.dll
0x00007ffba47b0000 - 0x00007ffba48f4000 	C:\Users\NICOLAS\.gradle\native\e376f236ea51e6404a007f0833ffe2c6e607c4080706a723a18a27aeea778392\windows-amd64\native-platform-file-events.dll
0x00007ffbc5f70000 - 0x00007ffbc5f79000 	C:\Program Files\Android\Android Studio\jbr\bin\management.dll
0x00007ffbc5c30000 - 0x00007ffbc5c3b000 	C:\Program Files\Android\Android Studio\jbr\bin\management_ext.dll
0x00007ffbddab0000 - 0x00007ffbddab8000 	C:\WINDOWS\System32\PSAPI.DLL
0x00007ffbdb230000 - 0x00007ffbdb248000 	C:\WINDOWS\SYSTEM32\CRYPTSP.dll
0x00007ffbda970000 - 0x00007ffbda9a4000 	C:\WINDOWS\system32\rsaenh.dll
0x00007ffbdbd10000 - 0x00007ffbdbd37000 	C:\WINDOWS\System32\bcrypt.dll
0x00007ffbdb820000 - 0x00007ffbdb84e000 	C:\WINDOWS\SYSTEM32\USERENV.dll
0x00007ffbdb250000 - 0x00007ffbdb25c000 	C:\WINDOWS\SYSTEM32\CRYPTBASE.dll
0x00007ffbdad30000 - 0x00007ffbdad6b000 	C:\WINDOWS\SYSTEM32\IPHLPAPI.DLL
0x00007ffbdccd0000 - 0x00007ffbdccd8000 	C:\WINDOWS\System32\NSI.dll
0x00007ffbcfba0000 - 0x00007ffbcfbb7000 	C:\WINDOWS\SYSTEM32\dhcpcsvc6.DLL
0x00007ffbcfb80000 - 0x00007ffbcfb9d000 	C:\WINDOWS\SYSTEM32\dhcpcsvc.DLL
0x00007ffbdad70000 - 0x00007ffbdae3a000 	C:\WINDOWS\SYSTEM32\DNSAPI.dll
0x00007ffbc7410000 - 0x00007ffbc7417000 	C:\WINDOWS\system32\wshunix.dll

dbghelp: loaded successfully - version: 4.0.5 - missing functions: none
symbol engine: initialized successfully - sym options: 0x614 - pdb path: .;C:\Program Files\Android\Android Studio\jbr\bin;C:\WINDOWS\SYSTEM32;C:\Program Files\Avast Software\Avast;C:\WINDOWS\WinSxS\amd64_microsoft.windows.common-controls_6595b64144ccf1df_6.0.19041.3636_none_60b6a03d71f818d5;C:\Program Files\Android\Android Studio\jbr\bin\server;C:\Users\NICOLAS\.gradle\native\68d5fa5c4cc2d200863cafc0d521ce42e7d3e7ee720ec0a83991735586a16f82\windows-amd64;C:\Users\NICOLAS\.gradle\native\e376f236ea51e6404a007f0833ffe2c6e607c4080706a723a18a27aeea778392\windows-amd64

VM Arguments:
jvm_args: --add-opens=java.base/java.util=ALL-UNNAMED --add-opens=java.base/java.lang=ALL-UNNAMED --add-opens=java.base/java.lang.invoke=ALL-UNNAMED --add-opens=java.prefs/java.util.prefs=ALL-UNNAMED --add-opens=java.base/java.nio.charset=ALL-UNNAMED --add-opens=java.base/java.net=ALL-UNNAMED --add-opens=java.base/java.util.concurrent.atomic=ALL-UNNAMED -Xmx2048m -Dfile.encoding=UTF-8 -Duser.country=CO -Duser.language=es -Duser.variant 
java_command: org.gradle.launcher.daemon.bootstrap.GradleDaemon 8.0
java_class_path (initial): C:\Users\NICOLAS\.gradle\wrapper\dists\gradle-8.0-bin\ca5e32bp14vu59qr306oxotwh\gradle-8.0\lib\gradle-launcher-8.0.jar
Launcher Type: SUN_STANDARD

[Global flags]
     intx CICompilerCount                          = 3                                         {product} {ergonomic}
     uint ConcGCThreads                            = 1                                         {product} {ergonomic}
     uint G1ConcRefinementThreads                  = 4                                         {product} {ergonomic}
   size_t G1HeapRegionSize                         = 1048576                                   {product} {ergonomic}
    uintx GCDrainStackTargetSize                   = 64                                        {product} {ergonomic}
   size_t InitialHeapSize                          = 67108864                                  {product} {ergonomic}
   size_t MarkStackSize                            = 4194304                                   {product} {ergonomic}
   size_t MaxHeapSize                              = 2147483648                                {product} {command line}
   size_t MaxNewSize                               = 1287651328                                {product} {ergonomic}
   size_t MinHeapDeltaBytes                        = 1048576                                   {product} {ergonomic}
   size_t MinHeapSize                              = 8388608                                   {product} {ergonomic}
    uintx NonNMethodCodeHeapSize                   = 5832780                                {pd product} {ergonomic}
    uintx NonProfiledCodeHeapSize                  = 122912730                              {pd product} {ergonomic}
    uintx ProfiledCodeHeapSize                     = 122912730                              {pd product} {ergonomic}
    uintx ReservedCodeCacheSize                    = 251658240                              {pd product} {ergonomic}
     bool SegmentedCodeCache                       = true                                      {product} {ergonomic}
   size_t SoftMaxHeapSize                          = 2147483648                             {manageable} {ergonomic}
     bool UseCompressedClassPointers               = true                           {product lp64_product} {ergonomic}
     bool UseCompressedOops                        = true                           {product lp64_product} {ergonomic}
     bool UseG1GC                                  = true                                      {product} {ergonomic}
     bool UseLargePagesIndividualAllocation        = false                                  {pd product} {ergonomic}

Logging:
Log output configuration:
 #0: stdout all=warning uptime,level,tags
 #1: stderr all=off uptime,level,tags

Environment Variables:
JAVA_HOME=C:\Program Files\Java\jdk-13
PATH=C:\Python312\Scripts\;C:\Python312\;C:\OracleXE\dbhomeXE\bin;C:\WINDOWS\system32;C:\WINDOWS;C:\WINDOWS\System32\Wbem;C:\WINDOWS\System32\WindowsPowerShell\v1.0\;C:\WINDOWS\System32\OpenSSH\;C:\Program Files\Git\cmd;C:\Program Files\Java\jdk-13\bin;C:\Program Files\Java\jdk-13\bin;C:\Program Files\nodejs\;C:\ProgramData\chocolatey\bin;"C:\Users\NICOLAS\AppData\Local\Microsoft\WindowsApps;C:\Program Files\Java\jdk-13\bin";;C:\Program Files\JetBrains\PyCharm Community Edition 2022.3.1\bin;;C:\Users\NICOLAS\AppData\Roaming\npm
USERNAME=NICOLAS
OS=Windows_NT
PROCESSOR_IDENTIFIER=Intel64 Family 6 Model 78 Stepping 3, GenuineIntel
TMP=C:\Users\NICOLAS\AppData\Local\Temp
TEMP=C:\Users\NICOLAS\AppData\Local\Temp


JNI global refs:
JNI global refs: 23, weak refs: 0

JNI global refs memory usage: 843, weak refs: 841


---------------  S Y S T E M  ---------------

OS:
 Windows 10 , 64 bit Build 19041 (10.0.19041.3636)
OS uptime: 0 days 7:54 hours

CPU: total 4 (initial active 4) (2 cores per cpu, 2 threads per core) family 6 model 78 stepping 3 microcode 0xcc, cx8, cmov, fxsr, ht, mmx, 3dnowpref, sse, sse2, sse3, ssse3, sse4.1, sse4.2, popcnt, lzcnt, tsc, tscinvbit, avx, avx2, aes, erms, clmul, bmi1, bmi2, adx, fma, vzeroupper, clflush, clflushopt

Memory: 4k page, system-wide physical 3971M (172M free)
TotalPageFile size 8067M (AvailPageFile size 141M)
current process WorkingSet (physical memory assigned to process): 214M, peak: 265M
current process commit charge ("private bytes"): 438M, peak: 579M

vm_info: OpenJDK 64-Bit Server VM (17.0.6+0-b2043.56-10027231) for windows-amd64 JRE (17.0.6+0-b2043.56-10027231), built on Apr 28 2023 00:43:19 by "androidbuild" with MS VC++ 16.10 / 16.11 (VS2019)

END.
