#
# There is insufficient memory for the Java Runtime Environment to continue.
# Native memory allocation (mmap) failed to map 223346688 bytes for G1 virtual space
# Possible reasons:
#   The system is out of physical RAM or swap space
#   The process is running with CompressedOops enabled, and the Java Heap may be blocking the growth of the native heap
# Possible solutions:
#   Reduce memory load on the system
#   Increase physical memory or swap space
#   Check if swap backing store is full
#   Decrease Java heap size (-Xmx/-Xms)
#   Decrease number of Java threads
#   Decrease Java thread stack sizes (-Xss)
#   Set larger code cache with -XX:ReservedCodeCacheSize=
#   JVM is running with Unscaled Compressed Oops mode in which the Java heap is
#     placed in the first 4GB address space. The Java Heap base address is the
#     maximum limit for the native heap growth. Please use -XX:HeapBaseMinAddress
#     to set the Java Heap base and to place the Java Heap above 4GB virtual address.
# This output file may be truncated or incomplete.
#
#  Out of Memory Error (os_windows.cpp:3769), pid=11008, tid=5844
#
# JRE version: OpenJDK Runtime Environment (17.0.6) (build 17.0.6+0-b2043.56-10027231)
# Java VM: OpenJDK 64-Bit Server VM (17.0.6+0-b2043.56-10027231, mixed mode, tiered, compressed oops, compressed class ptrs, g1 gc, windows-amd64)
# No core dump will be written. Minidumps are not enabled by default on client versions of Windows
#

---------------  S U M M A R Y ------------

Command Line: --add-opens=java.base/java.util=ALL-UNNAMED --add-opens=java.base/java.lang=ALL-UNNAMED --add-opens=java.base/java.lang.invoke=ALL-UNNAMED --add-opens=java.prefs/java.util.prefs=ALL-UNNAMED --add-opens=java.base/java.nio.charset=ALL-UNNAMED --add-opens=java.base/java.net=ALL-UNNAMED --add-opens=java.base/java.util.concurrent.atomic=ALL-UNNAMED -Xmx2048m -Dfile.encoding=UTF-8 -Duser.country=CO -Duser.language=es -Duser.variant org.gradle.launcher.daemon.bootstrap.GradleDaemon 8.0

Host: Intel(R) Core(TM) i3-6006U CPU @ 2.00GHz, 4 cores, 3G,  Windows 10 , 64 bit Build 19041 (10.0.19041.3636)
Time: Mon Nov 20 14:44:57 2023 Hora est. Pacífico, Sudamérica elapsed time: 19.917422 seconds (0d 0h 0m 19s)

---------------  T H R E A D  ---------------

Current thread (0x000001da842b0a00):  VMThread "VM Thread" [stack: 0x0000005bd7300000,0x0000005bd7400000] [id=5844]

Stack: [0x0000005bd7300000,0x0000005bd7400000]
Native frames: (J=compiled Java code, j=interpreted, Vv=VM code, C=native code)
V  [jvm.dll+0x683c9a]
V  [jvm.dll+0x8427a4]
V  [jvm.dll+0x843f9e]
V  [jvm.dll+0x844603]
V  [jvm.dll+0x249b75]
V  [jvm.dll+0x680b69]
V  [jvm.dll+0x67505a]
V  [jvm.dll+0x309acb]
V  [jvm.dll+0x310f86]
V  [jvm.dll+0x3608ee]
V  [jvm.dll+0x360b1f]
V  [jvm.dll+0x2dfbf8]
V  [jvm.dll+0x2ddec4]
V  [jvm.dll+0x2dd4cc]
V  [jvm.dll+0x321f3b]
V  [jvm.dll+0x848ccb]
V  [jvm.dll+0x849a04]
V  [jvm.dll+0x849f1d]
V  [jvm.dll+0x84a2f4]
V  [jvm.dll+0x84a3c0]
V  [jvm.dll+0x7f274a]
V  [jvm.dll+0x682ad5]
C  [ucrtbase.dll+0x21bb2]
C  [KERNEL32.DLL+0x17344]
C  [ntdll.dll+0x526b1]

VM_Operation (0x0000005bd89ee5e0): G1CollectForAllocation, mode: safepoint, requested by thread 0x000001da8677d550


---------------  P R O C E S S  ---------------

Threads class SMR info:
_java_thread_list=0x000001da8c666630, length=81, elements={
0x000001dae8cf0f50, 0x000001da8429dcb0, 0x000001da8429eb20, 0x000001da842e5810,
0x000001da842f9540, 0x000001da842f9e00, 0x000001da842fdbc0, 0x000001da842fe950,
0x000001da842ff800, 0x000001da84d3ec60, 0x000001da84e9f020, 0x000001da84ea3910,
0x000001da85e5cc20, 0x000001da861687a0, 0x000001da86768030, 0x000001da85907580,
0x000001da863a0ec0, 0x000001da8677a530, 0x000001da8677d550, 0x000001da8677b870,
0x000001da8677aed0, 0x000001da8677aa00, 0x000001da8677d080, 0x000001da8677a060,
0x000001da8677c210, 0x000001da8677b3a0, 0x000001da8677c6e0, 0x000001da8677cbb0,
0x000001da8677da20, 0x000001da868e9890, 0x000001da868ebf10, 0x000001da868e63a0,
0x000001da868ec3e0, 0x000001da868e5060, 0x000001da868e93c0, 0x000001da868e8080,
0x000001da868e7bb0, 0x000001da868e8a20, 0x000001da868e8550, 0x000001da868e5ed0,
0x000001da868eb0a0, 0x000001da868eb570, 0x000001da868e5a00, 0x000001da868eba40,
0x000001da882993b0, 0x000001da8829d240, 0x000001da8829d710, 0x000001da8829c8a0,
0x000001da88298070, 0x000001da8829abc0, 0x000001da88296d30, 0x000001da8829b090,
0x000001da882976d0, 0x000001da8829a6f0, 0x000001da88298540, 0x000001da88297200,
0x000001da88297ba0, 0x000001da8829b560, 0x000001da8829ba30, 0x000001da88299d50,
0x000001da8829cd70, 0x000001da88298a10, 0x000001da88298ee0, 0x000001da8829a220,
0x000001da8829bf00, 0x000001da8829c3d0, 0x000001da88299880, 0x000001da88295ec0,
0x000001da88296390, 0x000001da88296860, 0x000001da88068e10, 0x000001da8806db10,
0x000001da8806dfe0, 0x000001da8806e4b0, 0x000001da8806b960, 0x000001da8806be30,
0x000001da8806a620, 0x000001da8806e980, 0x000001da88067600, 0x000001da8806a150,
0x000001da880692e0
}

Java Threads: ( => current thread )
  0x000001dae8cf0f50 JavaThread "main" [_thread_blocked, id=11088, stack(0x0000005bd6d00000,0x0000005bd6e00000)]
  0x000001da8429dcb0 JavaThread "Reference Handler" daemon [_thread_blocked, id=7380, stack(0x0000005bd7400000,0x0000005bd7500000)]
  0x000001da8429eb20 JavaThread "Finalizer" daemon [_thread_blocked, id=13276, stack(0x0000005bd7500000,0x0000005bd7600000)]
  0x000001da842e5810 JavaThread "Signal Dispatcher" daemon [_thread_blocked, id=10788, stack(0x0000005bd7600000,0x0000005bd7700000)]
  0x000001da842f9540 JavaThread "Attach Listener" daemon [_thread_blocked, id=12948, stack(0x0000005bd7700000,0x0000005bd7800000)]
  0x000001da842f9e00 JavaThread "Service Thread" daemon [_thread_blocked, id=12176, stack(0x0000005bd7800000,0x0000005bd7900000)]
  0x000001da842fdbc0 JavaThread "Monitor Deflation Thread" daemon [_thread_blocked, id=9700, stack(0x0000005bd7900000,0x0000005bd7a00000)]
  0x000001da842fe950 JavaThread "C2 CompilerThread0" daemon [_thread_blocked, id=12528, stack(0x0000005bd7a00000,0x0000005bd7b00000)]
  0x000001da842ff800 JavaThread "C1 CompilerThread0" daemon [_thread_blocked, id=2116, stack(0x0000005bd7b00000,0x0000005bd7c00000)]
  0x000001da84d3ec60 JavaThread "Sweeper thread" daemon [_thread_blocked, id=3068, stack(0x0000005bd7c00000,0x0000005bd7d00000)]
  0x000001da84e9f020 JavaThread "Common-Cleaner" daemon [_thread_blocked, id=6020, stack(0x0000005bd7d00000,0x0000005bd7e00000)]
  0x000001da84ea3910 JavaThread "Notification Thread" daemon [_thread_blocked, id=3884, stack(0x0000005bd7e00000,0x0000005bd7f00000)]
  0x000001da85e5cc20 JavaThread "Daemon health stats" [_thread_blocked, id=13100, stack(0x0000005bd8300000,0x0000005bd8400000)]
  0x000001da861687a0 JavaThread "Incoming local TCP Connector on port 59530" [_thread_in_native, id=6128, stack(0x0000005bd8400000,0x0000005bd8500000)]
  0x000001da86768030 JavaThread "Daemon periodic checks" [_thread_blocked, id=3248, stack(0x0000005bd8500000,0x0000005bd8600000)]
  0x000001da85907580 JavaThread "Daemon" [_thread_blocked, id=2776, stack(0x0000005bd8600000,0x0000005bd8700000)]
  0x000001da863a0ec0 JavaThread "Handler for socket connection from /127.0.0.1:59530 to /127.0.0.1:59531" [_thread_in_native, id=9676, stack(0x0000005bd8700000,0x0000005bd8800000)]
  0x000001da8677a530 JavaThread "Cancel handler" [_thread_blocked, id=8700, stack(0x0000005bd8800000,0x0000005bd8900000)]
  0x000001da8677d550 JavaThread "Daemon worker" [_thread_blocked, id=9728, stack(0x0000005bd8900000,0x0000005bd8a00000)]
  0x000001da8677b870 JavaThread "Asynchronous log dispatcher for DefaultDaemonConnection: socket connection from /127.0.0.1:59530 to /127.0.0.1:59531" [_thread_blocked, id=13068, stack(0x0000005bd8a00000,0x0000005bd8b00000)]
  0x000001da8677aed0 JavaThread "Stdin handler" [_thread_blocked, id=1044, stack(0x0000005bd8b00000,0x0000005bd8c00000)]
  0x000001da8677aa00 JavaThread "Daemon client event forwarder" [_thread_blocked, id=4372, stack(0x0000005bd8c00000,0x0000005bd8d00000)]
  0x000001da8677d080 JavaThread "Cache worker for journal cache (C:\Users\NICOLAS\.gradle\caches\journal-1)" [_thread_blocked, id=10140, stack(0x0000005bd8d00000,0x0000005bd8e00000)]
  0x000001da8677a060 JavaThread "File lock request listener" [_thread_in_native, id=12296, stack(0x0000005bd8e00000,0x0000005bd8f00000)]
  0x000001da8677c210 JavaThread "Cache worker for file hash cache (C:\Users\NICOLAS\.gradle\caches\8.0\fileHashes)" [_thread_blocked, id=9096, stack(0x0000005bd8f00000,0x0000005bd9000000)]
  0x000001da8677b3a0 JavaThread "File watcher server" daemon [_thread_in_native, id=11604, stack(0x0000005bd9000000,0x0000005bd9100000)]
  0x000001da8677c6e0 JavaThread "File watcher consumer" daemon [_thread_blocked, id=1052, stack(0x0000005bd9100000,0x0000005bd9200000)]
  0x000001da8677cbb0 JavaThread "jar transforms" [_thread_blocked, id=2640, stack(0x0000005bd9200000,0x0000005bd9300000)]
  0x000001da8677da20 JavaThread "jar transforms Thread 2" [_thread_blocked, id=11608, stack(0x0000005bd9300000,0x0000005bd9400000)]
  0x000001da868e9890 JavaThread "jar transforms Thread 3" [_thread_blocked, id=10024, stack(0x0000005bd9400000,0x0000005bd9500000)]
  0x000001da868ebf10 JavaThread "jar transforms Thread 4" [_thread_blocked, id=4720, stack(0x0000005bd9500000,0x0000005bd9600000)]
  0x000001da868e63a0 JavaThread "Cache worker for checksums cache (C:\Users\NICOLAS\Documents\AndroidStudio\RedSocial\.gradle\8.0\checksums)" [_thread_blocked, id=6320, stack(0x0000005bd9600000,0x0000005bd9700000)]
  0x000001da868ec3e0 JavaThread "Cache worker for cache directory md-rule (C:\Users\NICOLAS\.gradle\caches\8.0\md-rule)" [_thread_blocked, id=11820, stack(0x0000005bd9700000,0x0000005bd9800000)]
  0x000001da868e5060 JavaThread "Cache worker for file content cache (C:\Users\NICOLAS\.gradle\caches\8.0\fileContent)" [_thread_blocked, id=10464, stack(0x0000005bd9800000,0x0000005bd9900000)]
  0x000001da868e93c0 JavaThread "Cache worker for file hash cache (C:\Users\NICOLAS\Documents\AndroidStudio\RedSocial\.gradle\8.0\fileHashes)" [_thread_blocked, id=11980, stack(0x0000005bd9900000,0x0000005bd9a00000)]
  0x000001da868e8080 JavaThread "Cache worker for cache directory md-supplier (C:\Users\NICOLAS\.gradle\caches\8.0\md-supplier)" [_thread_blocked, id=10044, stack(0x0000005bd9a00000,0x0000005bd9b00000)]
  0x000001da868e7bb0 JavaThread "Cache worker for execution history cache (C:\Users\NICOLAS\.gradle\caches\8.0\executionHistory)" [_thread_blocked, id=3204, stack(0x0000005bd9b00000,0x0000005bd9c00000)]
  0x000001da868e8a20 JavaThread "Cache worker for kotlin-dsl (C:\Users\NICOLAS\.gradle\caches\8.0\kotlin-dsl)" [_thread_blocked, id=13148, stack(0x0000005bd9c00000,0x0000005bd9d00000)]
  0x000001da868e8550 JavaThread "Cache worker for dependencies-accessors (C:\Users\NICOLAS\Documents\AndroidStudio\RedSocial\.gradle\8.0\dependencies-accessors)" [_thread_blocked, id=6844, stack(0x0000005bd9d00000,0x0000005bd9e00000)]
  0x000001da868e5ed0 JavaThread "Cache worker for Build Output Cleanup Cache (C:\Users\NICOLAS\Documents\AndroidStudio\RedSocial\.gradle\buildOutputCleanup)" [_thread_blocked, id=9048, stack(0x0000005bd9e00000,0x0000005bd9f00000)]
  0x000001da868eb0a0 JavaThread "Unconstrained build operations" [_thread_blocked, id=1924, stack(0x0000005bd9f00000,0x0000005bda000000)]
  0x000001da868eb570 JavaThread "Unconstrained build operations Thread 2" [_thread_blocked, id=11048, stack(0x0000005bda000000,0x0000005bda100000)]
  0x000001da868e5a00 JavaThread "Unconstrained build operations Thread 3" [_thread_blocked, id=10272, stack(0x0000005bda100000,0x0000005bda200000)]
  0x000001da868eba40 JavaThread "Unconstrained build operations Thread 4" [_thread_blocked, id=9732, stack(0x0000005bda200000,0x0000005bda300000)]
  0x000001da882993b0 JavaThread "Unconstrained build operations Thread 5" [_thread_blocked, id=6744, stack(0x0000005bda300000,0x0000005bda400000)]
  0x000001da8829d240 JavaThread "Unconstrained build operations Thread 6" [_thread_blocked, id=3868, stack(0x0000005bda400000,0x0000005bda500000)]
  0x000001da8829d710 JavaThread "Unconstrained build operations Thread 7" [_thread_blocked, id=7500, stack(0x0000005bda500000,0x0000005bda600000)]
  0x000001da8829c8a0 JavaThread "Unconstrained build operations Thread 8" [_thread_blocked, id=12684, stack(0x0000005bda600000,0x0000005bda700000)]
  0x000001da88298070 JavaThread "Unconstrained build operations Thread 9" [_thread_blocked, id=2016, stack(0x0000005bda700000,0x0000005bda800000)]
  0x000001da8829abc0 JavaThread "Unconstrained build operations Thread 10" [_thread_blocked, id=448, stack(0x0000005bda800000,0x0000005bda900000)]
  0x000001da88296d30 JavaThread "Unconstrained build operations Thread 11" [_thread_blocked, id=10584, stack(0x0000005bda900000,0x0000005bdaa00000)]
  0x000001da8829b090 JavaThread "Unconstrained build operations Thread 12" [_thread_blocked, id=5296, stack(0x0000005bdaa00000,0x0000005bdab00000)]
  0x000001da882976d0 JavaThread "Unconstrained build operations Thread 13" [_thread_blocked, id=3212, stack(0x0000005bdab00000,0x0000005bdac00000)]
  0x000001da8829a6f0 JavaThread "Unconstrained build operations Thread 14" [_thread_blocked, id=7172, stack(0x0000005bdac00000,0x0000005bdad00000)]
  0x000001da88298540 JavaThread "Unconstrained build operations Thread 15" [_thread_blocked, id=10212, stack(0x0000005bdad00000,0x0000005bdae00000)]
  0x000001da88297200 JavaThread "Unconstrained build operations Thread 16" [_thread_blocked, id=7864, stack(0x0000005bdae00000,0x0000005bdaf00000)]
  0x000001da88297ba0 JavaThread "Unconstrained build operations Thread 17" [_thread_blocked, id=316, stack(0x0000005bdaf00000,0x0000005bdb000000)]
  0x000001da8829b560 JavaThread "Unconstrained build operations Thread 18" [_thread_blocked, id=10700, stack(0x0000005bdb000000,0x0000005bdb100000)]
  0x000001da8829ba30 JavaThread "Unconstrained build operations Thread 19" [_thread_blocked, id=9960, stack(0x0000005bdb100000,0x0000005bdb200000)]
  0x000001da88299d50 JavaThread "Unconstrained build operations Thread 20" [_thread_blocked, id=7104, stack(0x0000005bdb200000,0x0000005bdb300000)]
  0x000001da8829cd70 JavaThread "Unconstrained build operations Thread 21" [_thread_blocked, id=8944, stack(0x0000005bdb300000,0x0000005bdb400000)]
  0x000001da88298a10 JavaThread "Unconstrained build operations Thread 22" [_thread_blocked, id=6008, stack(0x0000005bdb400000,0x0000005bdb500000)]
  0x000001da88298ee0 JavaThread "Unconstrained build operations Thread 23" [_thread_blocked, id=11284, stack(0x0000005bdb500000,0x0000005bdb600000)]
  0x000001da8829a220 JavaThread "Unconstrained build operations Thread 24" [_thread_blocked, id=4472, stack(0x0000005bdb600000,0x0000005bdb700000)]
  0x000001da8829bf00 JavaThread "Unconstrained build operations Thread 25" [_thread_blocked, id=7492, stack(0x0000005bdb700000,0x0000005bdb800000)]
  0x000001da8829c3d0 JavaThread "Unconstrained build operations Thread 26" [_thread_blocked, id=5716, stack(0x0000005bdb800000,0x0000005bdb900000)]
  0x000001da88299880 JavaThread "Unconstrained build operations Thread 27" [_thread_blocked, id=12972, stack(0x0000005bdb900000,0x0000005bdba00000)]
  0x000001da88295ec0 JavaThread "Unconstrained build operations Thread 28" [_thread_blocked, id=6708, stack(0x0000005bdba00000,0x0000005bdbb00000)]
  0x000001da88296390 JavaThread "Unconstrained build operations Thread 29" [_thread_blocked, id=3140, stack(0x0000005bdbb00000,0x0000005bdbc00000)]
  0x000001da88296860 JavaThread "Unconstrained build operations Thread 30" [_thread_blocked, id=12980, stack(0x0000005bdbc00000,0x0000005bdbd00000)]
  0x000001da88068e10 JavaThread "Unconstrained build operations Thread 31" [_thread_blocked, id=9192, stack(0x0000005bdbd00000,0x0000005bdbe00000)]
  0x000001da8806db10 JavaThread "Unconstrained build operations Thread 32" [_thread_blocked, id=7100, stack(0x0000005bdbe00000,0x0000005bdbf00000)]
  0x000001da8806dfe0 JavaThread "Unconstrained build operations Thread 33" [_thread_blocked, id=2920, stack(0x0000005bdbf00000,0x0000005bdc000000)]
  0x000001da8806e4b0 JavaThread "Unconstrained build operations Thread 34" [_thread_blocked, id=7108, stack(0x0000005bdc000000,0x0000005bdc100000)]
  0x000001da8806b960 JavaThread "Unconstrained build operations Thread 35" [_thread_blocked, id=4812, stack(0x0000005bdc100000,0x0000005bdc200000)]
  0x000001da8806be30 JavaThread "Unconstrained build operations Thread 36" [_thread_blocked, id=10980, stack(0x0000005bdc200000,0x0000005bdc300000)]
  0x000001da8806a620 JavaThread "Unconstrained build operations Thread 37" [_thread_blocked, id=11144, stack(0x0000005bdc300000,0x0000005bdc400000)]
  0x000001da8806e980 JavaThread "Unconstrained build operations Thread 38" [_thread_blocked, id=3180, stack(0x0000005bdc400000,0x0000005bdc500000)]
  0x000001da88067600 JavaThread "Unconstrained build operations Thread 39" [_thread_blocked, id=12800, stack(0x0000005bdc500000,0x0000005bdc600000)]
  0x000001da8806a150 JavaThread "Unconstrained build operations Thread 40" [_thread_blocked, id=12976, stack(0x0000005bdc600000,0x0000005bdc700000)]
  0x000001da880692e0 JavaThread "Memory manager" [_thread_blocked, id=6036, stack(0x0000005bdc700000,0x0000005bdc800000)]

Other Threads:
=>0x000001da842b0a00 VMThread "VM Thread" [stack: 0x0000005bd7300000,0x0000005bd7400000] [id=5844]
  0x000001dae8dbdd20 WatcherThread [stack: 0x0000005bd7f00000,0x0000005bd8000000] [id=6616]
  0x000001dae8d4d020 GCTaskThread "GC Thread#0" [stack: 0x0000005bd6e00000,0x0000005bd6f00000] [id=9432]
  0x000001da851d73b0 GCTaskThread "GC Thread#1" [stack: 0x0000005bd8000000,0x0000005bd8100000] [id=5136]
  0x000001da851d78a0 GCTaskThread "GC Thread#2" [stack: 0x0000005bd8100000,0x0000005bd8200000] [id=13104]
  0x000001da855d5a60 GCTaskThread "GC Thread#3" [stack: 0x0000005bd8200000,0x0000005bd8300000] [id=1652]
  0x000001dae8d5e7d0 ConcurrentGCThread "G1 Main Marker" [stack: 0x0000005bd6f00000,0x0000005bd7000000] [id=7656]
  0x000001dae8d5f1e0 ConcurrentGCThread "G1 Conc#0" [stack: 0x0000005bd7000000,0x0000005bd7100000] [id=10872]
  0x000001dae8db1470 ConcurrentGCThread "G1 Refine#0" [stack: 0x0000005bd7100000,0x0000005bd7200000] [id=6596]
  0x000001dae8db1e90 ConcurrentGCThread "G1 Service" [stack: 0x0000005bd7200000,0x0000005bd7300000] [id=9748]

Threads with active compile tasks:
C2 CompilerThread0    20028 6842   !   4       java.util.jar.Attributes::read (494 bytes)

VM state: at safepoint (normal execution)

VM Mutex/Monitor currently owned by a thread:  ([mutex/lock_event])
[0x000001dae8cebfd0] Threads_lock - owner thread: 0x000001da842b0a00
[0x000001dae8cec3c0] Heap_lock - owner thread: 0x000001da8677d550

Heap address: 0x0000000080000000, size: 2048 MB, Compressed Oops mode: 32-bit

CDS archive(s) not mapped
Compressed class space mapped at: 0x0000000100000000-0x0000000140000000, reserved size: 1073741824
Narrow klass base: 0x0000000000000000, Narrow klass shift: 3, Narrow klass range: 0x140000000

GC Precious Log:
 CPUs: 4 total, 4 available
 Memory: 3971M
 Large Page Support: Disabled
 NUMA Support: Disabled
 Compressed Oops: Enabled (32-bit)
 Heap Region Size: 1M
 Heap Min Capacity: 8M
 Heap Initial Capacity: 64M
 Heap Max Capacity: 2G
 Pre-touch: Disabled
 Parallel Workers: 4
 Concurrent Workers: 1
 Concurrent Refinement Workers: 4
 Periodic GC: Disabled

Heap:
 garbage-first heap   total 140288K, used 86728K [0x0000000080000000, 0x0000000100000000)
  region size 1024K, 3 young (3072K), 3 survivors (3072K)
 Metaspace       used 70218K, committed 70976K, reserved 1114112K
  class space    used 9836K, committed 10176K, reserved 1048576K

Heap Regions: E=young(eden), S=young(survivor), O=old, HS=humongous(starts), HC=humongous(continues), CS=collection set, F=free, OA=open archive, CA=closed archive, TAMS=top-at-mark-start (previous, next)
|   0|0x0000000080000000, 0x0000000080100000, 0x0000000080100000|100%| O|  |TAMS 0x0000000080100000, 0x0000000080000000| Untracked 
|   1|0x0000000080100000, 0x0000000080200000, 0x0000000080200000|100%| O|  |TAMS 0x0000000080200000, 0x0000000080100000| Untracked 
|   2|0x0000000080200000, 0x0000000080300000, 0x0000000080300000|100%|HS|  |TAMS 0x0000000080300000, 0x0000000080200000| Complete 
|   3|0x0000000080300000, 0x0000000080400000, 0x0000000080400000|100%|HC|  |TAMS 0x0000000080400000, 0x0000000080300000| Complete 
|   4|0x0000000080400000, 0x0000000080500000, 0x0000000080500000|100%|HC|  |TAMS 0x0000000080500000, 0x0000000080400000| Complete 
|   5|0x0000000080500000, 0x0000000080600000, 0x0000000080600000|100%|HC|  |TAMS 0x0000000080600000, 0x0000000080500000| Complete 
|   6|0x0000000080600000, 0x0000000080700000, 0x0000000080700000|100%| O|  |TAMS 0x0000000080700000, 0x0000000080600000| Untracked 
|   7|0x0000000080700000, 0x0000000080800000, 0x0000000080800000|100%| O|  |TAMS 0x0000000080800000, 0x0000000080700000| Untracked 
|   8|0x0000000080800000, 0x0000000080900000, 0x0000000080900000|100%| O|  |TAMS 0x0000000080900000, 0x0000000080800000| Untracked 
|   9|0x0000000080900000, 0x0000000080a00000, 0x0000000080a00000|100%| O|  |TAMS 0x0000000080a00000, 0x0000000080900000| Untracked 
|  10|0x0000000080a00000, 0x0000000080b00000, 0x0000000080b00000|100%| O|  |TAMS 0x0000000080b00000, 0x0000000080a00000| Untracked 
|  11|0x0000000080b00000, 0x0000000080c00000, 0x0000000080c00000|100%| O|  |TAMS 0x0000000080c00000, 0x0000000080b00000| Untracked 
|  12|0x0000000080c00000, 0x0000000080d00000, 0x0000000080d00000|100%| O|  |TAMS 0x0000000080d00000, 0x0000000080c00000| Untracked 
|  13|0x0000000080d00000, 0x0000000080e00000, 0x0000000080e00000|100%| O|  |TAMS 0x0000000080e00000, 0x0000000080d00000| Untracked 
|  14|0x0000000080e00000, 0x0000000080f00000, 0x0000000080f00000|100%| O|  |TAMS 0x0000000080f00000, 0x0000000080e00000| Untracked 
|  15|0x0000000080f00000, 0x0000000081000000, 0x0000000081000000|100%| O|  |TAMS 0x0000000081000000, 0x0000000080f00000| Untracked 
|  16|0x0000000081000000, 0x0000000081100000, 0x0000000081100000|100%| O|  |TAMS 0x0000000081100000, 0x0000000081000000| Untracked 
|  17|0x0000000081100000, 0x0000000081200000, 0x0000000081200000|100%| O|  |TAMS 0x0000000081200000, 0x0000000081100000| Untracked 
|  18|0x0000000081200000, 0x0000000081300000, 0x0000000081300000|100%|HS|  |TAMS 0x0000000081300000, 0x0000000081200000| Complete 
|  19|0x0000000081300000, 0x0000000081400000, 0x0000000081400000|100%|HS|  |TAMS 0x0000000081400000, 0x0000000081300000| Complete 
|  20|0x0000000081400000, 0x0000000081500000, 0x0000000081500000|100%|HC|  |TAMS 0x0000000081500000, 0x0000000081400000| Complete 
|  21|0x0000000081500000, 0x0000000081600000, 0x0000000081600000|100%|HS|  |TAMS 0x0000000081600000, 0x0000000081500000| Complete 
|  22|0x0000000081600000, 0x0000000081700000, 0x0000000081700000|100%|HC|  |TAMS 0x0000000081700000, 0x0000000081600000| Complete 
|  23|0x0000000081700000, 0x0000000081800000, 0x0000000081800000|100%|HC|  |TAMS 0x0000000081800000, 0x0000000081700000| Complete 
|  24|0x0000000081800000, 0x0000000081900000, 0x0000000081900000|100%| O|  |TAMS 0x0000000081900000, 0x0000000081800000| Untracked 
|  25|0x0000000081900000, 0x0000000081a00000, 0x0000000081a00000|100%|HS|  |TAMS 0x0000000081a00000, 0x0000000081900000| Complete 
|  26|0x0000000081a00000, 0x0000000081b00000, 0x0000000081b00000|100%|HC|  |TAMS 0x0000000081b00000, 0x0000000081a00000| Complete 
|  27|0x0000000081b00000, 0x0000000081c00000, 0x0000000081c00000|100%|HC|  |TAMS 0x0000000081c00000, 0x0000000081b00000| Complete 
|  28|0x0000000081c00000, 0x0000000081d00000, 0x0000000081d00000|100%| O|  |TAMS 0x0000000081d00000, 0x0000000081c00000| Untracked 
|  29|0x0000000081d00000, 0x0000000081e00000, 0x0000000081e00000|100%| O|  |TAMS 0x0000000081e00000, 0x0000000081d00000| Untracked 
|  30|0x0000000081e00000, 0x0000000081f00000, 0x0000000081f00000|100%| O|  |TAMS 0x0000000081f00000, 0x0000000081e00000| Untracked 
|  31|0x0000000081f00000, 0x0000000082000000, 0x0000000082000000|100%| O|  |TAMS 0x0000000082000000, 0x0000000081f00000| Untracked 
|  32|0x0000000082000000, 0x0000000082100000, 0x0000000082100000|100%|HS|  |TAMS 0x0000000082100000, 0x0000000082000000| Complete 
|  33|0x0000000082100000, 0x0000000082200000, 0x0000000082200000|100%|HC|  |TAMS 0x0000000082200000, 0x0000000082100000| Complete 
|  34|0x0000000082200000, 0x0000000082300000, 0x0000000082300000|100%|HC|  |TAMS 0x0000000082300000, 0x0000000082200000| Complete 
|  35|0x0000000082300000, 0x0000000082400000, 0x0000000082400000|100%|HC|  |TAMS 0x0000000082400000, 0x0000000082300000| Complete 
|  36|0x0000000082400000, 0x0000000082500000, 0x0000000082500000|100%|HC|  |TAMS 0x0000000082500000, 0x0000000082400000| Complete 
|  37|0x0000000082500000, 0x0000000082600000, 0x0000000082600000|100%|HC|  |TAMS 0x0000000082600000, 0x0000000082500000| Complete 
|  38|0x0000000082600000, 0x0000000082700000, 0x0000000082700000|100%|HC|  |TAMS 0x0000000082700000, 0x0000000082600000| Complete 
|  39|0x0000000082700000, 0x0000000082800000, 0x0000000082800000|100%|HC|  |TAMS 0x0000000082800000, 0x0000000082700000| Complete 
|  40|0x0000000082800000, 0x0000000082900000, 0x0000000082900000|100%|HC|  |TAMS 0x0000000082900000, 0x0000000082800000| Complete 
|  41|0x0000000082900000, 0x0000000082a00000, 0x0000000082a00000|100%|HC|  |TAMS 0x0000000082a00000, 0x0000000082900000| Complete 
|  42|0x0000000082a00000, 0x0000000082b00000, 0x0000000082b00000|100%|HC|  |TAMS 0x0000000082b00000, 0x0000000082a00000| Complete 
|  43|0x0000000082b00000, 0x0000000082c00000, 0x0000000082c00000|100%|HC|  |TAMS 0x0000000082c00000, 0x0000000082b00000| Complete 
|  44|0x0000000082c00000, 0x0000000082d00000, 0x0000000082d00000|100%|HS|  |TAMS 0x0000000082d00000, 0x0000000082c00000| Complete 
|  45|0x0000000082d00000, 0x0000000082e00000, 0x0000000082e00000|100%|HC|  |TAMS 0x0000000082e00000, 0x0000000082d00000| Complete 
|  46|0x0000000082e00000, 0x0000000082f00000, 0x0000000082f00000|100%| O|  |TAMS 0x0000000082f00000, 0x0000000082e00000| Untracked 
|  47|0x0000000082f00000, 0x0000000083000000, 0x0000000083000000|100%| O|  |TAMS 0x0000000083000000, 0x0000000082f00000| Untracked 
|  48|0x0000000083000000, 0x0000000083100000, 0x0000000083100000|100%| O|  |TAMS 0x0000000083100000, 0x0000000083000000| Untracked 
|  49|0x0000000083100000, 0x0000000083200000, 0x0000000083200000|100%| O|  |TAMS 0x0000000083200000, 0x0000000083100000| Untracked 
|  50|0x0000000083200000, 0x0000000083300000, 0x0000000083300000|100%| O|  |TAMS 0x0000000083300000, 0x0000000083200000| Untracked 
|  51|0x0000000083300000, 0x0000000083400000, 0x0000000083400000|100%| O|  |TAMS 0x0000000083400000, 0x0000000083300000| Untracked 
|  52|0x0000000083400000, 0x0000000083500000, 0x0000000083500000|100%| O|  |TAMS 0x0000000083500000, 0x0000000083400000| Untracked 
|  53|0x0000000083500000, 0x0000000083600000, 0x0000000083600000|100%| O|  |TAMS 0x0000000083600000, 0x0000000083500000| Untracked 
|  54|0x0000000083600000, 0x0000000083700000, 0x0000000083700000|100%| O|  |TAMS 0x0000000083700000, 0x0000000083600000| Untracked 
|  55|0x0000000083700000, 0x0000000083700000, 0x0000000083800000|  0%| F|  |TAMS 0x0000000083700000, 0x0000000083700000| Untracked 
|  56|0x0000000083800000, 0x0000000083900000, 0x0000000083900000|100%| O|  |TAMS 0x0000000083900000, 0x0000000083800000| Untracked 
|  57|0x0000000083900000, 0x0000000083a00000, 0x0000000083a00000|100%| O|  |TAMS 0x0000000083a00000, 0x0000000083900000| Untracked 
|  58|0x0000000083a00000, 0x0000000083b00000, 0x0000000083b00000|100%| O|  |TAMS 0x0000000083b00000, 0x0000000083a00000| Untracked 
|  59|0x0000000083b00000, 0x0000000083c00000, 0x0000000083c00000|100%|HS|  |TAMS 0x0000000083c00000, 0x0000000083b00000| Complete 
|  60|0x0000000083c00000, 0x0000000083d00000, 0x0000000083d00000|100%|HC|  |TAMS 0x0000000083d00000, 0x0000000083c00000| Complete 
|  61|0x0000000083d00000, 0x0000000083e00000, 0x0000000083e00000|100%|HC|  |TAMS 0x0000000083e00000, 0x0000000083d00000| Complete 
|  62|0x0000000083e00000, 0x0000000083f00000, 0x0000000083f00000|100%|HS|  |TAMS 0x0000000083f00000, 0x0000000083e00000| Complete 
|  63|0x0000000083f00000, 0x0000000084000000, 0x0000000084000000|100%|HC|  |TAMS 0x0000000084000000, 0x0000000083f00000| Complete 
|  64|0x0000000084000000, 0x0000000084100000, 0x0000000084100000|100%|HC|  |TAMS 0x0000000084100000, 0x0000000084000000| Complete 
|  65|0x0000000084100000, 0x0000000084200000, 0x0000000084200000|100%| O|  |TAMS 0x0000000084200000, 0x0000000084100000| Untracked 
|  66|0x0000000084200000, 0x0000000084300000, 0x0000000084300000|100%| O|  |TAMS 0x0000000084300000, 0x0000000084200000| Untracked 
|  67|0x0000000084300000, 0x0000000084400000, 0x0000000084400000|100%| O|  |TAMS 0x0000000084400000, 0x0000000084300000| Untracked 
|  68|0x0000000084400000, 0x0000000084500000, 0x0000000084500000|100%| O|  |TAMS 0x0000000084500000, 0x0000000084400000| Untracked 
|  69|0x0000000084500000, 0x0000000084600000, 0x0000000084600000|100%| O|  |TAMS 0x0000000084600000, 0x0000000084500000| Untracked 
|  70|0x0000000084600000, 0x0000000084700000, 0x0000000084700000|100%| O|  |TAMS 0x0000000084700000, 0x0000000084600000| Untracked 
|  71|0x0000000084700000, 0x0000000084800000, 0x0000000084800000|100%| O|  |TAMS 0x0000000084800000, 0x0000000084700000| Untracked 
|  72|0x0000000084800000, 0x0000000084900000, 0x0000000084900000|100%| O|  |TAMS 0x000000008489a600, 0x0000000084800000| Untracked 
|  73|0x0000000084900000, 0x0000000084a00000, 0x0000000084a00000|100%|HS|  |TAMS 0x0000000084a00000, 0x0000000084900000| Complete 
|  74|0x0000000084a00000, 0x0000000084b00000, 0x0000000084b00000|100%|HS|  |TAMS 0x0000000084b00000, 0x0000000084a00000| Complete 
|  75|0x0000000084b00000, 0x0000000084c00000, 0x0000000084c00000|100%| O|  |TAMS 0x0000000084b00000, 0x0000000084b00000| Untracked 
|  76|0x0000000084c00000, 0x0000000084d00000, 0x0000000084d00000|100%| O|  |TAMS 0x0000000084c00000, 0x0000000084c00000| Untracked 
|  77|0x0000000084d00000, 0x0000000084e00000, 0x0000000084e00000|100%| O|  |TAMS 0x0000000084d00000, 0x0000000084d00000| Untracked 
|  78|0x0000000084e00000, 0x0000000084f00000, 0x0000000084f00000|100%| O|  |TAMS 0x0000000084e00000, 0x0000000084e00000| Untracked 
|  79|0x0000000084f00000, 0x0000000085000000, 0x0000000085000000|100%| O|  |TAMS 0x0000000084f00000, 0x0000000084f00000| Untracked 
|  80|0x0000000085000000, 0x0000000085100000, 0x0000000085100000|100%| O|  |TAMS 0x0000000085000000, 0x0000000085000000| Untracked 
|  81|0x0000000085100000, 0x0000000085200000, 0x0000000085200000|100%| O|  |TAMS 0x0000000085100000, 0x0000000085100000| Untracked 
|  82|0x0000000085200000, 0x0000000085300000, 0x0000000085300000|100%| O|  |TAMS 0x0000000085200000, 0x0000000085200000| Untracked 
|  83|0x0000000085300000, 0x0000000085317e00, 0x0000000085400000|  9%| O|  |TAMS 0x0000000085300000, 0x0000000085300000| Untracked 
|  84|0x0000000085400000, 0x0000000085400000, 0x0000000085500000|  0%| F|  |TAMS 0x0000000085400000, 0x0000000085400000| Untracked 
|  85|0x0000000085500000, 0x0000000085500000, 0x0000000085600000|  0%| F|  |TAMS 0x0000000085500000, 0x0000000085500000| Untracked 
|  86|0x0000000085600000, 0x0000000085600000, 0x0000000085700000|  0%| F|  |TAMS 0x0000000085600000, 0x0000000085600000| Untracked 
|  87|0x0000000085700000, 0x0000000085700000, 0x0000000085800000|  0%| F|  |TAMS 0x0000000085700000, 0x0000000085700000| Untracked 
|  88|0x0000000085800000, 0x0000000085800000, 0x0000000085900000|  0%| F|  |TAMS 0x0000000085800000, 0x0000000085800000| Untracked 
|  89|0x0000000085900000, 0x0000000085900000, 0x0000000085a00000|  0%| F|  |TAMS 0x0000000085900000, 0x0000000085900000| Untracked 
|  90|0x0000000085a00000, 0x0000000085a00000, 0x0000000085b00000|  0%| F|  |TAMS 0x0000000085a00000, 0x0000000085a00000| Untracked 
|  91|0x0000000085b00000, 0x0000000085b00000, 0x0000000085c00000|  0%| F|  |TAMS 0x0000000085b00000, 0x0000000085b00000| Untracked 
|  92|0x0000000085c00000, 0x0000000085c00000, 0x0000000085d00000|  0%| F|  |TAMS 0x0000000085c00000, 0x0000000085c00000| Untracked 
|  93|0x0000000085d00000, 0x0000000085d00000, 0x0000000085e00000|  0%| F|  |TAMS 0x0000000085d00000, 0x0000000085d00000| Untracked 
|  94|0x0000000085e00000, 0x0000000085e00000, 0x0000000085f00000|  0%| F|  |TAMS 0x0000000085e00000, 0x0000000085e00000| Untracked 
|  95|0x0000000085f00000, 0x0000000085f00000, 0x0000000086000000|  0%| F|  |TAMS 0x0000000085f00000, 0x0000000085f00000| Untracked 
|  96|0x0000000086000000, 0x0000000086000000, 0x0000000086100000|  0%| F|  |TAMS 0x0000000086000000, 0x0000000086000000| Untracked 
|  97|0x0000000086100000, 0x0000000086100000, 0x0000000086200000|  0%| F|  |TAMS 0x0000000086100000, 0x0000000086100000| Untracked 
|  98|0x0000000086200000, 0x0000000086200000, 0x0000000086300000|  0%| F|  |TAMS 0x0000000086200000, 0x0000000086200000| Untracked 
|  99|0x0000000086300000, 0x0000000086300000, 0x0000000086400000|  0%| F|  |TAMS 0x0000000086300000, 0x0000000086300000| Untracked 
| 100|0x0000000086400000, 0x0000000086400000, 0x0000000086500000|  0%| F|  |TAMS 0x0000000086400000, 0x0000000086400000| Untracked 
| 101|0x0000000086500000, 0x0000000086500000, 0x0000000086600000|  0%| F|  |TAMS 0x0000000086500000, 0x0000000086500000| Untracked 
| 102|0x0000000086600000, 0x0000000086600000, 0x0000000086700000|  0%| F|  |TAMS 0x0000000086600000, 0x0000000086600000| Untracked 
| 103|0x0000000086700000, 0x0000000086700000, 0x0000000086800000|  0%| F|  |TAMS 0x0000000086700000, 0x0000000086700000| Untracked 
| 104|0x0000000086800000, 0x0000000086800000, 0x0000000086900000|  0%| F|  |TAMS 0x0000000086800000, 0x0000000086800000| Untracked 
| 105|0x0000000086900000, 0x000000008699a478, 0x0000000086a00000| 60%| S|CS|TAMS 0x0000000086900000, 0x0000000086900000| Complete 
| 106|0x0000000086a00000, 0x0000000086b00000, 0x0000000086b00000|100%| S|CS|TAMS 0x0000000086a00000, 0x0000000086a00000| Complete 
| 107|0x0000000086b00000, 0x0000000086c00000, 0x0000000086c00000|100%| S|CS|TAMS 0x0000000086b00000, 0x0000000086b00000| Complete 
| 108|0x0000000086c00000, 0x0000000086c00000, 0x0000000086d00000|  0%| F|  |TAMS 0x0000000086c00000, 0x0000000086c00000| Untracked 
| 109|0x0000000086d00000, 0x0000000086d00000, 0x0000000086e00000|  0%| F|  |TAMS 0x0000000086d00000, 0x0000000086d00000| Untracked 
| 110|0x0000000086e00000, 0x0000000086e00000, 0x0000000086f00000|  0%| F|  |TAMS 0x0000000086e00000, 0x0000000086e00000| Untracked 
| 111|0x0000000086f00000, 0x0000000086f00000, 0x0000000087000000|  0%| F|  |TAMS 0x0000000086f00000, 0x0000000086f00000| Untracked 
| 112|0x0000000087000000, 0x0000000087000000, 0x0000000087100000|  0%| F|  |TAMS 0x0000000087000000, 0x0000000087000000| Untracked 
| 113|0x0000000087100000, 0x0000000087100000, 0x0000000087200000|  0%| F|  |TAMS 0x0000000087100000, 0x0000000087100000| Untracked 
| 114|0x0000000087200000, 0x0000000087200000, 0x0000000087300000|  0%| F|  |TAMS 0x0000000087200000, 0x0000000087200000| Untracked 
| 115|0x0000000087300000, 0x0000000087300000, 0x0000000087400000|  0%| F|  |TAMS 0x0000000087300000, 0x0000000087300000| Untracked 
| 116|0x0000000087400000, 0x0000000087400000, 0x0000000087500000|  0%| F|  |TAMS 0x0000000087400000, 0x0000000087400000| Untracked 
| 117|0x0000000087500000, 0x0000000087500000, 0x0000000087600000|  0%| F|  |TAMS 0x0000000087500000, 0x0000000087500000| Untracked 
| 118|0x0000000087600000, 0x0000000087600000, 0x0000000087700000|  0%| F|  |TAMS 0x0000000087600000, 0x0000000087600000| Untracked 
| 119|0x0000000087700000, 0x0000000087700000, 0x0000000087800000|  0%| F|  |TAMS 0x0000000087700000, 0x0000000087700000| Untracked 
| 120|0x0000000087800000, 0x0000000087800000, 0x0000000087900000|  0%| F|  |TAMS 0x0000000087800000, 0x0000000087800000| Untracked 
| 121|0x0000000087900000, 0x0000000087900000, 0x0000000087a00000|  0%| F|  |TAMS 0x0000000087900000, 0x0000000087900000| Untracked 
| 122|0x0000000087a00000, 0x0000000087a00000, 0x0000000087b00000|  0%| F|  |TAMS 0x0000000087a00000, 0x0000000087a00000| Untracked 
| 123|0x0000000087b00000, 0x0000000087b00000, 0x0000000087c00000|  0%| F|  |TAMS 0x0000000087b00000, 0x0000000087b00000| Untracked 
| 124|0x0000000087c00000, 0x0000000087c00000, 0x0000000087d00000|  0%| F|  |TAMS 0x0000000087c00000, 0x0000000087c00000| Untracked 
| 125|0x0000000087d00000, 0x0000000087d00000, 0x0000000087e00000|  0%| F|  |TAMS 0x0000000087d00000, 0x0000000087d00000| Untracked 
| 126|0x0000000087e00000, 0x0000000087e00000, 0x0000000087f00000|  0%| F|  |TAMS 0x0000000087e00000, 0x0000000087e00000| Untracked 
| 127|0x0000000087f00000, 0x0000000087f00000, 0x0000000088000000|  0%| F|  |TAMS 0x0000000087f00000, 0x0000000087f00000| Untracked 
| 128|0x0000000088000000, 0x0000000088000000, 0x0000000088100000|  0%| F|  |TAMS 0x0000000088000000, 0x0000000088000000| Untracked 
| 129|0x0000000088100000, 0x0000000088100000, 0x0000000088200000|  0%| F|  |TAMS 0x0000000088100000, 0x0000000088100000| Untracked 
| 130|0x0000000088200000, 0x0000000088200000, 0x0000000088300000|  0%| F|  |TAMS 0x0000000088200000, 0x0000000088200000| Untracked 
| 131|0x0000000088300000, 0x0000000088300000, 0x0000000088400000|  0%| F|  |TAMS 0x0000000088300000, 0x0000000088300000| Untracked 
| 132|0x0000000088400000, 0x0000000088400000, 0x0000000088500000|  0%| F|  |TAMS 0x0000000088400000, 0x0000000088400000| Untracked 
| 133|0x0000000088500000, 0x0000000088500000, 0x0000000088600000|  0%| F|  |TAMS 0x0000000088500000, 0x0000000088500000| Untracked 
| 134|0x0000000088600000, 0x0000000088600000, 0x0000000088700000|  0%| F|  |TAMS 0x0000000088600000, 0x0000000088600000| Untracked 
| 135|0x0000000088700000, 0x0000000088700000, 0x0000000088800000|  0%| F|  |TAMS 0x0000000088700000, 0x0000000088700000| Untracked 
| 136|0x0000000088800000, 0x0000000088800000, 0x0000000088900000|  0%| F|  |TAMS 0x0000000088800000, 0x0000000088800000| Untracked 

Card table byte_map: [0x000001dafd410000,0x000001dafd810000] _byte_map_base: 0x000001dafd010000

Marking Bits (Prev, Next): (CMBitMap*) 0x000001dae8d4d630, (CMBitMap*) 0x000001dae8d4d670
 Prev Bits: [0x000001dafdc10000, 0x000001daffc10000)
 Next Bits: [0x000001da80000000, 0x000001da82000000)

Polling page: 0x000001dae8ac0000

Metaspace:

Usage:
  Non-class:     58.97 MB used.
      Class:      9.61 MB used.
       Both:     68.57 MB used.

Virtual space:
  Non-class space:       64.00 MB reserved,      59.38 MB ( 93%) committed,  8 nodes.
      Class space:        1.00 GB reserved,       9.94 MB ( <1%) committed,  1 nodes.
             Both:        1.06 GB reserved,      69.31 MB (  6%) committed. 

Chunk freelists:
   Non-Class:  432.00 KB
       Class:  1.98 MB
        Both:  2.41 MB

MaxMetaspaceSize: unlimited
CompressedClassSpaceSize: 1.00 GB
Initial GC threshold: 21.00 MB
Current GC threshold: 100.12 MB
CDS: off
MetaspaceReclaimPolicy: balanced
 - commit_granule_bytes: 65536.
 - commit_granule_words: 8192.
 - virtual_space_node_default_size: 1048576.
 - enlarge_chunks_in_place: 1.
 - new_chunks_are_fully_committed: 0.
 - uncommit_free_chunks: 1.
 - use_allocation_guard: 0.
 - handle_deallocations: 1.


Internal statistics:

num_allocs_failed_limit: 3.
num_arena_births: 856.
num_arena_deaths: 0.
num_vsnodes_births: 9.
num_vsnodes_deaths: 0.
num_space_committed: 1109.
num_space_uncommitted: 0.
num_chunks_returned_to_freelist: 3.
num_chunks_taken_from_freelist: 3231.
num_chunk_merges: 3.
num_chunk_splits: 2157.
num_chunks_enlarged: 1469.
num_purges: 0.
num_inconsistent_stats: 0.

CodeHeap 'non-profiled nmethods': size=120000Kb used=2633Kb max_used=3139Kb free=117366Kb
 bounds [0x000001daf54c0000, 0x000001daf57e0000, 0x000001dafc9f0000]
CodeHeap 'profiled nmethods': size=120000Kb used=11330Kb max_used=12377Kb free=108669Kb
 bounds [0x000001daed9f0000, 0x000001daee620000, 0x000001daf4f20000]
CodeHeap 'non-nmethods': size=5760Kb used=2360Kb max_used=2420Kb free=3399Kb
 bounds [0x000001daf4f20000, 0x000001daf5190000, 0x000001daf54c0000]
 total_blobs=6803 nmethods=5914 adapters=800
 compilation: enabled
              stopped_count=0, restarted_count=0
 full_count=0

Compilation events (20 events):
Event: 19.852 Thread 0x000001da842ff800 6837       3       sun.security.util.DerValue::data (29 bytes)
Event: 19.852 Thread 0x000001da842ff800 nmethod 6837 0x000001daedad7590 code [0x000001daedad7740, 0x000001daedad7908]
Event: 19.854 Thread 0x000001da842fe950 nmethod 6714 0x000001daf5507510 code [0x000001daf55076c0, 0x000001daf5507e48]
Event: 19.854 Thread 0x000001da842fe950 6585       4       java.util.HashMap::<init> (98 bytes)
Event: 19.856 Thread 0x000001da842fe950 nmethod 6585 0x000001daf5567190 code [0x000001daf5567300, 0x000001daf5567478]
Event: 19.856 Thread 0x000001da842fe950 6603       4       org.gradle.internal.instantiation.generator.AsmBackedClassGenerator::access$8100 (4 bytes)
Event: 19.857 Thread 0x000001da842fe950 nmethod 6603 0x000001daf55aba10 code [0x000001daf55abb80, 0x000001daf55abbd8]
Event: 19.861 Thread 0x000001da842fe950 6838       4       java.lang.StringLatin1::toUpperCase (186 bytes)
Event: 19.864 Thread 0x000001da842ff800 6839       3       sun.security.util.DerValue::<init> (445 bytes)
Event: 19.867 Thread 0x000001da842ff800 nmethod 6839 0x000001daedac3f90 code [0x000001daedac4380, 0x000001daedac5d78]
Event: 19.867 Thread 0x000001da842ff800 6840       3       sun.security.util.DerInputStream::getDerValue (76 bytes)
Event: 19.868 Thread 0x000001da842ff800 nmethod 6840 0x000001daee098910 code [0x000001daee098ac0, 0x000001daee098d28]
Event: 19.870 Thread 0x000001da842ff800 6841       3       java.util.concurrent.ConcurrentHashMap::isEmpty (15 bytes)
Event: 19.870 Thread 0x000001da842ff800 nmethod 6841 0x000001daedf69090 code [0x000001daedf69240, 0x000001daedf693e8]
Event: 19.872 Thread 0x000001da842ff800 6843       3       sun.security.util.DerInputStream::available (10 bytes)
Event: 19.873 Thread 0x000001da842ff800 nmethod 6843 0x000001daee008b10 code [0x000001daee008ca0, 0x000001daee008db8]
Event: 19.885 Thread 0x000001da842fe950 nmethod 6838 0x000001daf54e4690 code [0x000001daf54e4840, 0x000001daf54e5218]
Event: 19.886 Thread 0x000001da842fe950 6842   !   4       java.util.jar.Attributes::read (494 bytes)
Event: 19.890 Thread 0x000001da842ff800 6845       3       java.lang.CharacterDataLatin1::isWhitespace (23 bytes)
Event: 19.890 Thread 0x000001da842ff800 nmethod 6845 0x000001daee098410 code [0x000001daee0985c0, 0x000001daee0987b8]

GC Heap History (20 events):
Event: 12.052 GC heap after
{Heap after GC invocations=21 (full 0):
 garbage-first heap   total 109568K, used 59370K [0x0000000080000000, 0x0000000100000000)
  region size 1024K, 1 young (1024K), 1 survivors (1024K)
 Metaspace       used 46609K, committed 47040K, reserved 1097728K
  class space    used 6190K, committed 6400K, reserved 1048576K
}
Event: 12.163 GC heap before
{Heap before GC invocations=21 (full 0):
 garbage-first heap   total 109568K, used 60394K [0x0000000080000000, 0x0000000100000000)
  region size 1024K, 3 young (3072K), 1 survivors (1024K)
 Metaspace       used 46656K, committed 47104K, reserved 1097728K
  class space    used 6193K, committed 6400K, reserved 1048576K
}
Event: 12.166 GC heap after
{Heap after GC invocations=22 (full 0):
 garbage-first heap   total 109568K, used 59808K [0x0000000080000000, 0x0000000100000000)
  region size 1024K, 2 young (2048K), 2 survivors (2048K)
 Metaspace       used 46656K, committed 47104K, reserved 1097728K
  class space    used 6193K, committed 6400K, reserved 1048576K
}
Event: 12.915 GC heap before
{Heap before GC invocations=23 (full 0):
 garbage-first heap   total 116736K, used 91552K [0x0000000080000000, 0x0000000100000000)
  region size 1024K, 27 young (27648K), 2 survivors (2048K)
 Metaspace       used 49450K, committed 49984K, reserved 1097728K
  class space    used 6479K, committed 6720K, reserved 1048576K
}
Event: 12.923 GC heap after
{Heap after GC invocations=24 (full 0):
 garbage-first heap   total 116736K, used 69102K [0x0000000080000000, 0x0000000100000000)
  region size 1024K, 4 young (4096K), 4 survivors (4096K)
 Metaspace       used 49450K, committed 49984K, reserved 1097728K
  class space    used 6479K, committed 6720K, reserved 1048576K
}
Event: 12.944 GC heap before
{Heap before GC invocations=24 (full 0):
 garbage-first heap   total 116736K, used 70126K [0x0000000080000000, 0x0000000100000000)
  region size 1024K, 5 young (5120K), 4 survivors (4096K)
 Metaspace       used 49563K, committed 50112K, reserved 1097728K
  class space    used 6493K, committed 6720K, reserved 1048576K
}
Event: 12.956 GC heap after
{Heap after GC invocations=25 (full 0):
 garbage-first heap   total 140288K, used 69539K [0x0000000080000000, 0x0000000100000000)
  region size 1024K, 1 young (1024K), 1 survivors (1024K)
 Metaspace       used 49563K, committed 50112K, reserved 1097728K
  class space    used 6493K, committed 6720K, reserved 1048576K
}
Event: 14.160 GC heap before
{Heap before GC invocations=25 (full 0):
 garbage-first heap   total 140288K, used 104355K [0x0000000080000000, 0x0000000100000000)
  region size 1024K, 35 young (35840K), 1 survivors (1024K)
 Metaspace       used 52393K, committed 53056K, reserved 1097728K
  class space    used 6999K, committed 7296K, reserved 1048576K
}
Event: 14.170 GC heap after
{Heap after GC invocations=26 (full 0):
 garbage-first heap   total 140288K, used 71347K [0x0000000080000000, 0x0000000100000000)
  region size 1024K, 3 young (3072K), 3 survivors (3072K)
 Metaspace       used 52393K, committed 53056K, reserved 1097728K
  class space    used 6999K, committed 7296K, reserved 1048576K
}
Event: 16.104 GC heap before
{Heap before GC invocations=27 (full 0):
 garbage-first heap   total 140288K, used 109235K [0x0000000080000000, 0x0000000100000000)
  region size 1024K, 41 young (41984K), 3 survivors (3072K)
 Metaspace       used 56141K, committed 56768K, reserved 1105920K
  class space    used 7545K, committed 7808K, reserved 1048576K
}
Event: 16.115 GC heap after
{Heap after GC invocations=28 (full 0):
 garbage-first heap   total 140288K, used 73942K [0x0000000080000000, 0x0000000100000000)
  region size 1024K, 5 young (5120K), 5 survivors (5120K)
 Metaspace       used 56141K, committed 56768K, reserved 1105920K
  class space    used 7545K, committed 7808K, reserved 1048576K
}
Event: 16.160 GC heap before
{Heap before GC invocations=28 (full 0):
 garbage-first heap   total 140288K, used 74966K [0x0000000080000000, 0x0000000100000000)
  region size 1024K, 6 young (6144K), 5 survivors (5120K)
 Metaspace       used 56154K, committed 56768K, reserved 1105920K
  class space    used 7545K, committed 7808K, reserved 1048576K
}
Event: 16.189 GC heap after
{Heap after GC invocations=29 (full 0):
 garbage-first heap   total 140288K, used 74115K [0x0000000080000000, 0x0000000100000000)
  region size 1024K, 1 young (1024K), 1 survivors (1024K)
 Metaspace       used 56154K, committed 56768K, reserved 1105920K
  class space    used 7545K, committed 7808K, reserved 1048576K
}
Event: 17.595 GC heap before
{Heap before GC invocations=29 (full 0):
 garbage-first heap   total 140288K, used 114051K [0x0000000080000000, 0x0000000100000000)
  region size 1024K, 38 young (38912K), 1 survivors (1024K)
 Metaspace       used 60648K, committed 61312K, reserved 1105920K
  class space    used 8595K, committed 8896K, reserved 1048576K
}
Event: 17.606 GC heap after
{Heap after GC invocations=30 (full 0):
 garbage-first heap   total 140288K, used 81193K [0x0000000080000000, 0x0000000100000000)
  region size 1024K, 5 young (5120K), 5 survivors (5120K)
 Metaspace       used 60648K, committed 61312K, reserved 1105920K
  class space    used 8595K, committed 8896K, reserved 1048576K
}
Event: 18.703 GC heap before
{Heap before GC invocations=31 (full 0):
 garbage-first heap   total 140288K, used 111913K [0x0000000080000000, 0x0000000100000000)
  region size 1024K, 35 young (35840K), 5 survivors (5120K)
 Metaspace       used 64197K, committed 64896K, reserved 1105920K
  class space    used 9081K, committed 9408K, reserved 1048576K
}
Event: 18.731 GC heap after
{Heap after GC invocations=32 (full 0):
 garbage-first heap   total 140288K, used 84231K [0x0000000080000000, 0x0000000100000000)
  region size 1024K, 3 young (3072K), 3 survivors (3072K)
 Metaspace       used 64197K, committed 64896K, reserved 1105920K
  class space    used 9081K, committed 9408K, reserved 1048576K
}
Event: 18.852 GC heap before
{Heap before GC invocations=32 (full 0):
 garbage-first heap   total 140288K, used 86279K [0x0000000080000000, 0x0000000100000000)
  region size 1024K, 6 young (6144K), 3 survivors (3072K)
 Metaspace       used 64911K, committed 65664K, reserved 1105920K
  class space    used 9134K, committed 9472K, reserved 1048576K
}
Event: 18.863 GC heap after
{Heap after GC invocations=33 (full 0):
 garbage-first heap   total 140288K, used 84417K [0x0000000080000000, 0x0000000100000000)
  region size 1024K, 1 young (1024K), 1 survivors (1024K)
 Metaspace       used 64911K, committed 65664K, reserved 1105920K
  class space    used 9134K, committed 9472K, reserved 1048576K
}
Event: 19.901 GC heap before
{Heap before GC invocations=33 (full 0):
 garbage-first heap   total 140288K, used 112065K [0x0000000080000000, 0x0000000100000000)
  region size 1024K, 29 young (29696K), 1 survivors (1024K)
 Metaspace       used 70218K, committed 70976K, reserved 1114112K
  class space    used 9836K, committed 10176K, reserved 1048576K
}

Dll operation events (2 events):
Event: 0.020 Loaded shared library C:\Program Files\Android\Android Studio\jbr\bin\java.dll
Event: 1.124 Loaded shared library C:\Program Files\Android\Android Studio\jbr\bin\verify.dll

Deoptimization events (20 events):
Event: 19.536 Thread 0x000001da8677d550 Uncommon trap: trap_request=0xffffff45 fr.pc=0x000001daf57ae19c relative=0x00000000000001fc
Event: 19.536 Thread 0x000001da8677d550 Uncommon trap: reason=unstable_if action=reinterpret pc=0x000001daf57ae19c method=java.security.SecureClassLoader$CodeSourceKey.hashCode()I @ 9 c2
Event: 19.537 Thread 0x000001da8677d550 DEOPT PACKING pc=0x000001daf57ae19c sp=0x0000005bd89f2780
Event: 19.537 Thread 0x000001da8677d550 DEOPT UNPACKING pc=0x000001daf4f769a3 sp=0x0000005bd89f2710 mode 2
Event: 19.537 Thread 0x000001da8677d550 Uncommon trap: trap_request=0xffffff45 fr.pc=0x000001daf56eeedc relative=0x0000000000003a1c
Event: 19.537 Thread 0x000001da8677d550 Uncommon trap: reason=unstable_if action=reinterpret pc=0x000001daf56eeedc method=java.lang.ClassLoader.defineClassSourceLocation(Ljava/security/ProtectionDomain;)Ljava/lang/String; @ 15 c2
Event: 19.537 Thread 0x000001da8677d550 DEOPT PACKING pc=0x000001daf56eeedc sp=0x0000005bd89f2830
Event: 19.537 Thread 0x000001da8677d550 DEOPT UNPACKING pc=0x000001daf4f769a3 sp=0x0000005bd89f27b8 mode 2
Event: 19.678 Thread 0x000001da8677d550 DEOPT PACKING pc=0x000001daeda7ec13 sp=0x0000005bd89f4390
Event: 19.678 Thread 0x000001da8677d550 DEOPT UNPACKING pc=0x000001daf4f77143 sp=0x0000005bd89f38c8 mode 0
Event: 19.682 Thread 0x000001da8677d550 DEOPT PACKING pc=0x000001daeddaf29b sp=0x0000005bd89f5d20
Event: 19.682 Thread 0x000001da8677d550 DEOPT UNPACKING pc=0x000001daf4f77143 sp=0x0000005bd89f5190 mode 0
Event: 19.766 Thread 0x000001da8677d550 Uncommon trap: trap_request=0xffffff45 fr.pc=0x000001daf57269f8 relative=0x0000000000006418
Event: 19.766 Thread 0x000001da8677d550 Uncommon trap: reason=unstable_if action=reinterpret pc=0x000001daf57269f8 method=java.util.jar.JarFile.maybeInstantiateVerifier()V @ 27 c2
Event: 19.766 Thread 0x000001da8677d550 DEOPT PACKING pc=0x000001daf57269f8 sp=0x0000005bd89f2ab0
Event: 19.766 Thread 0x000001da8677d550 DEOPT UNPACKING pc=0x000001daf4f769a3 sp=0x0000005bd89f2860 mode 2
Event: 19.887 Thread 0x000001da8677d550 Uncommon trap: trap_request=0xffffff45 fr.pc=0x000001daf565e550 relative=0x0000000000000150
Event: 19.887 Thread 0x000001da8677d550 Uncommon trap: reason=unstable_if action=reinterpret pc=0x000001daf565e550 method=java.util.Arrays.hashCode([B)I @ 1 c2
Event: 19.887 Thread 0x000001da8677d550 DEOPT PACKING pc=0x000001daf565e550 sp=0x0000005bd89f2090
Event: 19.887 Thread 0x000001da8677d550 DEOPT UNPACKING pc=0x000001daf4f769a3 sp=0x0000005bd89f2008 mode 2

Classes unloaded (0 events):
No events

Classes redefined (0 events):
No events

Internal exceptions (20 events):
Event: 16.667 Thread 0x000001da8677d550 Exception <a 'java/lang/NoSuchMethodError'{0x0000000087867a78}: 'java.lang.Object java.lang.invoke.DirectMethodHandle$Holder.invokeStaticInit(java.lang.Object, int)'> (0x0000000087867a78) 
thrown [s\src\hotspot\share\interpreter\linkResolver.cpp, line 771]
Event: 16.698 Thread 0x000001da8677d550 Exception <a 'java/lang/NoSuchMethodError'{0x0000000087792b60}: 'int java.lang.invoke.DelegatingMethodHandle$Holder.reinvoke_L(java.lang.Object, java.lang.Object, java.lang.Object, long, int, int)'> (0x0000000087792b60) 
thrown [s\src\hotspot\share\interpreter\linkResolver.cpp, line 771]
Event: 16.700 Thread 0x000001da8677d550 Exception <a 'java/lang/NoSuchMethodError'{0x00000000877a29d8}: 'int java.lang.invoke.DelegatingMethodHandle$Holder.reinvoke_L(java.lang.Object, java.lang.Object, java.lang.Object, long, long, long)'> (0x00000000877a29d8) 
thrown [s\src\hotspot\share\interpreter\linkResolver.cpp, line 771]
Event: 16.701 Thread 0x000001da8677d550 Exception <a 'java/lang/NoSuchMethodError'{0x00000000877b2b58}: 'int java.lang.invoke.DelegatingMethodHandle$Holder.reinvoke_L(java.lang.Object, java.lang.Object, java.lang.Object, long, java.lang.Object, java.lang.Object)'> (0x00000000877b2b58) 
thrown [s\src\hotspot\share\interpreter\linkResolver.cpp, line 771]
Event: 16.702 Thread 0x000001da8677d550 Exception <a 'java/lang/NoSuchMethodError'{0x00000000877c2b20}: 'void java.lang.invoke.DelegatingMethodHandle$Holder.reinvoke_L(java.lang.Object, java.lang.Object, java.lang.Object, long, java.lang.Object)'> (0x00000000877c2b20) 
thrown [s\src\hotspot\share\interpreter\linkResolver.cpp, line 771]
Event: 16.703 Thread 0x000001da8677d550 Exception <a 'java/lang/NoSuchMethodError'{0x00000000877cb450}: 'java.lang.Object java.lang.invoke.DirectMethodHandle$Holder.invokeSpecial(java.lang.Object, java.lang.Object, java.lang.Object, java.lang.Object, long)'> (0x00000000877cb450) 
thrown [s\src\hotspot\share\interpreter\linkResolver.cpp, line 771]
Event: 16.708 Thread 0x000001da8677d550 Exception <a 'java/lang/NoSuchMethodError'{0x00000000877f0778}: 'long java.lang.invoke.Invokers$Holder.invoke_MT(java.lang.Object, java.lang.Object, java.lang.Object, java.lang.Object)'> (0x00000000877f0778) 
thrown [s\src\hotspot\share\interpreter\linkResolver.cpp, line 771]
Event: 16.709 Thread 0x000001da8677d550 Exception <a 'java/lang/NoSuchMethodError'{0x00000000877f9b20}: 'int java.lang.invoke.Invokers$Holder.invoke_MT(java.lang.Object, java.lang.Object, java.lang.Object, java.lang.Object)'> (0x00000000877f9b20) 
thrown [s\src\hotspot\share\interpreter\linkResolver.cpp, line 771]
Event: 16.712 Thread 0x000001da8677d550 Exception <a 'java/lang/NoSuchMethodError'{0x000000008760b310}: 'int java.lang.invoke.DelegatingMethodHandle$Holder.reinvoke_L(java.lang.Object, java.lang.Object, java.lang.Object, long, int)'> (0x000000008760b310) 
thrown [s\src\hotspot\share\interpreter\linkResolver.cpp, line 771]
Event: 16.715 Thread 0x000001da8677d550 Exception <a 'java/lang/NoSuchMethodError'{0x000000008761ea00}: 'java.lang.Object java.lang.invoke.Invokers$Holder.invokeExact_MT(java.lang.Object, java.lang.Object, long, java.lang.Object)'> (0x000000008761ea00) 
thrown [s\src\hotspot\share\interpreter\linkResolver.cpp, line 771]
Event: 17.331 Thread 0x000001da868e9890 Exception <a 'sun/nio/fs/WindowsException'{0x0000000088044b90}> (0x0000000088044b90) 
thrown [s\src\hotspot\share\prims\jni.cpp, line 517]
Event: 17.336 Thread 0x000001da868e9890 Exception <a 'sun/nio/fs/WindowsException'{0x00000000868ec560}> (0x00000000868ec560) 
thrown [s\src\hotspot\share\prims\jni.cpp, line 517]
Event: 17.338 Thread 0x000001da868e9890 Exception <a 'sun/nio/fs/WindowsException'{0x00000000868ec6d8}> (0x00000000868ec6d8) 
thrown [s\src\hotspot\share\prims\jni.cpp, line 517]
Event: 18.147 Thread 0x000001da8677d550 Exception <a 'java/lang/NoSuchMethodError'{0x0000000087b39e98}: 'java.lang.Object java.lang.invoke.DirectMethodHandle$Holder.newInvokeSpecial(java.lang.Object, java.lang.Object, java.lang.Object, java.lang.Object, int)'> (0x0000000087b39e98) 
thrown [s\src\hotspot\share\interpreter\linkResolver.cpp, line 771]
Event: 18.147 Thread 0x000001da8677d550 Exception <a 'java/lang/NoSuchMethodError'{0x0000000087b3f2e0}: 'java.lang.Object java.lang.invoke.DirectMethodHandle$Holder.invokeSpecial(java.lang.Object, java.lang.Object, java.lang.Object, java.lang.Object, java.lang.Object, int)'> (0x0000000087b3f2e0) 
thrown [s\src\hotspot\share\interpreter\linkResolver.cpp, line 771]
Event: 18.148 Thread 0x000001da8677d550 Exception <a 'java/lang/NoSuchMethodError'{0x0000000087b44060}: 'java.lang.Object java.lang.invoke.Invokers$Holder.linkToTargetMethod(java.lang.Object, java.lang.Object, java.lang.Object, int, java.lang.Object)'> (0x0000000087b44060) 
thrown [s\src\hotspot\share\interpreter\linkResolver.cpp, line 771]
Event: 18.571 Thread 0x000001da8677d550 Exception <a 'java/lang/NoSuchMethodError'{0x0000000086e479e8}: 'int java.lang.invoke.DirectMethodHandle$Holder.invokeInterface(java.lang.Object, java.lang.Object, java.lang.Object, java.lang.Object)'> (0x0000000086e479e8) 
thrown [s\src\hotspot\share\interpreter\linkResolver.cpp, line 771]
Event: 19.433 Thread 0x000001da8677d550 Exception <a 'java/lang/IncompatibleClassChangeError'{0x0000000087677620}: Found class java.lang.Object, but interface was expected> (0x0000000087677620) 
thrown [s\src\hotspot\share\interpreter\linkResolver.cpp, line 838]
Event: 19.536 Thread 0x000001da8677d550 Implicit null exception at 0x000001daf57adfe0 to 0x000001daf57ae18c
Event: 19.887 Thread 0x000001da8677d550 Implicit null exception at 0x000001daf565e40c to 0x000001daf565e542

VM Operations (20 events):
Event: 17.783 Executing VM operation: G1Concurrent done
Event: 17.839 Executing VM operation: G1Concurrent
Event: 17.839 Executing VM operation: G1Concurrent done
Event: 18.280 Executing VM operation: HandshakeAllThreads
Event: 18.281 Executing VM operation: HandshakeAllThreads done
Event: 18.304 Executing VM operation: HandshakeAllThreads
Event: 18.304 Executing VM operation: HandshakeAllThreads done
Event: 18.403 Executing VM operation: HandshakeAllThreads
Event: 18.403 Executing VM operation: HandshakeAllThreads done
Event: 18.548 Executing VM operation: HandshakeAllThreads
Event: 18.549 Executing VM operation: HandshakeAllThreads done
Event: 18.567 Executing VM operation: HandshakeAllThreads
Event: 18.567 Executing VM operation: HandshakeAllThreads done
Event: 18.703 Executing VM operation: G1CollectForAllocation
Event: 18.731 Executing VM operation: G1CollectForAllocation done
Event: 18.852 Executing VM operation: G1CollectForAllocation
Event: 18.863 Executing VM operation: G1CollectForAllocation done
Event: 19.813 Executing VM operation: HandshakeAllThreads
Event: 19.813 Executing VM operation: HandshakeAllThreads done
Event: 19.900 Executing VM operation: G1CollectForAllocation

Events (20 events):
Event: 19.893 loading class jdk/internal/icu/text/Normalizer2
Event: 19.893 loading class jdk/internal/icu/text/Normalizer2 done
Event: 19.893 loading class jdk/internal/icu/impl/Norm2AllModes
Event: 19.893 loading class jdk/internal/icu/impl/Norm2AllModes done
Event: 19.893 loading class jdk/internal/icu/impl/Norm2AllModes$NoopNormalizer2
Event: 19.894 loading class jdk/internal/icu/impl/Norm2AllModes$NoopNormalizer2 done
Event: 19.894 loading class jdk/internal/icu/impl/Norm2AllModes$NFKCSingleton
Event: 19.894 loading class jdk/internal/icu/impl/Norm2AllModes$NFKCSingleton done
Event: 19.894 loading class jdk/internal/icu/impl/Norm2AllModes$Norm2AllModesSingleton
Event: 19.894 loading class jdk/internal/icu/impl/Norm2AllModes$Norm2AllModesSingleton done
Event: 19.894 loading class jdk/internal/icu/impl/NormalizerImpl
Event: 19.896 loading class jdk/internal/icu/impl/NormalizerImpl done
Event: 19.896 loading class jdk/internal/icu/impl/NormalizerImpl$IsAcceptable
Event: 19.897 loading class jdk/internal/icu/impl/ICUBinary$Authenticate
Event: 19.897 loading class jdk/internal/icu/impl/ICUBinary$Authenticate done
Event: 19.897 loading class jdk/internal/icu/impl/NormalizerImpl$IsAcceptable done
Event: 19.897 loading class jdk/internal/icu/impl/ICUBinary
Event: 19.897 loading class jdk/internal/icu/impl/ICUBinary done
Event: 19.898 loading class jdk/internal/icu/impl/ICUBinary$1
Event: 19.898 loading class jdk/internal/icu/impl/ICUBinary$1 done


Dynamic libraries:
0x00007ff6ab500000 - 0x00007ff6ab50a000 	C:\Program Files\Android\Android Studio\jbr\bin\java.exe
0x00007ffbde290000 - 0x00007ffbde488000 	C:\WINDOWS\SYSTEM32\ntdll.dll
0x00007ffb6d670000 - 0x00007ffb6d689000 	C:\Program Files\Avast Software\Avast\aswhook.dll
0x00007ffbde160000 - 0x00007ffbde21d000 	C:\WINDOWS\System32\KERNEL32.DLL
0x00007ffbdb9e0000 - 0x00007ffbdbcd6000 	C:\WINDOWS\System32\KERNELBASE.dll
0x00007ffbdbd90000 - 0x00007ffbdbe90000 	C:\WINDOWS\System32\ucrtbase.dll
0x00007ffbc75a0000 - 0x00007ffbc75bb000 	C:\Program Files\Android\Android Studio\jbr\bin\VCRUNTIME140.dll
0x00007ffbab2a0000 - 0x00007ffbab2b7000 	C:\Program Files\Android\Android Studio\jbr\bin\jli.dll
0x00007ffbdd020000 - 0x00007ffbdd1be000 	C:\WINDOWS\System32\USER32.dll
0x00007ffbdbce0000 - 0x00007ffbdbd02000 	C:\WINDOWS\System32\win32u.dll
0x00007ffbdcaa0000 - 0x00007ffbdcacc000 	C:\WINDOWS\System32\GDI32.dll
0x00007ffbc7db0000 - 0x00007ffbc804a000 	C:\WINDOWS\WinSxS\amd64_microsoft.windows.common-controls_6595b64144ccf1df_6.0.19041.3636_none_60b6a03d71f818d5\COMCTL32.dll
0x00007ffbdc130000 - 0x00007ffbdc24a000 	C:\WINDOWS\System32\gdi32full.dll
0x00007ffbdc250000 - 0x00007ffbdc2ed000 	C:\WINDOWS\System32\msvcp_win.dll
0x00007ffbdd410000 - 0x00007ffbdd4ae000 	C:\WINDOWS\System32\msvcrt.dll
0x00007ffbde220000 - 0x00007ffbde250000 	C:\WINDOWS\System32\IMM32.DLL
0x00007ffbd2c50000 - 0x00007ffbd2c5c000 	C:\Program Files\Android\Android Studio\jbr\bin\vcruntime140_1.dll
0x00007ffbab690000 - 0x00007ffbab71d000 	C:\Program Files\Android\Android Studio\jbr\bin\msvcp140.dll
0x00007ffb73ab0000 - 0x00007ffb7471e000 	C:\Program Files\Android\Android Studio\jbr\bin\server\jvm.dll
0x00007ffbddac0000 - 0x00007ffbddb6f000 	C:\WINDOWS\System32\ADVAPI32.dll
0x00007ffbddb70000 - 0x00007ffbddc0c000 	C:\WINDOWS\System32\sechost.dll
0x00007ffbdd1c0000 - 0x00007ffbdd2e6000 	C:\WINDOWS\System32\RPCRT4.dll
0x00007ffbba5b0000 - 0x00007ffbba5d7000 	C:\WINDOWS\SYSTEM32\WINMM.dll
0x00007ffbcfbc0000 - 0x00007ffbcfbca000 	C:\WINDOWS\SYSTEM32\VERSION.dll
0x00007ffbc4d80000 - 0x00007ffbc4d89000 	C:\WINDOWS\SYSTEM32\WSOCK32.dll
0x00007ffbdcf20000 - 0x00007ffbdcf8b000 	C:\WINDOWS\System32\WS2_32.dll
0x00007ffbda1c0000 - 0x00007ffbda1d2000 	C:\WINDOWS\SYSTEM32\kernel.appcore.dll
0x00007ffbd1820000 - 0x00007ffbd182a000 	C:\Program Files\Android\Android Studio\jbr\bin\jimage.dll
0x00007ffbd6e80000 - 0x00007ffbd7064000 	C:\WINDOWS\SYSTEM32\DBGHELP.DLL
0x00007ffbcbbe0000 - 0x00007ffbcbc14000 	C:\WINDOWS\SYSTEM32\dbgcore.DLL
0x00007ffbdc0a0000 - 0x00007ffbdc122000 	C:\WINDOWS\System32\bcryptPrimitives.dll
0x00007ffbb6ea0000 - 0x00007ffbb6ec5000 	C:\Program Files\Android\Android Studio\jbr\bin\java.dll
0x00007ffbb6e80000 - 0x00007ffbb6e98000 	C:\Program Files\Android\Android Studio\jbr\bin\zip.dll
0x00007ffbdc2f0000 - 0x00007ffbdca34000 	C:\WINDOWS\System32\SHELL32.dll
0x00007ffbd6610000 - 0x00007ffbd6dab000 	C:\WINDOWS\SYSTEM32\windows.storage.dll
0x00007ffbddd80000 - 0x00007ffbde0d4000 	C:\WINDOWS\System32\combase.dll
0x00007ffbdb2e0000 - 0x00007ffbdb30d000 	C:\WINDOWS\SYSTEM32\Wldp.dll
0x00007ffbddc70000 - 0x00007ffbddd1d000 	C:\WINDOWS\System32\SHCORE.dll
0x00007ffbdca40000 - 0x00007ffbdca95000 	C:\WINDOWS\System32\shlwapi.dll
0x00007ffbdb8a0000 - 0x00007ffbdb8c5000 	C:\WINDOWS\SYSTEM32\profapi.dll
0x00007ffbab2e0000 - 0x00007ffbab2f9000 	C:\Program Files\Android\Android Studio\jbr\bin\net.dll
0x00007ffbcb6a0000 - 0x00007ffbcb7aa000 	C:\WINDOWS\SYSTEM32\WINHTTP.dll
0x00007ffbdb040000 - 0x00007ffbdb0aa000 	C:\WINDOWS\system32\mswsock.dll
0x00007ffbab2c0000 - 0x00007ffbab2d6000 	C:\Program Files\Android\Android Studio\jbr\bin\nio.dll
0x00007ffbc7d50000 - 0x00007ffbc7d60000 	C:\Program Files\Android\Android Studio\jbr\bin\verify.dll
0x00007ffbd1850000 - 0x00007ffbd1877000 	C:\Users\NICOLAS\.gradle\native\68d5fa5c4cc2d200863cafc0d521ce42e7d3e7ee720ec0a83991735586a16f82\windows-amd64\native-platform.dll
0x00007ffba47b0000 - 0x00007ffba48f4000 	C:\Users\NICOLAS\.gradle\native\e376f236ea51e6404a007f0833ffe2c6e607c4080706a723a18a27aeea778392\windows-amd64\native-platform-file-events.dll
0x00007ffbc5f70000 - 0x00007ffbc5f79000 	C:\Program Files\Android\Android Studio\jbr\bin\management.dll
0x00007ffbc5c30000 - 0x00007ffbc5c3b000 	C:\Program Files\Android\Android Studio\jbr\bin\management_ext.dll
0x00007ffbddab0000 - 0x00007ffbddab8000 	C:\WINDOWS\System32\PSAPI.DLL
0x00007ffbdb230000 - 0x00007ffbdb248000 	C:\WINDOWS\SYSTEM32\CRYPTSP.dll
0x00007ffbda970000 - 0x00007ffbda9a4000 	C:\WINDOWS\system32\rsaenh.dll
0x00007ffbdbd10000 - 0x00007ffbdbd37000 	C:\WINDOWS\System32\bcrypt.dll
0x00007ffbdb820000 - 0x00007ffbdb84e000 	C:\WINDOWS\SYSTEM32\USERENV.dll
0x00007ffbdb250000 - 0x00007ffbdb25c000 	C:\WINDOWS\SYSTEM32\CRYPTBASE.dll
0x00007ffbdad30000 - 0x00007ffbdad6b000 	C:\WINDOWS\SYSTEM32\IPHLPAPI.DLL
0x00007ffbdccd0000 - 0x00007ffbdccd8000 	C:\WINDOWS\System32\NSI.dll
0x00007ffbcfba0000 - 0x00007ffbcfbb7000 	C:\WINDOWS\SYSTEM32\dhcpcsvc6.DLL
0x00007ffbcfb80000 - 0x00007ffbcfb9d000 	C:\WINDOWS\SYSTEM32\dhcpcsvc.DLL
0x00007ffbdad70000 - 0x00007ffbdae3a000 	C:\WINDOWS\SYSTEM32\DNSAPI.dll
0x00007ffbc7410000 - 0x00007ffbc7417000 	C:\WINDOWS\system32\wshunix.dll

dbghelp: loaded successfully - version: 4.0.5 - missing functions: none
symbol engine: initialized successfully - sym options: 0x614 - pdb path: .;C:\Program Files\Android\Android Studio\jbr\bin;C:\WINDOWS\SYSTEM32;C:\Program Files\Avast Software\Avast;C:\WINDOWS\WinSxS\amd64_microsoft.windows.common-controls_6595b64144ccf1df_6.0.19041.3636_none_60b6a03d71f818d5;C:\Program Files\Android\Android Studio\jbr\bin\server;C:\Users\NICOLAS\.gradle\native\68d5fa5c4cc2d200863cafc0d521ce42e7d3e7ee720ec0a83991735586a16f82\windows-amd64;C:\Users\NICOLAS\.gradle\native\e376f236ea51e6404a007f0833ffe2c6e607c4080706a723a18a27aeea778392\windows-amd64

VM Arguments:
jvm_args: --add-opens=java.base/java.util=ALL-UNNAMED --add-opens=java.base/java.lang=ALL-UNNAMED --add-opens=java.base/java.lang.invoke=ALL-UNNAMED --add-opens=java.prefs/java.util.prefs=ALL-UNNAMED --add-opens=java.base/java.nio.charset=ALL-UNNAMED --add-opens=java.base/java.net=ALL-UNNAMED --add-opens=java.base/java.util.concurrent.atomic=ALL-UNNAMED -Xmx2048m -Dfile.encoding=UTF-8 -Duser.country=CO -Duser.language=es -Duser.variant 
java_command: org.gradle.launcher.daemon.bootstrap.GradleDaemon 8.0
java_class_path (initial): C:\Users\NICOLAS\.gradle\wrapper\dists\gradle-8.0-bin\ca5e32bp14vu59qr306oxotwh\gradle-8.0\lib\gradle-launcher-8.0.jar
Launcher Type: SUN_STANDARD

[Global flags]
     intx CICompilerCount                          = 3                                         {product} {ergonomic}
     uint ConcGCThreads                            = 1                                         {product} {ergonomic}
     uint G1ConcRefinementThreads                  = 4                                         {product} {ergonomic}
   size_t G1HeapRegionSize                         = 1048576                                   {product} {ergonomic}
    uintx GCDrainStackTargetSize                   = 64                                        {product} {ergonomic}
   size_t InitialHeapSize                          = 67108864                                  {product} {ergonomic}
   size_t MarkStackSize                            = 4194304                                   {product} {ergonomic}
   size_t MaxHeapSize                              = 2147483648                                {product} {command line}
   size_t MaxNewSize                               = 1287651328                                {product} {ergonomic}
   size_t MinHeapDeltaBytes                        = 1048576                                   {product} {ergonomic}
   size_t MinHeapSize                              = 8388608                                   {product} {ergonomic}
    uintx NonNMethodCodeHeapSize                   = 5832780                                {pd product} {ergonomic}
    uintx NonProfiledCodeHeapSize                  = 122912730                              {pd product} {ergonomic}
    uintx ProfiledCodeHeapSize                     = 122912730                              {pd product} {ergonomic}
    uintx ReservedCodeCacheSize                    = 251658240                              {pd product} {ergonomic}
     bool SegmentedCodeCache                       = true                                      {product} {ergonomic}
   size_t SoftMaxHeapSize                          = 2147483648                             {manageable} {ergonomic}
     bool UseCompressedClassPointers               = true                           {product lp64_product} {ergonomic}
     bool UseCompressedOops                        = true                           {product lp64_product} {ergonomic}
     bool UseG1GC                                  = true                                      {product} {ergonomic}
     bool UseLargePagesIndividualAllocation        = false                                  {pd product} {ergonomic}

Logging:
Log output configuration:
 #0: stdout all=warning uptime,level,tags
 #1: stderr all=off uptime,level,tags

Environment Variables:
JAVA_HOME=C:\Program Files\Java\jdk-13
PATH=C:\Python312\Scripts\;C:\Python312\;C:\OracleXE\dbhomeXE\bin;C:\WINDOWS\system32;C:\WINDOWS;C:\WINDOWS\System32\Wbem;C:\WINDOWS\System32\WindowsPowerShell\v1.0\;C:\WINDOWS\System32\OpenSSH\;C:\Program Files\Git\cmd;C:\Program Files\Java\jdk-13\bin;C:\Program Files\Java\jdk-13\bin;C:\Program Files\nodejs\;C:\ProgramData\chocolatey\bin;"C:\Users\NICOLAS\AppData\Local\Microsoft\WindowsApps;C:\Program Files\Java\jdk-13\bin";;C:\Program Files\JetBrains\PyCharm Community Edition 2022.3.1\bin;;C:\Users\NICOLAS\AppData\Roaming\npm
USERNAME=NICOLAS
OS=Windows_NT
PROCESSOR_IDENTIFIER=Intel64 Family 6 Model 78 Stepping 3, GenuineIntel
TMP=C:\Users\NICOLAS\AppData\Local\Temp
TEMP=C:\Users\NICOLAS\AppData\Local\Temp


JNI global refs:
JNI global refs: 23, weak refs: 0

JNI global refs memory usage: 843, weak refs: 841


---------------  S Y S T E M  ---------------

OS:
 Windows 10 , 64 bit Build 19041 (10.0.19041.3636)
OS uptime: 0 days 7:53 hours

CPU: total 4 (initial active 4) (2 cores per cpu, 2 threads per core) family 6 model 78 stepping 3 microcode 0xcc, cx8, cmov, fxsr, ht, mmx, 3dnowpref, sse, sse2, sse3, ssse3, sse4.1, sse4.2, popcnt, lzcnt, tsc, tscinvbit, avx, avx2, aes, erms, clmul, bmi1, bmi2, adx, fma, vzeroupper, clflush, clflushopt

Memory: 4k page, system-wide physical 3971M (184M free)
TotalPageFile size 8067M (AvailPageFile size 212M)
current process WorkingSet (physical memory assigned to process): 198M, peak: 216M
current process commit charge ("private bytes"): 353M, peak: 566M

vm_info: OpenJDK 64-Bit Server VM (17.0.6+0-b2043.56-10027231) for windows-amd64 JRE (17.0.6+0-b2043.56-10027231), built on Apr 28 2023 00:43:19 by "androidbuild" with MS VC++ 16.10 / 16.11 (VS2019)

END.
