#
# There is insufficient memory for the Java Runtime Environment to continue.
# Native memory allocation (mmap) failed to map 148897792 bytes for G1 virtual space
# Possible reasons:
#   The system is out of physical RAM or swap space
#   The process is running with CompressedOops enabled, and the Java Heap may be blocking the growth of the native heap
# Possible solutions:
#   Reduce memory load on the system
#   Increase physical memory or swap space
#   Check if swap backing store is full
#   Decrease Java heap size (-Xmx/-Xms)
#   Decrease number of Java threads
#   Decrease Java thread stack sizes (-Xss)
#   Set larger code cache with -XX:ReservedCodeCacheSize=
#   JVM is running with Unscaled Compressed Oops mode in which the Java heap is
#     placed in the first 4GB address space. The Java Heap base address is the
#     maximum limit for the native heap growth. Please use -XX:HeapBaseMinAddress
#     to set the Java Heap base and to place the Java Heap above 4GB virtual address.
# This output file may be truncated or incomplete.
#
#  Out of Memory Error (os_windows.cpp:3769), pid=5296, tid=12976
#
# JRE version: OpenJDK Runtime Environment (17.0.6) (build 17.0.6+0-b2043.56-10027231)
# Java VM: OpenJDK 64-Bit Server VM (17.0.6+0-b2043.56-10027231, mixed mode, tiered, compressed oops, compressed class ptrs, g1 gc, windows-amd64)
# No core dump will be written. Minidumps are not enabled by default on client versions of Windows
#

---------------  S U M M A R Y ------------

Command Line: --add-opens=java.base/java.util=ALL-UNNAMED --add-opens=java.base/java.lang=ALL-UNNAMED --add-opens=java.base/java.lang.invoke=ALL-UNNAMED --add-opens=java.prefs/java.util.prefs=ALL-UNNAMED --add-opens=java.base/java.nio.charset=ALL-UNNAMED --add-opens=java.base/java.net=ALL-UNNAMED --add-opens=java.base/java.util.concurrent.atomic=ALL-UNNAMED -Xmx2048m -Dfile.encoding=UTF-8 -Duser.country=CO -Duser.language=es -Duser.variant org.gradle.launcher.daemon.bootstrap.GradleDaemon 8.0

Host: Intel(R) Core(TM) i3-6006U CPU @ 2.00GHz, 4 cores, 3G,  Windows 10 , 64 bit Build 19041 (10.0.19041.3636)
Time: Mon Nov 20 14:49:18 2023 Hora est. Pacífico, Sudamérica elapsed time: 28.890613 seconds (0d 0h 0m 28s)

---------------  T H R E A D  ---------------

Current thread (0x000002682756a740):  VMThread "VM Thread" [stack: 0x000000b3e9b00000,0x000000b3e9c00000] [id=12976]

Stack: [0x000000b3e9b00000,0x000000b3e9c00000]
Native frames: (J=compiled Java code, j=interpreted, Vv=VM code, C=native code)
V  [jvm.dll+0x683c9a]
V  [jvm.dll+0x8427a4]
V  [jvm.dll+0x843f9e]
V  [jvm.dll+0x844603]
V  [jvm.dll+0x249b75]
V  [jvm.dll+0x680b69]
V  [jvm.dll+0x67505a]
V  [jvm.dll+0x309acb]
V  [jvm.dll+0x310f86]
V  [jvm.dll+0x3608ee]
V  [jvm.dll+0x360b1f]
V  [jvm.dll+0x2dfbf8]
V  [jvm.dll+0x2ddec4]
V  [jvm.dll+0x2dd4cc]
V  [jvm.dll+0x321f3b]
V  [jvm.dll+0x848ccb]
V  [jvm.dll+0x849a04]
V  [jvm.dll+0x849f1d]
V  [jvm.dll+0x84a2f4]
V  [jvm.dll+0x84a3c0]
V  [jvm.dll+0x7f274a]
V  [jvm.dll+0x682ad5]
C  [ucrtbase.dll+0x21bb2]
C  [KERNEL32.DLL+0x17344]
C  [ntdll.dll+0x526b1]

VM_Operation (0x000000b3eb1f3810): G1CollectForAllocation, mode: safepoint, requested by thread 0x0000026828378ad0


---------------  P R O C E S S  ---------------

Threads class SMR info:
_java_thread_list=0x000002682f5fc400, length=81, elements={
0x000002680c07fd90, 0x0000026827571870, 0x00000268275a4170, 0x0000026827590760,
0x00000268275cc010, 0x00000268275cc9c0, 0x0000026827591600, 0x0000026827592390,
0x0000026828005730, 0x0000026828010540, 0x00000268281662e0, 0x0000026828178e80,
0x0000026829532780, 0x0000026828ca4310, 0x000002682939e550, 0x0000026828de4600,
0x0000026828ca58b0, 0x0000026829aeebc0, 0x0000026828378ad0, 0x0000026829bc31b0,
0x00000268283853f0, 0x00000268283840b0, 0x0000026828386730, 0x0000026828384f20,
0x0000026828386c00, 0x0000026828384580, 0x00000268283858c0, 0x0000026828383240,
0x0000026828384a50, 0x0000026828386260, 0x0000026828385d90, 0x0000026828383710,
0x0000026828383be0, 0x000002682a93e3e0, 0x000002682a93da40, 0x000002682a93df10,
0x000002682a940590, 0x000002682a93c230, 0x000002682a940a60, 0x000002682a940f30,
0x000002682a93bd60, 0x000002682a93b890, 0x000002682a941400, 0x000002682a9418d0,
0x000002682a93b3c0, 0x000002682a93c700, 0x000002682a93cbd0, 0x000002682a942740,
0x000002682a942270, 0x000002682a93aef0, 0x000002682a93d0a0, 0x000002682ed79b60,
0x000002682ed7cb80, 0x000002682ed7d520, 0x000002682ed7a9d0, 0x000002682ed7bd10,
0x000002682ed7b370, 0x000002682ed7ed30, 0x000002682ed7b840, 0x000002682ed7d050,
0x000002682ed78cf0, 0x000002682ed7d9f0, 0x000002682ed791c0, 0x000002682ed79690,
0x000002682ed7c1e0, 0x000002682ed78350, 0x000002682ed78820, 0x000002682ed7dec0,
0x000002682ed7f200, 0x000002682ed77e80, 0x000002682ed7a030, 0x000002682ed7c6b0,
0x000002682ed7f6d0, 0x000002682ed7a500, 0x000002682ed7aea0, 0x000002682ed7e390,
0x000002682ed7e860, 0x000002682adb63c0, 0x000002682adb5550, 0x000002682adb5ef0,
0x000002682adb6890
}

Java Threads: ( => current thread )
  0x000002680c07fd90 JavaThread "main" [_thread_blocked, id=9192, stack(0x000000b3e9500000,0x000000b3e9600000)]
  0x0000026827571870 JavaThread "Reference Handler" daemon [_thread_blocked, id=4068, stack(0x000000b3e9c00000,0x000000b3e9d00000)]
  0x00000268275a4170 JavaThread "Finalizer" daemon [_thread_blocked, id=6036, stack(0x000000b3e9d00000,0x000000b3e9e00000)]
  0x0000026827590760 JavaThread "Signal Dispatcher" daemon [_thread_blocked, id=5844, stack(0x000000b3e9e00000,0x000000b3e9f00000)]
  0x00000268275cc010 JavaThread "Attach Listener" daemon [_thread_blocked, id=9744, stack(0x000000b3e9f00000,0x000000b3ea000000)]
  0x00000268275cc9c0 JavaThread "Service Thread" daemon [_thread_blocked, id=7956, stack(0x000000b3ea000000,0x000000b3ea100000)]
  0x0000026827591600 JavaThread "Monitor Deflation Thread" daemon [_thread_blocked, id=12484, stack(0x000000b3ea100000,0x000000b3ea200000)]
  0x0000026827592390 JavaThread "C2 CompilerThread0" daemon [_thread_blocked, id=6108, stack(0x000000b3ea200000,0x000000b3ea300000)]
  0x0000026828005730 JavaThread "C1 CompilerThread0" daemon [_thread_blocked, id=8136, stack(0x000000b3ea300000,0x000000b3ea400000)]
  0x0000026828010540 JavaThread "Sweeper thread" daemon [_thread_blocked, id=5112, stack(0x000000b3ea400000,0x000000b3ea500000)]
  0x00000268281662e0 JavaThread "Common-Cleaner" daemon [_thread_blocked, id=2488, stack(0x000000b3ea500000,0x000000b3ea600000)]
  0x0000026828178e80 JavaThread "Notification Thread" daemon [_thread_blocked, id=6920, stack(0x000000b3ea600000,0x000000b3ea700000)]
  0x0000026829532780 JavaThread "Daemon health stats" [_thread_blocked, id=3540, stack(0x000000b3eab00000,0x000000b3eac00000)]
  0x0000026828ca4310 JavaThread "Incoming local TCP Connector on port 59625" [_thread_in_native, id=11008, stack(0x000000b3eac00000,0x000000b3ead00000)]
  0x000002682939e550 JavaThread "Daemon periodic checks" [_thread_blocked, id=11444, stack(0x000000b3ead00000,0x000000b3eae00000)]
  0x0000026828de4600 JavaThread "Daemon" [_thread_blocked, id=584, stack(0x000000b3eae00000,0x000000b3eaf00000)]
  0x0000026828ca58b0 JavaThread "Handler for socket connection from /127.0.0.1:59625 to /127.0.0.1:59626" [_thread_in_native, id=11060, stack(0x000000b3eaf00000,0x000000b3eb000000)]
  0x0000026829aeebc0 JavaThread "Cancel handler" [_thread_blocked, id=10916, stack(0x000000b3eb000000,0x000000b3eb100000)]
  0x0000026828378ad0 JavaThread "Daemon worker" [_thread_blocked, id=3820, stack(0x000000b3eb100000,0x000000b3eb200000)]
  0x0000026829bc31b0 JavaThread "Asynchronous log dispatcher for DefaultDaemonConnection: socket connection from /127.0.0.1:59625 to /127.0.0.1:59626" [_thread_blocked, id=10424, stack(0x000000b3eb200000,0x000000b3eb300000)]
  0x00000268283853f0 JavaThread "Stdin handler" [_thread_blocked, id=12048, stack(0x000000b3eb300000,0x000000b3eb400000)]
  0x00000268283840b0 JavaThread "Daemon client event forwarder" [_thread_blocked, id=13048, stack(0x000000b3eb400000,0x000000b3eb500000)]
  0x0000026828386730 JavaThread "Cache worker for journal cache (C:\Users\NICOLAS\.gradle\caches\journal-1)" [_thread_blocked, id=10264, stack(0x000000b3eb500000,0x000000b3eb600000)]
  0x0000026828384f20 JavaThread "File lock request listener" [_thread_in_native, id=13032, stack(0x000000b3eb600000,0x000000b3eb700000)]
  0x0000026828386c00 JavaThread "Cache worker for file hash cache (C:\Users\NICOLAS\.gradle\caches\8.0\fileHashes)" [_thread_blocked, id=1164, stack(0x000000b3eb700000,0x000000b3eb800000)]
  0x0000026828384580 JavaThread "File watcher server" daemon [_thread_in_native, id=4344, stack(0x000000b3eb800000,0x000000b3eb900000)]
  0x00000268283858c0 JavaThread "File watcher consumer" daemon [_thread_blocked, id=2316, stack(0x000000b3eb900000,0x000000b3eba00000)]
  0x0000026828383240 JavaThread "jar transforms" [_thread_blocked, id=7776, stack(0x000000b3eba00000,0x000000b3ebb00000)]
  0x0000026828384a50 JavaThread "jar transforms Thread 2" [_thread_blocked, id=260, stack(0x000000b3ebb00000,0x000000b3ebc00000)]
  0x0000026828386260 JavaThread "jar transforms Thread 3" [_thread_blocked, id=6452, stack(0x000000b3ebc00000,0x000000b3ebd00000)]
  0x0000026828385d90 JavaThread "jar transforms Thread 4" [_thread_blocked, id=1732, stack(0x000000b3ebd00000,0x000000b3ebe00000)]
  0x0000026828383710 JavaThread "Cache worker for checksums cache (C:\Users\NICOLAS\Documents\AndroidStudio\RedSocial\.gradle\8.0\checksums)" [_thread_blocked, id=13140, stack(0x000000b3ebe00000,0x000000b3ebf00000)]
  0x0000026828383be0 JavaThread "Cache worker for cache directory md-rule (C:\Users\NICOLAS\.gradle\caches\8.0\md-rule)" [_thread_blocked, id=13176, stack(0x000000b3ebf00000,0x000000b3ec000000)]
  0x000002682a93e3e0 JavaThread "Cache worker for file content cache (C:\Users\NICOLAS\.gradle\caches\8.0\fileContent)" [_thread_blocked, id=3768, stack(0x000000b3ec000000,0x000000b3ec100000)]
  0x000002682a93da40 JavaThread "Cache worker for file hash cache (C:\Users\NICOLAS\Documents\AndroidStudio\RedSocial\.gradle\8.0\fileHashes)" [_thread_blocked, id=11544, stack(0x000000b3ec100000,0x000000b3ec200000)]
  0x000002682a93df10 JavaThread "Cache worker for cache directory md-supplier (C:\Users\NICOLAS\.gradle\caches\8.0\md-supplier)" [_thread_blocked, id=10156, stack(0x000000b3ec200000,0x000000b3ec300000)]
  0x000002682a940590 JavaThread "Cache worker for execution history cache (C:\Users\NICOLAS\.gradle\caches\8.0\executionHistory)" [_thread_blocked, id=8992, stack(0x000000b3ec300000,0x000000b3ec400000)]
  0x000002682a93c230 JavaThread "Cache worker for kotlin-dsl (C:\Users\NICOLAS\.gradle\caches\8.0\kotlin-dsl)" [_thread_blocked, id=212, stack(0x000000b3ec400000,0x000000b3ec500000)]
  0x000002682a940a60 JavaThread "Cache worker for dependencies-accessors (C:\Users\NICOLAS\Documents\AndroidStudio\RedSocial\.gradle\8.0\dependencies-accessors)" [_thread_blocked, id=2656, stack(0x000000b3ec500000,0x000000b3ec600000)]
  0x000002682a940f30 JavaThread "Cache worker for Build Output Cleanup Cache (C:\Users\NICOLAS\Documents\AndroidStudio\RedSocial\.gradle\buildOutputCleanup)" [_thread_blocked, id=6944, stack(0x000000b3ec600000,0x000000b3ec700000)]
  0x000002682a93bd60 JavaThread "Unconstrained build operations" [_thread_blocked, id=5388, stack(0x000000b3ec700000,0x000000b3ec800000)]
  0x000002682a93b890 JavaThread "Unconstrained build operations Thread 2" [_thread_blocked, id=10868, stack(0x000000b3ec800000,0x000000b3ec900000)]
  0x000002682a941400 JavaThread "Unconstrained build operations Thread 3" [_thread_blocked, id=10436, stack(0x000000b3ec900000,0x000000b3eca00000)]
  0x000002682a9418d0 JavaThread "Unconstrained build operations Thread 4" [_thread_blocked, id=7144, stack(0x000000b3eca00000,0x000000b3ecb00000)]
  0x000002682a93b3c0 JavaThread "Unconstrained build operations Thread 5" [_thread_blocked, id=6068, stack(0x000000b3ecb00000,0x000000b3ecc00000)]
  0x000002682a93c700 JavaThread "Unconstrained build operations Thread 6" [_thread_blocked, id=1320, stack(0x000000b3ecc00000,0x000000b3ecd00000)]
  0x000002682a93cbd0 JavaThread "Unconstrained build operations Thread 7" [_thread_blocked, id=3356, stack(0x000000b3ecd00000,0x000000b3ece00000)]
  0x000002682a942740 JavaThread "Unconstrained build operations Thread 8" [_thread_blocked, id=11296, stack(0x000000b3ece00000,0x000000b3ecf00000)]
  0x000002682a942270 JavaThread "Unconstrained build operations Thread 9" [_thread_blocked, id=10848, stack(0x000000b3ecf00000,0x000000b3ed000000)]
  0x000002682a93aef0 JavaThread "Unconstrained build operations Thread 10" [_thread_blocked, id=3100, stack(0x000000b3ed000000,0x000000b3ed100000)]
  0x000002682a93d0a0 JavaThread "Unconstrained build operations Thread 11" [_thread_blocked, id=12344, stack(0x000000b3ed100000,0x000000b3ed200000)]
  0x000002682ed79b60 JavaThread "Unconstrained build operations Thread 12" [_thread_blocked, id=11516, stack(0x000000b3ed200000,0x000000b3ed300000)]
  0x000002682ed7cb80 JavaThread "Unconstrained build operations Thread 13" [_thread_blocked, id=9864, stack(0x000000b3ed300000,0x000000b3ed400000)]
  0x000002682ed7d520 JavaThread "Unconstrained build operations Thread 14" [_thread_blocked, id=4580, stack(0x000000b3ed400000,0x000000b3ed500000)]
  0x000002682ed7a9d0 JavaThread "Unconstrained build operations Thread 15" [_thread_blocked, id=12016, stack(0x000000b3ed500000,0x000000b3ed600000)]
  0x000002682ed7bd10 JavaThread "Unconstrained build operations Thread 16" [_thread_blocked, id=5796, stack(0x000000b3ed600000,0x000000b3ed700000)]
  0x000002682ed7b370 JavaThread "Unconstrained build operations Thread 17" [_thread_blocked, id=10276, stack(0x000000b3ed700000,0x000000b3ed800000)]
  0x000002682ed7ed30 JavaThread "Unconstrained build operations Thread 18" [_thread_blocked, id=5020, stack(0x000000b3ed800000,0x000000b3ed900000)]
  0x000002682ed7b840 JavaThread "Unconstrained build operations Thread 19" [_thread_blocked, id=8248, stack(0x000000b3ed900000,0x000000b3eda00000)]
  0x000002682ed7d050 JavaThread "Unconstrained build operations Thread 20" [_thread_blocked, id=10256, stack(0x000000b3eda00000,0x000000b3edb00000)]
  0x000002682ed78cf0 JavaThread "Unconstrained build operations Thread 21" [_thread_blocked, id=4824, stack(0x000000b3edb00000,0x000000b3edc00000)]
  0x000002682ed7d9f0 JavaThread "Unconstrained build operations Thread 22" [_thread_blocked, id=10380, stack(0x000000b3edc00000,0x000000b3edd00000)]
  0x000002682ed791c0 JavaThread "Unconstrained build operations Thread 23" [_thread_blocked, id=12436, stack(0x000000b3edd00000,0x000000b3ede00000)]
  0x000002682ed79690 JavaThread "Unconstrained build operations Thread 24" [_thread_blocked, id=8940, stack(0x000000b3ede00000,0x000000b3edf00000)]
  0x000002682ed7c1e0 JavaThread "Unconstrained build operations Thread 25" [_thread_blocked, id=11908, stack(0x000000b3edf00000,0x000000b3ee000000)]
  0x000002682ed78350 JavaThread "Unconstrained build operations Thread 26" [_thread_blocked, id=8020, stack(0x000000b3ee000000,0x000000b3ee100000)]
  0x000002682ed78820 JavaThread "Unconstrained build operations Thread 27" [_thread_blocked, id=7600, stack(0x000000b3ee100000,0x000000b3ee200000)]
  0x000002682ed7dec0 JavaThread "Unconstrained build operations Thread 28" [_thread_blocked, id=10888, stack(0x000000b3ee200000,0x000000b3ee300000)]
  0x000002682ed7f200 JavaThread "Unconstrained build operations Thread 29" [_thread_blocked, id=10556, stack(0x000000b3ee300000,0x000000b3ee400000)]
  0x000002682ed77e80 JavaThread "Unconstrained build operations Thread 30" [_thread_blocked, id=9796, stack(0x000000b3ee400000,0x000000b3ee500000)]
  0x000002682ed7a030 JavaThread "Unconstrained build operations Thread 31" [_thread_blocked, id=12292, stack(0x000000b3ee500000,0x000000b3ee600000)]
  0x000002682ed7c6b0 JavaThread "Unconstrained build operations Thread 32" [_thread_blocked, id=12996, stack(0x000000b3ee600000,0x000000b3ee700000)]
  0x000002682ed7f6d0 JavaThread "Unconstrained build operations Thread 33" [_thread_blocked, id=9760, stack(0x000000b3ee700000,0x000000b3ee800000)]
  0x000002682ed7a500 JavaThread "Unconstrained build operations Thread 34" [_thread_blocked, id=6116, stack(0x000000b3ee800000,0x000000b3ee900000)]
  0x000002682ed7aea0 JavaThread "Unconstrained build operations Thread 35" [_thread_blocked, id=4836, stack(0x000000b3ee900000,0x000000b3eea00000)]
  0x000002682ed7e390 JavaThread "Unconstrained build operations Thread 36" [_thread_blocked, id=9844, stack(0x000000b3eea00000,0x000000b3eeb00000)]
  0x000002682ed7e860 JavaThread "Unconstrained build operations Thread 37" [_thread_blocked, id=5924, stack(0x000000b3eeb00000,0x000000b3eec00000)]
  0x000002682adb63c0 JavaThread "Unconstrained build operations Thread 38" [_thread_blocked, id=12044, stack(0x000000b3eec00000,0x000000b3eed00000)]
  0x000002682adb5550 JavaThread "Unconstrained build operations Thread 39" [_thread_blocked, id=5788, stack(0x000000b3eed00000,0x000000b3eee00000)]
  0x000002682adb5ef0 JavaThread "Unconstrained build operations Thread 40" [_thread_blocked, id=7196, stack(0x000000b3eee00000,0x000000b3eef00000)]
  0x000002682adb6890 JavaThread "Memory manager" [_thread_blocked, id=8196, stack(0x000000b3eef00000,0x000000b3ef000000)]

Other Threads:
=>0x000002682756a740 VMThread "VM Thread" [stack: 0x000000b3e9b00000,0x000000b3e9c00000] [id=12976]
  0x000002680c0fc5b0 WatcherThread [stack: 0x000000b3ea700000,0x000000b3ea800000] [id=9360]
  0x000002680c0dc480 GCTaskThread "GC Thread#0" [stack: 0x000000b3e9600000,0x000000b3e9700000] [id=2920]
  0x00000268283d3530 GCTaskThread "GC Thread#1" [stack: 0x000000b3ea800000,0x000000b3ea900000] [id=12392]
  0x00000268286d3d40 GCTaskThread "GC Thread#2" [stack: 0x000000b3ea900000,0x000000b3eaa00000] [id=11224]
  0x0000026828e35560 GCTaskThread "GC Thread#3" [stack: 0x000000b3eaa00000,0x000000b3eab00000] [id=5904]
  0x000002680c0edc30 ConcurrentGCThread "G1 Main Marker" [stack: 0x000000b3e9700000,0x000000b3e9800000] [id=7108]
  0x000002680c0ee640 ConcurrentGCThread "G1 Conc#0" [stack: 0x000000b3e9800000,0x000000b3e9900000] [id=4812]
  0x000002680c140df0 ConcurrentGCThread "G1 Refine#0" [stack: 0x000000b3e9900000,0x000000b3e9a00000] [id=10980]
  0x000002680c141810 ConcurrentGCThread "G1 Service" [stack: 0x000000b3e9a00000,0x000000b3e9b00000] [id=11144]

Threads with active compile tasks:
C2 CompilerThread0    28989 7597   !   4       java.net.URL::<init> (543 bytes)

VM state: at safepoint (normal execution)

VM Mutex/Monitor currently owned by a thread:  ([mutex/lock_event])
[0x000002680c07a990] Threads_lock - owner thread: 0x000002682756a740
[0x000002680c07c400] Heap_lock - owner thread: 0x0000026828378ad0

Heap address: 0x0000000080000000, size: 2048 MB, Compressed Oops mode: 32-bit

CDS archive(s) not mapped
Compressed class space mapped at: 0x0000000100000000-0x0000000140000000, reserved size: 1073741824
Narrow klass base: 0x0000000000000000, Narrow klass shift: 3, Narrow klass range: 0x140000000

GC Precious Log:
 CPUs: 4 total, 4 available
 Memory: 3971M
 Large Page Support: Disabled
 NUMA Support: Disabled
 Compressed Oops: Enabled (32-bit)
 Heap Region Size: 1M
 Heap Min Capacity: 8M
 Heap Initial Capacity: 64M
 Heap Max Capacity: 2G
 Pre-touch: Disabled
 Parallel Workers: 4
 Concurrent Workers: 1
 Concurrent Refinement Workers: 4
 Periodic GC: Disabled

Heap:
 garbage-first heap   total 160768K, used 93391K [0x0000000080000000, 0x0000000100000000)
  region size 1024K, 2 young (2048K), 2 survivors (2048K)
 Metaspace       used 79724K, committed 80448K, reserved 1122304K
  class space    used 10619K, committed 10944K, reserved 1048576K

Heap Regions: E=young(eden), S=young(survivor), O=old, HS=humongous(starts), HC=humongous(continues), CS=collection set, F=free, OA=open archive, CA=closed archive, TAMS=top-at-mark-start (previous, next)
|   0|0x0000000080000000, 0x0000000080100000, 0x0000000080100000|100%| O|  |TAMS 0x0000000080100000, 0x0000000080100000| Untracked 
|   1|0x0000000080100000, 0x0000000080200000, 0x0000000080200000|100%| O|  |TAMS 0x0000000080200000, 0x0000000080200000| Untracked 
|   2|0x0000000080200000, 0x0000000080300000, 0x0000000080300000|100%|HS|  |TAMS 0x0000000080300000, 0x0000000080300000| Complete 
|   3|0x0000000080300000, 0x0000000080400000, 0x0000000080400000|100%|HC|  |TAMS 0x0000000080400000, 0x0000000080400000| Complete 
|   4|0x0000000080400000, 0x0000000080500000, 0x0000000080500000|100%|HC|  |TAMS 0x0000000080500000, 0x0000000080500000| Complete 
|   5|0x0000000080500000, 0x0000000080600000, 0x0000000080600000|100%|HC|  |TAMS 0x0000000080600000, 0x0000000080600000| Complete 
|   6|0x0000000080600000, 0x0000000080700000, 0x0000000080700000|100%| O|  |TAMS 0x0000000080700000, 0x0000000080700000| Untracked 
|   7|0x0000000080700000, 0x0000000080800000, 0x0000000080800000|100%| O|  |TAMS 0x0000000080800000, 0x0000000080800000| Untracked 
|   8|0x0000000080800000, 0x0000000080900000, 0x0000000080900000|100%| O|  |TAMS 0x0000000080900000, 0x0000000080900000| Untracked 
|   9|0x0000000080900000, 0x0000000080a00000, 0x0000000080a00000|100%| O|  |TAMS 0x0000000080a00000, 0x0000000080a00000| Untracked 
|  10|0x0000000080a00000, 0x0000000080b00000, 0x0000000080b00000|100%| O|  |TAMS 0x0000000080b00000, 0x0000000080b00000| Untracked 
|  11|0x0000000080b00000, 0x0000000080c00000, 0x0000000080c00000|100%| O|  |TAMS 0x0000000080c00000, 0x0000000080c00000| Untracked 
|  12|0x0000000080c00000, 0x0000000080d00000, 0x0000000080d00000|100%| O|  |TAMS 0x0000000080d00000, 0x0000000080d00000| Untracked 
|  13|0x0000000080d00000, 0x0000000080e00000, 0x0000000080e00000|100%| O|  |TAMS 0x0000000080e00000, 0x0000000080e00000| Untracked 
|  14|0x0000000080e00000, 0x0000000080f00000, 0x0000000080f00000|100%| O|  |TAMS 0x0000000080f00000, 0x0000000080f00000| Untracked 
|  15|0x0000000080f00000, 0x0000000081000000, 0x0000000081000000|100%| O|  |TAMS 0x0000000081000000, 0x0000000081000000| Untracked 
|  16|0x0000000081000000, 0x0000000081100000, 0x0000000081100000|100%| O|  |TAMS 0x0000000081100000, 0x0000000081100000| Untracked 
|  17|0x0000000081100000, 0x0000000081200000, 0x0000000081200000|100%| O|  |TAMS 0x0000000081200000, 0x0000000081200000| Untracked 
|  18|0x0000000081200000, 0x0000000081300000, 0x0000000081300000|100%| O|  |TAMS 0x0000000081300000, 0x0000000081300000| Untracked 
|  19|0x0000000081300000, 0x0000000081400000, 0x0000000081400000|100%|HS|  |TAMS 0x0000000081400000, 0x0000000081400000| Complete 
|  20|0x0000000081400000, 0x0000000081500000, 0x0000000081500000|100%|HC|  |TAMS 0x0000000081500000, 0x0000000081500000| Complete 
|  21|0x0000000081500000, 0x0000000081600000, 0x0000000081600000|100%|HS|  |TAMS 0x0000000081600000, 0x0000000081600000| Complete 
|  22|0x0000000081600000, 0x0000000081700000, 0x0000000081700000|100%|HC|  |TAMS 0x0000000081700000, 0x0000000081700000| Complete 
|  23|0x0000000081700000, 0x0000000081800000, 0x0000000081800000|100%|HC|  |TAMS 0x0000000081800000, 0x0000000081800000| Complete 
|  24|0x0000000081800000, 0x0000000081900000, 0x0000000081900000|100%|HS|  |TAMS 0x0000000081900000, 0x0000000081900000| Complete 
|  25|0x0000000081900000, 0x0000000081a00000, 0x0000000081a00000|100%|HC|  |TAMS 0x0000000081a00000, 0x0000000081a00000| Complete 
|  26|0x0000000081a00000, 0x0000000081b00000, 0x0000000081b00000|100%|HC|  |TAMS 0x0000000081b00000, 0x0000000081b00000| Complete 
|  27|0x0000000081b00000, 0x0000000081c00000, 0x0000000081c00000|100%| O|  |TAMS 0x0000000081c00000, 0x0000000081c00000| Untracked 
|  28|0x0000000081c00000, 0x0000000081d00000, 0x0000000081d00000|100%| O|  |TAMS 0x0000000081d00000, 0x0000000081d00000| Untracked 
|  29|0x0000000081d00000, 0x0000000081e00000, 0x0000000081e00000|100%| O|  |TAMS 0x0000000081e00000, 0x0000000081e00000| Untracked 
|  30|0x0000000081e00000, 0x0000000081f00000, 0x0000000081f00000|100%| O|  |TAMS 0x0000000081f00000, 0x0000000081f00000| Untracked 
|  31|0x0000000081f00000, 0x0000000082000000, 0x0000000082000000|100%|HS|  |TAMS 0x0000000082000000, 0x0000000082000000| Complete 
|  32|0x0000000082000000, 0x0000000082100000, 0x0000000082100000|100%|HC|  |TAMS 0x0000000082100000, 0x0000000082100000| Complete 
|  33|0x0000000082100000, 0x0000000082200000, 0x0000000082200000|100%|HC|  |TAMS 0x0000000082200000, 0x0000000082200000| Complete 
|  34|0x0000000082200000, 0x0000000082300000, 0x0000000082300000|100%|HC|  |TAMS 0x0000000082300000, 0x0000000082300000| Complete 
|  35|0x0000000082300000, 0x0000000082400000, 0x0000000082400000|100%|HC|  |TAMS 0x0000000082400000, 0x0000000082400000| Complete 
|  36|0x0000000082400000, 0x0000000082500000, 0x0000000082500000|100%|HC|  |TAMS 0x0000000082500000, 0x0000000082500000| Complete 
|  37|0x0000000082500000, 0x0000000082600000, 0x0000000082600000|100%|HC|  |TAMS 0x0000000082600000, 0x0000000082600000| Complete 
|  38|0x0000000082600000, 0x0000000082700000, 0x0000000082700000|100%|HC|  |TAMS 0x0000000082700000, 0x0000000082700000| Complete 
|  39|0x0000000082700000, 0x0000000082800000, 0x0000000082800000|100%|HC|  |TAMS 0x0000000082800000, 0x0000000082800000| Complete 
|  40|0x0000000082800000, 0x0000000082900000, 0x0000000082900000|100%|HC|  |TAMS 0x0000000082900000, 0x0000000082900000| Complete 
|  41|0x0000000082900000, 0x0000000082a00000, 0x0000000082a00000|100%|HC|  |TAMS 0x0000000082a00000, 0x0000000082a00000| Complete 
|  42|0x0000000082a00000, 0x0000000082b00000, 0x0000000082b00000|100%|HC|  |TAMS 0x0000000082b00000, 0x0000000082b00000| Complete 
|  43|0x0000000082b00000, 0x0000000082c00000, 0x0000000082c00000|100%| O|  |TAMS 0x0000000082c00000, 0x0000000082c00000| Untracked 
|  44|0x0000000082c00000, 0x0000000082d00000, 0x0000000082d00000|100%| O|  |TAMS 0x0000000082c00000, 0x0000000082d00000| Untracked 
|  45|0x0000000082d00000, 0x0000000082e00000, 0x0000000082e00000|100%|HS|  |TAMS 0x0000000082e00000, 0x0000000082e00000| Complete 
|  46|0x0000000082e00000, 0x0000000082f00000, 0x0000000082f00000|100%|HC|  |TAMS 0x0000000082f00000, 0x0000000082f00000| Complete 
|  47|0x0000000082f00000, 0x0000000083000000, 0x0000000083000000|100%| O|  |TAMS 0x0000000083000000, 0x0000000083000000| Untracked 
|  48|0x0000000083000000, 0x0000000083100000, 0x0000000083100000|100%| O|  |TAMS 0x0000000083100000, 0x0000000083100000| Untracked 
|  49|0x0000000083100000, 0x0000000083200000, 0x0000000083200000|100%| O|  |TAMS 0x0000000083200000, 0x0000000083200000| Untracked 
|  50|0x0000000083200000, 0x0000000083300000, 0x0000000083300000|100%| O|  |TAMS 0x0000000083300000, 0x0000000083300000| Untracked 
|  51|0x0000000083300000, 0x0000000083400000, 0x0000000083400000|100%| O|  |TAMS 0x0000000083400000, 0x0000000083400000| Untracked 
|  52|0x0000000083400000, 0x0000000083500000, 0x0000000083500000|100%| O|  |TAMS 0x0000000083500000, 0x0000000083500000| Untracked 
|  53|0x0000000083500000, 0x0000000083600000, 0x0000000083600000|100%| O|  |TAMS 0x0000000083600000, 0x0000000083600000| Untracked 
|  54|0x0000000083600000, 0x0000000083700000, 0x0000000083700000|100%|HS|  |TAMS 0x0000000083700000, 0x0000000083700000| Complete 
|  55|0x0000000083700000, 0x0000000083800000, 0x0000000083800000|100%|HC|  |TAMS 0x0000000083800000, 0x0000000083800000| Complete 
|  56|0x0000000083800000, 0x0000000083900000, 0x0000000083900000|100%|HC|  |TAMS 0x0000000083900000, 0x0000000083900000| Complete 
|  57|0x0000000083900000, 0x0000000083a00000, 0x0000000083a00000|100%| O|  |TAMS 0x0000000083a00000, 0x0000000083a00000| Untracked 
|  58|0x0000000083a00000, 0x0000000083b00000, 0x0000000083b00000|100%|HS|  |TAMS 0x0000000083b00000, 0x0000000083b00000| Complete 
|  59|0x0000000083b00000, 0x0000000083c00000, 0x0000000083c00000|100%|HC|  |TAMS 0x0000000083c00000, 0x0000000083c00000| Complete 
|  60|0x0000000083c00000, 0x0000000083d00000, 0x0000000083d00000|100%|HC|  |TAMS 0x0000000083d00000, 0x0000000083d00000| Complete 
|  61|0x0000000083d00000, 0x0000000083e00000, 0x0000000083e00000|100%| O|  |TAMS 0x0000000083e00000, 0x0000000083e00000| Untracked 
|  62|0x0000000083e00000, 0x0000000083f00000, 0x0000000083f00000|100%| O|  |TAMS 0x0000000083f00000, 0x0000000083f00000| Untracked 
|  63|0x0000000083f00000, 0x0000000084000000, 0x0000000084000000|100%| O|  |TAMS 0x0000000084000000, 0x0000000084000000| Untracked 
|  64|0x0000000084000000, 0x0000000084100000, 0x0000000084100000|100%| O|  |TAMS 0x0000000084100000, 0x0000000084100000| Untracked 
|  65|0x0000000084100000, 0x0000000084200000, 0x0000000084200000|100%| O|  |TAMS 0x0000000084200000, 0x0000000084200000| Untracked 
|  66|0x0000000084200000, 0x0000000084300000, 0x0000000084300000|100%| O|  |TAMS 0x0000000084300000, 0x0000000084300000| Untracked 
|  67|0x0000000084300000, 0x0000000084400000, 0x0000000084400000|100%| O|  |TAMS 0x0000000084400000, 0x0000000084400000| Untracked 
|  68|0x0000000084400000, 0x0000000084500000, 0x0000000084500000|100%| O|  |TAMS 0x0000000084500000, 0x0000000084500000| Untracked 
|  69|0x0000000084500000, 0x0000000084600000, 0x0000000084600000|100%| O|  |TAMS 0x0000000084600000, 0x0000000084600000| Untracked 
|  70|0x0000000084600000, 0x0000000084700000, 0x0000000084700000|100%|HS|  |TAMS 0x0000000084700000, 0x0000000084700000| Complete 
|  71|0x0000000084700000, 0x0000000084800000, 0x0000000084800000|100%|HS|  |TAMS 0x0000000084800000, 0x0000000084800000| Complete 
|  72|0x0000000084800000, 0x0000000084900000, 0x0000000084900000|100%|HS|  |TAMS 0x0000000084900000, 0x0000000084900000| Complete 
|  73|0x0000000084900000, 0x0000000084a00000, 0x0000000084a00000|100%| O|  |TAMS 0x0000000084a00000, 0x0000000084a00000| Untracked 
|  74|0x0000000084a00000, 0x0000000084b00000, 0x0000000084b00000|100%| O|  |TAMS 0x0000000084b00000, 0x0000000084b00000| Untracked 
|  75|0x0000000084b00000, 0x0000000084c00000, 0x0000000084c00000|100%| O|  |TAMS 0x0000000084c00000, 0x0000000084c00000| Untracked 
|  76|0x0000000084c00000, 0x0000000084d00000, 0x0000000084d00000|100%| O|  |TAMS 0x0000000084d00000, 0x0000000084d00000| Untracked 
|  77|0x0000000084d00000, 0x0000000084e00000, 0x0000000084e00000|100%| O|  |TAMS 0x0000000084e00000, 0x0000000084e00000| Untracked 
|  78|0x0000000084e00000, 0x0000000084e00000, 0x0000000084f00000|  0%| F|  |TAMS 0x0000000084e00000, 0x0000000084e00000| Untracked 
|  79|0x0000000084f00000, 0x0000000085000000, 0x0000000085000000|100%| O|  |TAMS 0x0000000085000000, 0x0000000085000000| Untracked 
|  80|0x0000000085000000, 0x0000000085100000, 0x0000000085100000|100%| O|  |TAMS 0x0000000085100000, 0x0000000085100000| Untracked 
|  81|0x0000000085100000, 0x0000000085200000, 0x0000000085200000|100%| O|  |TAMS 0x0000000085200000, 0x0000000085200000| Untracked 
|  82|0x0000000085200000, 0x0000000085300000, 0x0000000085300000|100%| O|  |TAMS 0x0000000085300000, 0x0000000085300000| Untracked 
|  83|0x0000000085300000, 0x0000000085400000, 0x0000000085400000|100%| O|  |TAMS 0x0000000085400000, 0x0000000085400000| Untracked 
|  84|0x0000000085400000, 0x0000000085500000, 0x0000000085500000|100%| O|  |TAMS 0x0000000085500000, 0x0000000085500000| Untracked 
|  85|0x0000000085500000, 0x0000000085600000, 0x0000000085600000|100%| O|  |TAMS 0x0000000085560800, 0x0000000085600000| Untracked 
|  86|0x0000000085600000, 0x0000000085700000, 0x0000000085700000|100%| O|  |TAMS 0x0000000085700000, 0x0000000085700000| Untracked 
|  87|0x0000000085700000, 0x0000000085800000, 0x0000000085800000|100%| O|  |TAMS 0x0000000085800000, 0x0000000085800000| Untracked 
|  88|0x0000000085800000, 0x0000000085900000, 0x0000000085900000|100%| O|  |TAMS 0x0000000085800000, 0x0000000085900000| Untracked 
|  89|0x0000000085900000, 0x0000000085a00000, 0x0000000085a00000|100%| O|  |TAMS 0x0000000085900000, 0x0000000085a00000| Untracked 
|  90|0x0000000085a00000, 0x0000000085b00000, 0x0000000085b00000|100%| O|  |TAMS 0x0000000085a00000, 0x0000000085b00000| Untracked 
|  91|0x0000000085b00000, 0x0000000085b0f600, 0x0000000085c00000|  6%| O|  |TAMS 0x0000000085b00000, 0x0000000085b0f600| Untracked 
|  92|0x0000000085c00000, 0x0000000085c00000, 0x0000000085d00000|  0%| F|  |TAMS 0x0000000085c00000, 0x0000000085c00000| Untracked 
|  93|0x0000000085d00000, 0x0000000085d00000, 0x0000000085e00000|  0%| F|  |TAMS 0x0000000085d00000, 0x0000000085d00000| Untracked 
|  94|0x0000000085e00000, 0x0000000085e00000, 0x0000000085f00000|  0%| F|  |TAMS 0x0000000085e00000, 0x0000000085e00000| Untracked 
|  95|0x0000000085f00000, 0x0000000085f00000, 0x0000000086000000|  0%| F|  |TAMS 0x0000000085f00000, 0x0000000085f00000| Untracked 
|  96|0x0000000086000000, 0x0000000086000000, 0x0000000086100000|  0%| F|  |TAMS 0x0000000086000000, 0x0000000086000000| Untracked 
|  97|0x0000000086100000, 0x0000000086100000, 0x0000000086200000|  0%| F|  |TAMS 0x0000000086100000, 0x0000000086100000| Untracked 
|  98|0x0000000086200000, 0x0000000086200000, 0x0000000086300000|  0%| F|  |TAMS 0x0000000086200000, 0x0000000086200000| Untracked 
|  99|0x0000000086300000, 0x0000000086300000, 0x0000000086400000|  0%| F|  |TAMS 0x0000000086300000, 0x0000000086300000| Untracked 
| 100|0x0000000086400000, 0x0000000086400000, 0x0000000086500000|  0%| F|  |TAMS 0x0000000086400000, 0x0000000086400000| Untracked 
| 101|0x0000000086500000, 0x0000000086500000, 0x0000000086600000|  0%| F|  |TAMS 0x0000000086500000, 0x0000000086500000| Untracked 
| 102|0x0000000086600000, 0x0000000086600000, 0x0000000086700000|  0%| F|  |TAMS 0x0000000086600000, 0x0000000086600000| Untracked 
| 103|0x0000000086700000, 0x0000000086700000, 0x0000000086800000|  0%| F|  |TAMS 0x0000000086700000, 0x0000000086700000| Untracked 
| 104|0x0000000086800000, 0x0000000086800000, 0x0000000086900000|  0%| F|  |TAMS 0x0000000086800000, 0x0000000086800000| Untracked 
| 105|0x0000000086900000, 0x0000000086900000, 0x0000000086a00000|  0%| F|  |TAMS 0x0000000086900000, 0x0000000086900000| Untracked 
| 106|0x0000000086a00000, 0x0000000086a00000, 0x0000000086b00000|  0%| F|  |TAMS 0x0000000086a00000, 0x0000000086a00000| Untracked 
| 107|0x0000000086b00000, 0x0000000086b00000, 0x0000000086c00000|  0%| F|  |TAMS 0x0000000086b00000, 0x0000000086b00000| Untracked 
| 108|0x0000000086c00000, 0x0000000086c00000, 0x0000000086d00000|  0%| F|  |TAMS 0x0000000086c00000, 0x0000000086c00000| Untracked 
| 109|0x0000000086d00000, 0x0000000086d00000, 0x0000000086e00000|  0%| F|  |TAMS 0x0000000086d00000, 0x0000000086d00000| Untracked 
| 110|0x0000000086e00000, 0x0000000086e00000, 0x0000000086f00000|  0%| F|  |TAMS 0x0000000086e00000, 0x0000000086e00000| Untracked 
| 111|0x0000000086f00000, 0x0000000086f00000, 0x0000000087000000|  0%| F|  |TAMS 0x0000000086f00000, 0x0000000086f00000| Untracked 
| 112|0x0000000087000000, 0x0000000087000000, 0x0000000087100000|  0%| F|  |TAMS 0x0000000087000000, 0x0000000087000000| Untracked 
| 113|0x0000000087100000, 0x0000000087100000, 0x0000000087200000|  0%| F|  |TAMS 0x0000000087100000, 0x0000000087100000| Untracked 
| 114|0x0000000087200000, 0x0000000087200000, 0x0000000087300000|  0%| F|  |TAMS 0x0000000087200000, 0x0000000087200000| Untracked 
| 115|0x0000000087300000, 0x0000000087300000, 0x0000000087400000|  0%| F|  |TAMS 0x0000000087300000, 0x0000000087300000| Untracked 
| 116|0x0000000087400000, 0x0000000087400000, 0x0000000087500000|  0%| F|  |TAMS 0x0000000087400000, 0x0000000087400000| Untracked 
| 117|0x0000000087500000, 0x0000000087500000, 0x0000000087600000|  0%| F|  |TAMS 0x0000000087500000, 0x0000000087500000| Untracked 
| 118|0x0000000087600000, 0x0000000087600000, 0x0000000087700000|  0%| F|  |TAMS 0x0000000087600000, 0x0000000087600000| Untracked 
| 119|0x0000000087700000, 0x0000000087700000, 0x0000000087800000|  0%| F|  |TAMS 0x0000000087700000, 0x0000000087700000| Untracked 
| 120|0x0000000087800000, 0x0000000087800000, 0x0000000087900000|  0%| F|  |TAMS 0x0000000087800000, 0x0000000087800000| Untracked 
| 121|0x0000000087900000, 0x00000000879246c0, 0x0000000087a00000| 14%| S|CS|TAMS 0x0000000087900000, 0x0000000087900000| Complete 
| 122|0x0000000087a00000, 0x0000000087b00000, 0x0000000087b00000|100%| S|CS|TAMS 0x0000000087a00000, 0x0000000087a00000| Complete 
| 123|0x0000000087b00000, 0x0000000087b00000, 0x0000000087c00000|  0%| F|  |TAMS 0x0000000087b00000, 0x0000000087b00000| Untracked 
| 124|0x0000000087c00000, 0x0000000087c00000, 0x0000000087d00000|  0%| F|  |TAMS 0x0000000087c00000, 0x0000000087c00000| Untracked 
| 125|0x0000000087d00000, 0x0000000087d00000, 0x0000000087e00000|  0%| F|  |TAMS 0x0000000087d00000, 0x0000000087d00000| Untracked 
| 126|0x0000000087e00000, 0x0000000087e00000, 0x0000000087f00000|  0%| F|  |TAMS 0x0000000087e00000, 0x0000000087e00000| Untracked 
| 127|0x0000000087f00000, 0x0000000087f00000, 0x0000000088000000|  0%| F|  |TAMS 0x0000000087f00000, 0x0000000087f00000| Untracked 
| 128|0x0000000088000000, 0x0000000088000000, 0x0000000088100000|  0%| F|  |TAMS 0x0000000088000000, 0x0000000088000000| Untracked 
| 129|0x0000000088100000, 0x0000000088100000, 0x0000000088200000|  0%| F|  |TAMS 0x0000000088100000, 0x0000000088100000| Untracked 
| 130|0x0000000088200000, 0x0000000088200000, 0x0000000088300000|  0%| F|  |TAMS 0x0000000088200000, 0x0000000088200000| Untracked 
| 131|0x0000000088300000, 0x0000000088300000, 0x0000000088400000|  0%| F|  |TAMS 0x0000000088300000, 0x0000000088300000| Untracked 
| 132|0x0000000088400000, 0x0000000088400000, 0x0000000088500000|  0%| F|  |TAMS 0x0000000088400000, 0x0000000088400000| Untracked 
| 133|0x0000000088500000, 0x0000000088500000, 0x0000000088600000|  0%| F|  |TAMS 0x0000000088500000, 0x0000000088500000| Untracked 
| 134|0x0000000088600000, 0x0000000088600000, 0x0000000088700000|  0%| F|  |TAMS 0x0000000088600000, 0x0000000088600000| Untracked 
| 135|0x0000000088700000, 0x0000000088700000, 0x0000000088800000|  0%| F|  |TAMS 0x0000000088700000, 0x0000000088700000| Untracked 
| 136|0x0000000088800000, 0x0000000088800000, 0x0000000088900000|  0%| F|  |TAMS 0x0000000088800000, 0x0000000088800000| Untracked 
| 137|0x0000000088900000, 0x0000000088900000, 0x0000000088a00000|  0%| F|  |TAMS 0x0000000088900000, 0x0000000088900000| Untracked 
| 138|0x0000000088a00000, 0x0000000088a00000, 0x0000000088b00000|  0%| F|  |TAMS 0x0000000088a00000, 0x0000000088a00000| Untracked 
| 139|0x0000000088b00000, 0x0000000088b00000, 0x0000000088c00000|  0%| F|  |TAMS 0x0000000088b00000, 0x0000000088b00000| Untracked 
| 140|0x0000000088c00000, 0x0000000088c00000, 0x0000000088d00000|  0%| F|  |TAMS 0x0000000088c00000, 0x0000000088c00000| Untracked 
| 141|0x0000000088d00000, 0x0000000088d00000, 0x0000000088e00000|  0%| F|  |TAMS 0x0000000088d00000, 0x0000000088d00000| Untracked 
| 142|0x0000000088e00000, 0x0000000088e00000, 0x0000000088f00000|  0%| F|  |TAMS 0x0000000088e00000, 0x0000000088e00000| Untracked 
| 143|0x0000000088f00000, 0x0000000088f00000, 0x0000000089000000|  0%| F|  |TAMS 0x0000000088f00000, 0x0000000088f00000| Untracked 
| 144|0x0000000089000000, 0x0000000089000000, 0x0000000089100000|  0%| F|  |TAMS 0x0000000089000000, 0x0000000089000000| Untracked 
| 145|0x0000000089100000, 0x0000000089100000, 0x0000000089200000|  0%| F|  |TAMS 0x0000000089100000, 0x0000000089100000| Untracked 
| 146|0x0000000089200000, 0x0000000089200000, 0x0000000089300000|  0%| F|  |TAMS 0x0000000089200000, 0x0000000089200000| Untracked 
| 147|0x0000000089300000, 0x0000000089300000, 0x0000000089400000|  0%| F|  |TAMS 0x0000000089300000, 0x0000000089300000| Untracked 
| 148|0x0000000089400000, 0x0000000089400000, 0x0000000089500000|  0%| F|  |TAMS 0x0000000089400000, 0x0000000089400000| Untracked 
| 149|0x0000000089500000, 0x0000000089500000, 0x0000000089600000|  0%| F|  |TAMS 0x0000000089500000, 0x0000000089500000| Untracked 
| 150|0x0000000089600000, 0x0000000089600000, 0x0000000089700000|  0%| F|  |TAMS 0x0000000089600000, 0x0000000089600000| Untracked 
| 151|0x0000000089700000, 0x0000000089700000, 0x0000000089800000|  0%| F|  |TAMS 0x0000000089700000, 0x0000000089700000| Untracked 
| 152|0x0000000089800000, 0x0000000089800000, 0x0000000089900000|  0%| F|  |TAMS 0x0000000089800000, 0x0000000089800000| Untracked 
| 153|0x0000000089900000, 0x0000000089900000, 0x0000000089a00000|  0%| F|  |TAMS 0x0000000089900000, 0x0000000089900000| Untracked 
| 154|0x0000000089a00000, 0x0000000089a00000, 0x0000000089b00000|  0%| F|  |TAMS 0x0000000089a00000, 0x0000000089a00000| Untracked 
| 155|0x0000000089b00000, 0x0000000089b00000, 0x0000000089c00000|  0%| F|  |TAMS 0x0000000089b00000, 0x0000000089b00000| Untracked 
| 156|0x0000000089c00000, 0x0000000089c00000, 0x0000000089d00000|  0%| F|  |TAMS 0x0000000089c00000, 0x0000000089c00000| Untracked 

Card table byte_map: [0x0000026820750000,0x0000026820b50000] _byte_map_base: 0x0000026820350000

Marking Bits (Prev, Next): (CMBitMap*) 0x000002680c0dcad0, (CMBitMap*) 0x000002680c0dca90
 Prev Bits: [0x0000026822f50000, 0x0000026824f50000)
 Next Bits: [0x0000026820f50000, 0x0000026822f50000)

Polling page: 0x000002680c150000

Metaspace:

Usage:
  Non-class:     67.49 MB used.
      Class:     10.37 MB used.
       Both:     77.86 MB used.

Virtual space:
  Non-class space:       72.00 MB reserved,      67.88 MB ( 94%) committed,  9 nodes.
      Class space:        1.00 GB reserved,      10.69 MB (  1%) committed,  1 nodes.
             Both:        1.07 GB reserved,      78.56 MB (  7%) committed. 

Chunk freelists:
   Non-Class:  3.97 MB
       Class:  1.25 MB
        Both:  5.22 MB

MaxMetaspaceSize: unlimited
CompressedClassSpaceSize: 1.00 GB
Initial GC threshold: 21.00 MB
Current GC threshold: 118.06 MB
CDS: off
MetaspaceReclaimPolicy: balanced
 - commit_granule_bytes: 65536.
 - commit_granule_words: 8192.
 - virtual_space_node_default_size: 1048576.
 - enlarge_chunks_in_place: 1.
 - new_chunks_are_fully_committed: 0.
 - uncommit_free_chunks: 1.
 - use_allocation_guard: 0.
 - handle_deallocations: 1.


Internal statistics:

num_allocs_failed_limit: 3.
num_arena_births: 902.
num_arena_deaths: 0.
num_vsnodes_births: 10.
num_vsnodes_deaths: 0.
num_space_committed: 1257.
num_space_uncommitted: 0.
num_chunks_returned_to_freelist: 3.
num_chunks_taken_from_freelist: 3659.
num_chunk_merges: 0.
num_chunk_splits: 2471.
num_chunks_enlarged: 1736.
num_purges: 0.
num_inconsistent_stats: 0.

CodeHeap 'non-profiled nmethods': size=120000Kb used=3190Kb max_used=3303Kb free=116809Kb
 bounds [0x00000268187f0000, 0x0000026818b30000, 0x000002681fd20000]
CodeHeap 'profiled nmethods': size=120000Kb used=12486Kb max_used=12486Kb free=107513Kb
 bounds [0x0000026810d20000, 0x0000026811970000, 0x0000026818250000]
CodeHeap 'non-nmethods': size=5760Kb used=2380Kb max_used=2448Kb free=3379Kb
 bounds [0x0000026818250000, 0x00000268184d0000, 0x00000268187f0000]
 total_blobs=7611 nmethods=6695 adapters=827
 compilation: enabled
              stopped_count=0, restarted_count=0
 full_count=0

Compilation events (20 events):
Event: 28.732 Thread 0x0000026828005730 7591   !   3       org.jetbrains.kotlin.com.intellij.util.containers.ConcurrentIntObjectHashMap::setTabAt (32 bytes)
Event: 28.733 Thread 0x0000026828005730 nmethod 7591 0x0000026810dba090 code [0x0000026810dba2a0, 0x0000026810dbabd8]
Event: 28.733 Thread 0x0000026828005730 7592       3       java.lang.invoke.LambdaForm$MH/0x0000000100a5c000::invokeExact_MT (27 bytes)
Event: 28.733 Thread 0x0000026827592390 nmethod 7589 0x000002681890ed90 code [0x000002681890ef60, 0x000002681890fb48]
Event: 28.734 Thread 0x0000026827592390 7588       4       java.util.zip.ZipFile$ZipFileInputStream::<init> (96 bytes)
Event: 28.734 Thread 0x0000026828005730 nmethod 7592 0x0000026810db9510 code [0x0000026810db9720, 0x0000026810db9e38]
Event: 28.734 Thread 0x0000026828005730 7594       3       java.lang.invoke.LambdaForm$DMH/0x0000000100a47000::invokeSpecial (20 bytes)
Event: 28.734 Thread 0x0000026828005730 nmethod 7594 0x0000026810db8d10 code [0x0000026810db8ee0, 0x0000026810db93b8]
Event: 28.735 Thread 0x0000026828005730 7595       3       sun.misc.Unsafe::putObjectVolatile (11 bytes)
Event: 28.735 Thread 0x0000026828005730 nmethod 7595 0x0000026810db8990 code [0x0000026810db8b20, 0x0000026810db8c78]
Event: 28.735 Thread 0x0000026828005730 7593       3       java.lang.invoke.LambdaForm$MH/0x0000000100a5c800::invoke (39 bytes)
Event: 28.735 Thread 0x0000026828005730 nmethod 7593 0x0000026810db8110 code [0x0000026810db82e0, 0x0000026810db8838]
Event: 28.739 Thread 0x0000026827592390 nmethod 7588 0x000002681890e610 code [0x000002681890e7a0, 0x000002681890eb58]
Event: 28.739 Thread 0x0000026827592390 7590       4       jdk.internal.org.objectweb.asm.MethodWriter::visitInsn (115 bytes)
Event: 28.766 Thread 0x0000026827592390 nmethod 7590 0x000002681890d410 code [0x000002681890d5e0, 0x000002681890e138]
Event: 28.787 Thread 0x0000026828005730 7596       3       java.util.concurrent.atomic.AtomicInteger::getAndIncrement (12 bytes)
Event: 28.788 Thread 0x0000026828005730 nmethod 7596 0x0000026810db7d90 code [0x0000026810db7f20, 0x0000026810db8038]
Event: 28.791 Thread 0x0000026827592390 7597   !   4       java.net.URL::<init> (543 bytes)
Event: 28.820 Thread 0x0000026828005730 7602   !   3       java.net.URLClassLoader::findClass (47 bytes)
Event: 28.821 Thread 0x0000026828005730 nmethod 7602 0x0000026810db6f10 code [0x0000026810db7120, 0x0000026810db7a18]

GC Heap History (20 events):
Event: 21.801 GC heap after
{Heap after GC invocations=33 (full 0):
 garbage-first heap   total 153600K, used 74164K [0x0000000080000000, 0x0000000100000000)
  region size 1024K, 3 young (3072K), 3 survivors (3072K)
 Metaspace       used 56406K, committed 57088K, reserved 1105920K
  class space    used 7568K, committed 7872K, reserved 1048576K
}
Event: 22.031 GC heap before
{Heap before GC invocations=34 (full 0):
 garbage-first heap   total 153600K, used 77236K [0x0000000080000000, 0x0000000100000000)
  region size 1024K, 5 young (5120K), 3 survivors (3072K)
 Metaspace       used 56449K, committed 57088K, reserved 1105920K
  class space    used 7574K, committed 7872K, reserved 1048576K
}
Event: 22.042 GC heap after
{Heap after GC invocations=35 (full 0):
 garbage-first heap   total 153600K, used 77530K [0x0000000080000000, 0x0000000100000000)
  region size 1024K, 4 young (4096K), 4 survivors (4096K)
 Metaspace       used 56449K, committed 57088K, reserved 1105920K
  class space    used 7574K, committed 7872K, reserved 1048576K
}
Event: 22.308 GC heap before
{Heap before GC invocations=36 (full 0):
 garbage-first heap   total 153600K, used 82650K [0x0000000080000000, 0x0000000100000000)
  region size 1024K, 10 young (10240K), 4 survivors (4096K)
 Metaspace       used 56747K, committed 57408K, reserved 1105920K
  class space    used 7626K, committed 7936K, reserved 1048576K
}
Event: 22.320 GC heap after
{Heap after GC invocations=37 (full 0):
 garbage-first heap   total 153600K, used 81747K [0x0000000080000000, 0x0000000100000000)
  region size 1024K, 5 young (5120K), 5 survivors (5120K)
 Metaspace       used 56747K, committed 57408K, reserved 1105920K
  class space    used 7626K, committed 7936K, reserved 1048576K
}
Event: 23.525 GC heap before
{Heap before GC invocations=38 (full 0):
 garbage-first heap   total 153600K, used 111443K [0x0000000080000000, 0x0000000100000000)
  region size 1024K, 33 young (33792K), 5 survivors (5120K)
 Metaspace       used 60333K, committed 60992K, reserved 1105920K
  class space    used 8087K, committed 8384K, reserved 1048576K
}
Event: 23.534 GC heap after
{Heap after GC invocations=39 (full 0):
 garbage-first heap   total 153600K, used 83788K [0x0000000080000000, 0x0000000100000000)
  region size 1024K, 5 young (5120K), 5 survivors (5120K)
 Metaspace       used 60333K, committed 60992K, reserved 1105920K
  class space    used 8087K, committed 8384K, reserved 1048576K
}
Event: 24.978 GC heap before
{Heap before GC invocations=39 (full 0):
 garbage-first heap   total 153600K, used 112460K [0x0000000080000000, 0x0000000100000000)
  region size 1024K, 33 young (33792K), 5 survivors (5120K)
 Metaspace       used 65178K, committed 65920K, reserved 1105920K
  class space    used 8726K, committed 9088K, reserved 1048576K
}
Event: 24.986 GC heap after
{Heap after GC invocations=40 (full 0):
 garbage-first heap   total 153600K, used 85367K [0x0000000080000000, 0x0000000100000000)
  region size 1024K, 4 young (4096K), 4 survivors (4096K)
 Metaspace       used 65178K, committed 65920K, reserved 1105920K
  class space    used 8726K, committed 9088K, reserved 1048576K
}
Event: 25.680 GC heap before
{Heap before GC invocations=41 (full 0):
 garbage-first heap   total 153600K, used 122231K [0x0000000080000000, 0x0000000100000000)
  region size 1024K, 34 young (34816K), 4 survivors (4096K)
 Metaspace       used 68133K, committed 68800K, reserved 1114112K
  class space    used 9097K, committed 9408K, reserved 1048576K
}
Event: 25.691 GC heap after
{Heap after GC invocations=42 (full 0):
 garbage-first heap   total 153600K, used 89045K [0x0000000080000000, 0x0000000100000000)
  region size 1024K, 5 young (5120K), 5 survivors (5120K)
 Metaspace       used 68133K, committed 68800K, reserved 1114112K
  class space    used 9097K, committed 9408K, reserved 1048576K
}
Event: 25.739 GC heap before
{Heap before GC invocations=42 (full 0):
 garbage-first heap   total 153600K, used 91093K [0x0000000080000000, 0x0000000100000000)
  region size 1024K, 7 young (7168K), 5 survivors (5120K)
 Metaspace       used 68271K, committed 68928K, reserved 1114112K
  class space    used 9116K, committed 9408K, reserved 1048576K
}
Event: 25.748 GC heap after
{Heap after GC invocations=43 (full 0):
 garbage-first heap   total 153600K, used 89474K [0x0000000080000000, 0x0000000100000000)
  region size 1024K, 1 young (1024K), 1 survivors (1024K)
 Metaspace       used 68271K, committed 68928K, reserved 1114112K
  class space    used 9116K, committed 9408K, reserved 1048576K
}
Event: 26.387 GC heap before
{Heap before GC invocations=43 (full 0):
 garbage-first heap   total 153600K, used 119170K [0x0000000080000000, 0x0000000100000000)
  region size 1024K, 30 young (30720K), 1 survivors (1024K)
 Metaspace       used 71304K, committed 72000K, reserved 1114112K
  class space    used 9533K, committed 9856K, reserved 1048576K
}
Event: 26.393 GC heap after
{Heap after GC invocations=44 (full 0):
 garbage-first heap   total 153600K, used 90392K [0x0000000080000000, 0x0000000100000000)
  region size 1024K, 2 young (2048K), 2 survivors (2048K)
 Metaspace       used 71304K, committed 72000K, reserved 1114112K
  class space    used 9533K, committed 9856K, reserved 1048576K
}
Event: 27.278 GC heap before
{Heap before GC invocations=45 (full 0):
 garbage-first heap   total 160768K, used 120088K [0x0000000080000000, 0x0000000100000000)
  region size 1024K, 31 young (31744K), 2 survivors (2048K)
 Metaspace       used 74877K, committed 75520K, reserved 1114112K
  class space    used 9999K, committed 10304K, reserved 1048576K
}
Event: 27.287 GC heap after
{Heap after GC invocations=46 (full 0):
 garbage-first heap   total 160768K, used 92644K [0x0000000080000000, 0x0000000100000000)
  region size 1024K, 4 young (4096K), 4 survivors (4096K)
 Metaspace       used 74877K, committed 75520K, reserved 1114112K
  class space    used 9999K, committed 10304K, reserved 1048576K
}
Event: 27.373 GC heap before
{Heap before GC invocations=46 (full 0):
 garbage-first heap   total 160768K, used 94692K [0x0000000080000000, 0x0000000100000000)
  region size 1024K, 7 young (7168K), 4 survivors (4096K)
 Metaspace       used 74897K, committed 75584K, reserved 1114112K
  class space    used 9999K, committed 10304K, reserved 1048576K
}
Event: 27.386 GC heap after
{Heap after GC invocations=47 (full 0):
 garbage-first heap   total 160768K, used 92733K [0x0000000080000000, 0x0000000100000000)
  region size 1024K, 1 young (1024K), 1 survivors (1024K)
 Metaspace       used 74897K, committed 75584K, reserved 1114112K
  class space    used 9999K, committed 10304K, reserved 1048576K
}
Event: 28.874 GC heap before
{Heap before GC invocations=47 (full 0):
 garbage-first heap   total 160768K, used 126525K [0x0000000080000000, 0x0000000100000000)
  region size 1024K, 34 young (34816K), 1 survivors (1024K)
 Metaspace       used 79724K, committed 80448K, reserved 1122304K
  class space    used 10619K, committed 10944K, reserved 1048576K
}

Dll operation events (2 events):
Event: 0.050 Loaded shared library C:\Program Files\Android\Android Studio\jbr\bin\java.dll
Event: 1.386 Loaded shared library C:\Program Files\Android\Android Studio\jbr\bin\verify.dll

Deoptimization events (20 events):
Event: 27.077 Thread 0x0000026828378ad0 DEOPT PACKING pc=0x0000026818862e9c sp=0x000000b3eb1f8140
Event: 27.077 Thread 0x0000026828378ad0 DEOPT UNPACKING pc=0x00000268182a69a3 sp=0x000000b3eb1f8028 mode 2
Event: 27.084 Thread 0x0000026828378ad0 Uncommon trap: trap_request=0xffffffde fr.pc=0x0000026818862e9c relative=0x00000000000005bc
Event: 27.084 Thread 0x0000026828378ad0 Uncommon trap: reason=class_check action=maybe_recompile pc=0x0000026818862e9c method=kotlin.reflect.jvm.internal.impl.protobuf.CodedInputStream.tryRefillBuffer(I)Z @ 175 c2
Event: 27.084 Thread 0x0000026828378ad0 DEOPT PACKING pc=0x0000026818862e9c sp=0x000000b3eb1f8140
Event: 27.084 Thread 0x0000026828378ad0 DEOPT UNPACKING pc=0x00000268182a69a3 sp=0x000000b3eb1f8028 mode 2
Event: 27.211 Thread 0x000002682a93c230 Uncommon trap: trap_request=0xffffffde fr.pc=0x0000026818a05d34 relative=0x00000000000008b4
Event: 27.211 Thread 0x000002682a93c230 Uncommon trap: reason=class_check action=maybe_recompile pc=0x0000026818a05d34 method=java.io.BufferedInputStream.read1([BII)I @ 39 c2
Event: 27.211 Thread 0x000002682a93c230 DEOPT PACKING pc=0x0000026818a05d34 sp=0x000000b3ec4fdf60
Event: 27.211 Thread 0x000002682a93c230 DEOPT UNPACKING pc=0x00000268182a69a3 sp=0x000000b3ec4fde08 mode 2
Event: 28.299 Thread 0x0000026828378ad0 DEOPT PACKING pc=0x00000268110b369b sp=0x000000b3eb1f3280
Event: 28.299 Thread 0x0000026828378ad0 DEOPT UNPACKING pc=0x00000268182a7143 sp=0x000000b3eb1f26f0 mode 0
Event: 28.864 Thread 0x0000026828378ad0 Uncommon trap: trap_request=0xffffffde fr.pc=0x00000268188fb9d4 relative=0x00000000000002b4
Event: 28.864 Thread 0x0000026828378ad0 Uncommon trap: reason=class_check action=maybe_recompile pc=0x00000268188fb9d4 method=java.util.Collections$SetFromMap.remove(Ljava/lang/Object;)Z @ 5 c2
Event: 28.864 Thread 0x0000026828378ad0 DEOPT PACKING pc=0x00000268188fb9d4 sp=0x000000b3eb1f59d0
Event: 28.864 Thread 0x0000026828378ad0 DEOPT UNPACKING pc=0x00000268182a69a3 sp=0x000000b3eb1f59b8 mode 2
Event: 28.868 Thread 0x0000026828378ad0 Uncommon trap: trap_request=0xffffffde fr.pc=0x00000268188fb9d4 relative=0x00000000000002b4
Event: 28.868 Thread 0x0000026828378ad0 Uncommon trap: reason=class_check action=maybe_recompile pc=0x00000268188fb9d4 method=java.util.Collections$SetFromMap.remove(Ljava/lang/Object;)Z @ 5 c2
Event: 28.868 Thread 0x0000026828378ad0 DEOPT PACKING pc=0x00000268188fb9d4 sp=0x000000b3eb1f5610
Event: 28.868 Thread 0x0000026828378ad0 DEOPT UNPACKING pc=0x00000268182a69a3 sp=0x000000b3eb1f55f8 mode 2

Classes unloaded (0 events):
No events

Classes redefined (0 events):
No events

Internal exceptions (20 events):
Event: 22.959 Thread 0x0000026828378ad0 Exception <a 'java/lang/NoSuchMethodError'{0x00000000886ee4c8}: 'java.lang.Object java.lang.invoke.DirectMethodHandle$Holder.invokeSpecial(java.lang.Object, java.lang.Object, java.lang.Object, java.lang.Object, java.lang.Object, int)'> (0x00000000886ee4c8) 
thrown [s\src\hotspot\share\interpreter\linkResolver.cpp, line 771]
Event: 22.959 Thread 0x0000026828378ad0 Exception <a 'java/lang/NoSuchMethodError'{0x00000000886f3248}: 'java.lang.Object java.lang.invoke.Invokers$Holder.linkToTargetMethod(java.lang.Object, java.lang.Object, java.lang.Object, int, java.lang.Object)'> (0x00000000886f3248) 
thrown [s\src\hotspot\share\interpreter\linkResolver.cpp, line 771]
Event: 23.394 Thread 0x0000026828378ad0 Exception <a 'java/lang/NoSuchMethodError'{0x00000000879ee390}: 'int java.lang.invoke.DirectMethodHandle$Holder.invokeInterface(java.lang.Object, java.lang.Object, java.lang.Object, java.lang.Object)'> (0x00000000879ee390) 
thrown [s\src\hotspot\share\interpreter\linkResolver.cpp, line 771]
Event: 24.224 Thread 0x0000026828378ad0 Exception <a 'java/lang/IncompatibleClassChangeError'{0x00000000881424b0}: Found class java.lang.Object, but interface was expected> (0x00000000881424b0) 
thrown [s\src\hotspot\share\interpreter\linkResolver.cpp, line 838]
Event: 24.313 Thread 0x0000026828378ad0 Implicit null exception at 0x0000026818a4acc0 to 0x0000026818a4c914
Event: 25.078 Thread 0x0000026828378ad0 Implicit null exception at 0x00000268189bad8c to 0x00000268189baec2
Event: 25.348 Thread 0x0000026828378ad0 Exception <a 'sun/nio/fs/WindowsException'{0x00000000885ceb30}> (0x00000000885ceb30) 
thrown [s\src\hotspot\share\prims\jni.cpp, line 517]
Event: 27.585 Thread 0x0000026828378ad0 Exception <a 'java/lang/NoSuchMethodError'{0x0000000089738178}: 'void java.lang.invoke.DirectMethodHandle$Holder.invokeVirtual(java.lang.Object, java.lang.Object)'> (0x0000000089738178) 
thrown [s\src\hotspot\share\interpreter\linkResolver.cpp, line 771]
Event: 28.157 Thread 0x0000026828378ad0 Exception <a 'java/lang/NoSuchMethodError'{0x000000008919a108}: 'int java.lang.invoke.DelegatingMethodHandle$Holder.reinvoke_L(java.lang.Object, java.lang.Object, java.lang.Object, long, int, int)'> (0x000000008919a108) 
thrown [s\src\hotspot\share\interpreter\linkResolver.cpp, line 771]
Event: 28.160 Thread 0x0000026828378ad0 Exception <a 'java/lang/NoSuchMethodError'{0x00000000891a9ef0}: 'int java.lang.invoke.DelegatingMethodHandle$Holder.reinvoke_L(java.lang.Object, java.lang.Object, java.lang.Object, long, long, long)'> (0x00000000891a9ef0) 
thrown [s\src\hotspot\share\interpreter\linkResolver.cpp, line 771]
Event: 28.163 Thread 0x0000026828378ad0 Exception <a 'java/lang/NoSuchMethodError'{0x00000000891b9fe0}: 'int java.lang.invoke.DelegatingMethodHandle$Holder.reinvoke_L(java.lang.Object, java.lang.Object, java.lang.Object, long, java.lang.Object, java.lang.Object)'> (0x00000000891b9fe0) 
thrown [s\src\hotspot\share\interpreter\linkResolver.cpp, line 771]
Event: 28.165 Thread 0x0000026828378ad0 Exception <a 'java/lang/NoSuchMethodError'{0x00000000891c9f18}: 'void java.lang.invoke.DelegatingMethodHandle$Holder.reinvoke_L(java.lang.Object, java.lang.Object, java.lang.Object, long, java.lang.Object)'> (0x00000000891c9f18) 
thrown [s\src\hotspot\share\interpreter\linkResolver.cpp, line 771]
Event: 28.167 Thread 0x0000026828378ad0 Exception <a 'java/lang/NoSuchMethodError'{0x00000000891d28a8}: 'java.lang.Object java.lang.invoke.DirectMethodHandle$Holder.invokeSpecial(java.lang.Object, java.lang.Object, java.lang.Object, java.lang.Object, long)'> (0x00000000891d28a8) 
thrown [s\src\hotspot\share\interpreter\linkResolver.cpp, line 771]
Event: 28.172 Thread 0x0000026828378ad0 Exception <a 'java/lang/NoSuchMethodError'{0x00000000891f9578}: 'long java.lang.invoke.Invokers$Holder.invoke_MT(java.lang.Object, java.lang.Object, java.lang.Object, java.lang.Object)'> (0x00000000891f9578) 
thrown [s\src\hotspot\share\interpreter\linkResolver.cpp, line 771]
Event: 28.174 Thread 0x0000026828378ad0 Exception <a 'java/lang/NoSuchMethodError'{0x0000000089002cc8}: 'int java.lang.invoke.Invokers$Holder.invoke_MT(java.lang.Object, java.lang.Object, java.lang.Object, java.lang.Object)'> (0x0000000089002cc8) 
thrown [s\src\hotspot\share\interpreter\linkResolver.cpp, line 771]
Event: 28.176 Thread 0x0000026828378ad0 Exception <a 'java/lang/NoSuchMethodError'{0x0000000089013c80}: 'int java.lang.invoke.DelegatingMethodHandle$Holder.reinvoke_L(java.lang.Object, java.lang.Object, java.lang.Object, long, int)'> (0x0000000089013c80) 
thrown [s\src\hotspot\share\interpreter\linkResolver.cpp, line 771]
Event: 28.179 Thread 0x0000026828378ad0 Exception <a 'java/lang/NoSuchMethodError'{0x0000000089027358}: 'java.lang.Object java.lang.invoke.Invokers$Holder.invokeExact_MT(java.lang.Object, java.lang.Object, long, java.lang.Object)'> (0x0000000089027358) 
thrown [s\src\hotspot\share\interpreter\linkResolver.cpp, line 771]
Event: 28.467 Thread 0x0000026828378ad0 Exception <a 'java/lang/NoSuchMethodError'{0x00000000888470c0}: 'java.lang.Object java.lang.invoke.DirectMethodHandle$Holder.invokeStaticInit(java.lang.Object, int)'> (0x00000000888470c0) 
thrown [s\src\hotspot\share\interpreter\linkResolver.cpp, line 771]
Event: 28.565 Thread 0x0000026828378ad0 Exception <a 'java/lang/NoSuchMethodError'{0x000000008852db80}: 'long java.lang.invoke.DirectMethodHandle$Holder.invokeStatic(java.lang.Object)'> (0x000000008852db80) 
thrown [s\src\hotspot\share\interpreter\linkResolver.cpp, line 771]
Event: 28.565 Thread 0x0000026828378ad0 Exception <a 'java/lang/NoSuchMethodError'{0x0000000088532720}: 'long java.lang.invoke.DirectMethodHandle$Holder.invokeStaticInit(java.lang.Object)'> (0x0000000088532720) 
thrown [s\src\hotspot\share\interpreter\linkResolver.cpp, line 771]

VM Operations (20 events):
Event: 26.552 Executing VM operation: G1Concurrent done
Event: 26.618 Executing VM operation: G1Concurrent
Event: 26.618 Executing VM operation: G1Concurrent done
Event: 27.278 Executing VM operation: G1CollectForAllocation
Event: 27.287 Executing VM operation: G1CollectForAllocation done
Event: 27.373 Executing VM operation: G1CollectForAllocation
Event: 27.386 Executing VM operation: G1CollectForAllocation done
Event: 27.582 Executing VM operation: HandshakeAllThreads
Event: 27.582 Executing VM operation: HandshakeAllThreads done
Event: 27.698 Executing VM operation: HandshakeAllThreads
Event: 27.699 Executing VM operation: HandshakeAllThreads done
Event: 28.579 Executing VM operation: HandshakeAllThreads
Event: 28.579 Executing VM operation: HandshakeAllThreads done
Event: 28.579 Executing VM operation: Cleanup
Event: 28.580 Executing VM operation: Cleanup done
Event: 28.784 Executing VM operation: HandshakeAllThreads
Event: 28.784 Executing VM operation: HandshakeAllThreads done
Event: 28.785 Executing VM operation: HandshakeAllThreads
Event: 28.786 Executing VM operation: HandshakeAllThreads done
Event: 28.874 Executing VM operation: G1CollectForAllocation

Events (20 events):
Event: 25.885 loading class java/security/KeyStore$1
Event: 25.885 loading class java/security/KeyStore$1 done
Event: 26.043 loading class javax/xml/stream/XMLStreamException
Event: 26.043 loading class javax/xml/stream/XMLStreamException done
Event: 26.073 loading class sun/reflect/annotation/AnnotationInvocationHandler$1
Event: 26.074 loading class sun/reflect/annotation/AnnotationInvocationHandler$1 done
Event: 27.699 loading class java/util/Stack
Event: 27.700 loading class java/util/Stack done
Event: 28.293 loading class java/util/regex/Pattern$Behind
Event: 28.293 loading class java/util/regex/Pattern$Behind done
Event: 28.294 loading class javax/swing/text/html/HTMLEditorKit$ParserCallback
Event: 28.295 loading class javax/swing/text/html/HTMLEditorKit$ParserCallback done
Event: 28.367 loading class java/lang/AbstractMethodError
Event: 28.367 loading class java/lang/AbstractMethodError done
Event: 28.566 loading class java/util/concurrent/atomic/AtomicLongFieldUpdater
Event: 28.567 loading class java/util/concurrent/atomic/AtomicLongFieldUpdater done
Event: 28.567 loading class java/util/concurrent/atomic/AtomicLongFieldUpdater$CASUpdater
Event: 28.568 loading class java/util/concurrent/atomic/AtomicLongFieldUpdater$CASUpdater done
Event: 28.568 loading class java/util/concurrent/atomic/AtomicLongFieldUpdater$CASUpdater$1
Event: 28.568 loading class java/util/concurrent/atomic/AtomicLongFieldUpdater$CASUpdater$1 done


Dynamic libraries:
0x00007ff6ab500000 - 0x00007ff6ab50a000 	C:\Program Files\Android\Android Studio\jbr\bin\java.exe
0x00007ffbde290000 - 0x00007ffbde488000 	C:\WINDOWS\SYSTEM32\ntdll.dll
0x00007ffb6d670000 - 0x00007ffb6d689000 	C:\Program Files\Avast Software\Avast\aswhook.dll
0x00007ffbde160000 - 0x00007ffbde21d000 	C:\WINDOWS\System32\KERNEL32.DLL
0x00007ffbdb9e0000 - 0x00007ffbdbcd6000 	C:\WINDOWS\System32\KERNELBASE.dll
0x00007ffbdbd90000 - 0x00007ffbdbe90000 	C:\WINDOWS\System32\ucrtbase.dll
0x00007ffbab2a0000 - 0x00007ffbab2b7000 	C:\Program Files\Android\Android Studio\jbr\bin\jli.dll
0x00007ffbdd020000 - 0x00007ffbdd1be000 	C:\WINDOWS\System32\USER32.dll
0x00007ffbdbce0000 - 0x00007ffbdbd02000 	C:\WINDOWS\System32\win32u.dll
0x00007ffbdcaa0000 - 0x00007ffbdcacc000 	C:\WINDOWS\System32\GDI32.dll
0x00007ffbdc130000 - 0x00007ffbdc24a000 	C:\WINDOWS\System32\gdi32full.dll
0x00007ffbdc250000 - 0x00007ffbdc2ed000 	C:\WINDOWS\System32\msvcp_win.dll
0x00007ffbc75a0000 - 0x00007ffbc75bb000 	C:\Program Files\Android\Android Studio\jbr\bin\VCRUNTIME140.dll
0x00007ffbc7db0000 - 0x00007ffbc804a000 	C:\WINDOWS\WinSxS\amd64_microsoft.windows.common-controls_6595b64144ccf1df_6.0.19041.3636_none_60b6a03d71f818d5\COMCTL32.dll
0x00007ffbdd410000 - 0x00007ffbdd4ae000 	C:\WINDOWS\System32\msvcrt.dll
0x00007ffbde220000 - 0x00007ffbde250000 	C:\WINDOWS\System32\IMM32.DLL
0x00007ffbd2c50000 - 0x00007ffbd2c5c000 	C:\Program Files\Android\Android Studio\jbr\bin\vcruntime140_1.dll
0x00007ffbab690000 - 0x00007ffbab71d000 	C:\Program Files\Android\Android Studio\jbr\bin\msvcp140.dll
0x00007ffb73ab0000 - 0x00007ffb7471e000 	C:\Program Files\Android\Android Studio\jbr\bin\server\jvm.dll
0x00007ffbddac0000 - 0x00007ffbddb6f000 	C:\WINDOWS\System32\ADVAPI32.dll
0x00007ffbddb70000 - 0x00007ffbddc0c000 	C:\WINDOWS\System32\sechost.dll
0x00007ffbdd1c0000 - 0x00007ffbdd2e6000 	C:\WINDOWS\System32\RPCRT4.dll
0x00007ffbc4d80000 - 0x00007ffbc4d89000 	C:\WINDOWS\SYSTEM32\WSOCK32.dll
0x00007ffbdcf20000 - 0x00007ffbdcf8b000 	C:\WINDOWS\System32\WS2_32.dll
0x00007ffbba5b0000 - 0x00007ffbba5d7000 	C:\WINDOWS\SYSTEM32\WINMM.dll
0x00007ffbcfbc0000 - 0x00007ffbcfbca000 	C:\WINDOWS\SYSTEM32\VERSION.dll
0x00007ffbda1c0000 - 0x00007ffbda1d2000 	C:\WINDOWS\SYSTEM32\kernel.appcore.dll
0x00007ffbd1820000 - 0x00007ffbd182a000 	C:\Program Files\Android\Android Studio\jbr\bin\jimage.dll
0x00007ffbd6e80000 - 0x00007ffbd7064000 	C:\WINDOWS\SYSTEM32\DBGHELP.DLL
0x00007ffbcbbe0000 - 0x00007ffbcbc14000 	C:\WINDOWS\SYSTEM32\dbgcore.DLL
0x00007ffbdc0a0000 - 0x00007ffbdc122000 	C:\WINDOWS\System32\bcryptPrimitives.dll
0x00007ffbb6ea0000 - 0x00007ffbb6ec5000 	C:\Program Files\Android\Android Studio\jbr\bin\java.dll
0x00007ffbb6e80000 - 0x00007ffbb6e98000 	C:\Program Files\Android\Android Studio\jbr\bin\zip.dll
0x00007ffbdc2f0000 - 0x00007ffbdca34000 	C:\WINDOWS\System32\SHELL32.dll
0x00007ffbd6610000 - 0x00007ffbd6dab000 	C:\WINDOWS\SYSTEM32\windows.storage.dll
0x00007ffbddd80000 - 0x00007ffbde0d4000 	C:\WINDOWS\System32\combase.dll
0x00007ffbdb2e0000 - 0x00007ffbdb30d000 	C:\WINDOWS\SYSTEM32\Wldp.dll
0x00007ffbddc70000 - 0x00007ffbddd1d000 	C:\WINDOWS\System32\SHCORE.dll
0x00007ffbdca40000 - 0x00007ffbdca95000 	C:\WINDOWS\System32\shlwapi.dll
0x00007ffbdb8a0000 - 0x00007ffbdb8c5000 	C:\WINDOWS\SYSTEM32\profapi.dll
0x00007ffbab2e0000 - 0x00007ffbab2f9000 	C:\Program Files\Android\Android Studio\jbr\bin\net.dll
0x00007ffbcb6a0000 - 0x00007ffbcb7aa000 	C:\WINDOWS\SYSTEM32\WINHTTP.dll
0x00007ffbdb040000 - 0x00007ffbdb0aa000 	C:\WINDOWS\system32\mswsock.dll
0x00007ffbab2c0000 - 0x00007ffbab2d6000 	C:\Program Files\Android\Android Studio\jbr\bin\nio.dll
0x00007ffbc7d50000 - 0x00007ffbc7d60000 	C:\Program Files\Android\Android Studio\jbr\bin\verify.dll
0x00007ffbd1850000 - 0x00007ffbd1877000 	C:\Users\NICOLAS\.gradle\native\68d5fa5c4cc2d200863cafc0d521ce42e7d3e7ee720ec0a83991735586a16f82\windows-amd64\native-platform.dll
0x00007ffba47b0000 - 0x00007ffba48f4000 	C:\Users\NICOLAS\.gradle\native\e376f236ea51e6404a007f0833ffe2c6e607c4080706a723a18a27aeea778392\windows-amd64\native-platform-file-events.dll
0x00007ffbc5f70000 - 0x00007ffbc5f79000 	C:\Program Files\Android\Android Studio\jbr\bin\management.dll
0x00007ffbc5c30000 - 0x00007ffbc5c3b000 	C:\Program Files\Android\Android Studio\jbr\bin\management_ext.dll
0x00007ffbddab0000 - 0x00007ffbddab8000 	C:\WINDOWS\System32\PSAPI.DLL
0x00007ffbdb230000 - 0x00007ffbdb248000 	C:\WINDOWS\SYSTEM32\CRYPTSP.dll
0x00007ffbda970000 - 0x00007ffbda9a4000 	C:\WINDOWS\system32\rsaenh.dll
0x00007ffbdbd10000 - 0x00007ffbdbd37000 	C:\WINDOWS\System32\bcrypt.dll
0x00007ffbdb820000 - 0x00007ffbdb84e000 	C:\WINDOWS\SYSTEM32\USERENV.dll
0x00007ffbdb250000 - 0x00007ffbdb25c000 	C:\WINDOWS\SYSTEM32\CRYPTBASE.dll
0x00007ffbdad30000 - 0x00007ffbdad6b000 	C:\WINDOWS\SYSTEM32\IPHLPAPI.DLL
0x00007ffbdccd0000 - 0x00007ffbdccd8000 	C:\WINDOWS\System32\NSI.dll
0x00007ffbcfba0000 - 0x00007ffbcfbb7000 	C:\WINDOWS\SYSTEM32\dhcpcsvc6.DLL
0x00007ffbcfb80000 - 0x00007ffbcfb9d000 	C:\WINDOWS\SYSTEM32\dhcpcsvc.DLL
0x00007ffbdad70000 - 0x00007ffbdae3a000 	C:\WINDOWS\SYSTEM32\DNSAPI.dll
0x00007ffbc7410000 - 0x00007ffbc7417000 	C:\WINDOWS\system32\wshunix.dll

dbghelp: loaded successfully - version: 4.0.5 - missing functions: none
symbol engine: initialized successfully - sym options: 0x614 - pdb path: .;C:\Program Files\Android\Android Studio\jbr\bin;C:\WINDOWS\SYSTEM32;C:\Program Files\Avast Software\Avast;C:\WINDOWS\WinSxS\amd64_microsoft.windows.common-controls_6595b64144ccf1df_6.0.19041.3636_none_60b6a03d71f818d5;C:\Program Files\Android\Android Studio\jbr\bin\server;C:\Users\NICOLAS\.gradle\native\68d5fa5c4cc2d200863cafc0d521ce42e7d3e7ee720ec0a83991735586a16f82\windows-amd64;C:\Users\NICOLAS\.gradle\native\e376f236ea51e6404a007f0833ffe2c6e607c4080706a723a18a27aeea778392\windows-amd64

VM Arguments:
jvm_args: --add-opens=java.base/java.util=ALL-UNNAMED --add-opens=java.base/java.lang=ALL-UNNAMED --add-opens=java.base/java.lang.invoke=ALL-UNNAMED --add-opens=java.prefs/java.util.prefs=ALL-UNNAMED --add-opens=java.base/java.nio.charset=ALL-UNNAMED --add-opens=java.base/java.net=ALL-UNNAMED --add-opens=java.base/java.util.concurrent.atomic=ALL-UNNAMED -Xmx2048m -Dfile.encoding=UTF-8 -Duser.country=CO -Duser.language=es -Duser.variant 
java_command: org.gradle.launcher.daemon.bootstrap.GradleDaemon 8.0
java_class_path (initial): C:\Users\NICOLAS\.gradle\wrapper\dists\gradle-8.0-bin\ca5e32bp14vu59qr306oxotwh\gradle-8.0\lib\gradle-launcher-8.0.jar
Launcher Type: SUN_STANDARD

[Global flags]
     intx CICompilerCount                          = 3                                         {product} {ergonomic}
     uint ConcGCThreads                            = 1                                         {product} {ergonomic}
     uint G1ConcRefinementThreads                  = 4                                         {product} {ergonomic}
   size_t G1HeapRegionSize                         = 1048576                                   {product} {ergonomic}
    uintx GCDrainStackTargetSize                   = 64                                        {product} {ergonomic}
   size_t InitialHeapSize                          = 67108864                                  {product} {ergonomic}
   size_t MarkStackSize                            = 4194304                                   {product} {ergonomic}
   size_t MaxHeapSize                              = 2147483648                                {product} {command line}
   size_t MaxNewSize                               = 1287651328                                {product} {ergonomic}
   size_t MinHeapDeltaBytes                        = 1048576                                   {product} {ergonomic}
   size_t MinHeapSize                              = 8388608                                   {product} {ergonomic}
    uintx NonNMethodCodeHeapSize                   = 5832780                                {pd product} {ergonomic}
    uintx NonProfiledCodeHeapSize                  = 122912730                              {pd product} {ergonomic}
    uintx ProfiledCodeHeapSize                     = 122912730                              {pd product} {ergonomic}
    uintx ReservedCodeCacheSize                    = 251658240                              {pd product} {ergonomic}
     bool SegmentedCodeCache                       = true                                      {product} {ergonomic}
   size_t SoftMaxHeapSize                          = 2147483648                             {manageable} {ergonomic}
     bool UseCompressedClassPointers               = true                           {product lp64_product} {ergonomic}
     bool UseCompressedOops                        = true                           {product lp64_product} {ergonomic}
     bool UseG1GC                                  = true                                      {product} {ergonomic}
     bool UseLargePagesIndividualAllocation        = false                                  {pd product} {ergonomic}

Logging:
Log output configuration:
 #0: stdout all=warning uptime,level,tags
 #1: stderr all=off uptime,level,tags

Environment Variables:
JAVA_HOME=C:\Program Files\Java\jdk-13
PATH=C:\Python312\Scripts\;C:\Python312\;C:\OracleXE\dbhomeXE\bin;C:\WINDOWS\system32;C:\WINDOWS;C:\WINDOWS\System32\Wbem;C:\WINDOWS\System32\WindowsPowerShell\v1.0\;C:\WINDOWS\System32\OpenSSH\;C:\Program Files\Git\cmd;C:\Program Files\Java\jdk-13\bin;C:\Program Files\Java\jdk-13\bin;C:\Program Files\nodejs\;C:\ProgramData\chocolatey\bin;"C:\Users\NICOLAS\AppData\Local\Microsoft\WindowsApps;C:\Program Files\Java\jdk-13\bin";;C:\Program Files\JetBrains\PyCharm Community Edition 2022.3.1\bin;;C:\Users\NICOLAS\AppData\Roaming\npm
USERNAME=NICOLAS
OS=Windows_NT
PROCESSOR_IDENTIFIER=Intel64 Family 6 Model 78 Stepping 3, GenuineIntel
TMP=C:\Users\NICOLAS\AppData\Local\Temp
TEMP=C:\Users\NICOLAS\AppData\Local\Temp


JNI global refs:
JNI global refs: 23, weak refs: 0

JNI global refs memory usage: 843, weak refs: 841


---------------  S Y S T E M  ---------------

OS:
 Windows 10 , 64 bit Build 19041 (10.0.19041.3636)
OS uptime: 0 days 7:57 hours

CPU: total 4 (initial active 4) (2 cores per cpu, 2 threads per core) family 6 model 78 stepping 3 microcode 0xcc, cx8, cmov, fxsr, ht, mmx, 3dnowpref, sse, sse2, sse3, ssse3, sse4.1, sse4.2, popcnt, lzcnt, tsc, tscinvbit, avx, avx2, aes, erms, clmul, bmi1, bmi2, adx, fma, vzeroupper, clflush, clflushopt

Memory: 4k page, system-wide physical 3971M (292M free)
TotalPageFile size 8067M (AvailPageFile size 102M)
current process WorkingSet (physical memory assigned to process): 302M, peak: 302M
current process commit charge ("private bytes"): 385M, peak: 527M

vm_info: OpenJDK 64-Bit Server VM (17.0.6+0-b2043.56-10027231) for windows-amd64 JRE (17.0.6+0-b2043.56-10027231), built on Apr 28 2023 00:43:19 by "androidbuild" with MS VC++ 16.10 / 16.11 (VS2019)

END.
