#
# There is insufficient memory for the Java Runtime Environment to continue.
# Native memory allocation (malloc) failed to allocate 946720 bytes for Chunk::new
# Possible reasons:
#   The system is out of physical RAM or swap space
#   The process is running with CompressedOops enabled, and the Java Heap may be blocking the growth of the native heap
# Possible solutions:
#   Reduce memory load on the system
#   Increase physical memory or swap space
#   Check if swap backing store is full
#   Decrease Java heap size (-Xmx/-Xms)
#   Decrease number of Java threads
#   Decrease Java thread stack sizes (-Xss)
#   Set larger code cache with -XX:ReservedCodeCacheSize=
#   JVM is running with Unscaled Compressed Oops mode in which the Java heap is
#     placed in the first 4GB address space. The Java Heap base address is the
#     maximum limit for the native heap growth. Please use -XX:HeapBaseMinAddress
#     to set the Java Heap base and to place the Java Heap above 4GB virtual address.
# This output file may be truncated or incomplete.
#
#  Out of Memory Error (arena.cpp:189), pid=9320, tid=12704
#
# JRE version: OpenJDK Runtime Environment (17.0.6) (build 17.0.6+0-b2043.56-10027231)
# Java VM: OpenJDK 64-Bit Server VM (17.0.6+0-b2043.56-10027231, mixed mode, tiered, compressed oops, compressed class ptrs, g1 gc, windows-amd64)
# No core dump will be written. Minidumps are not enabled by default on client versions of Windows
#

---------------  S U M M A R Y ------------

Command Line: --add-opens=java.base/java.util=ALL-UNNAMED --add-opens=java.base/java.lang=ALL-UNNAMED --add-opens=java.base/java.lang.invoke=ALL-UNNAMED --add-opens=java.prefs/java.util.prefs=ALL-UNNAMED --add-opens=java.base/java.nio.charset=ALL-UNNAMED --add-opens=java.base/java.net=ALL-UNNAMED --add-opens=java.base/java.util.concurrent.atomic=ALL-UNNAMED -Xmx2048m -Dfile.encoding=UTF-8 -Duser.country=CO -Duser.language=es -Duser.variant org.gradle.launcher.daemon.bootstrap.GradleDaemon 8.0

Host: Intel(R) Core(TM) i3-6006U CPU @ 2.00GHz, 4 cores, 3G,  Windows 10 , 64 bit Build 19041 (10.0.19041.3636)
Time: Mon Nov 20 14:48:28 2023 Hora est. Pacífico, Sudamérica elapsed time: 25.475951 seconds (0d 0h 0m 25s)

---------------  T H R E A D  ---------------

Current thread (0x0000028c6c84b100):  JavaThread "C2 CompilerThread0" daemon [_thread_in_native, id=12704, stack(0x000000cb15900000,0x000000cb15a00000)]


Current CompileTask:
C2:  25476 8261       4       java.lang.PublicMethods::merge (81 bytes)

Stack: [0x000000cb15900000,0x000000cb15a00000]
Native frames: (J=compiled Java code, j=interpreted, Vv=VM code, C=native code)
V  [jvm.dll+0x683c9a]
V  [jvm.dll+0x8427a4]
V  [jvm.dll+0x843f9e]
V  [jvm.dll+0x844603]
V  [jvm.dll+0x249b75]
V  [jvm.dll+0xabcac]
V  [jvm.dll+0xac27c]
V  [jvm.dll+0x368857]
V  [jvm.dll+0x332f31]
V  [jvm.dll+0x3323da]
V  [jvm.dll+0x21c201]
V  [jvm.dll+0x21b621]
V  [jvm.dll+0x1a4fdd]
V  [jvm.dll+0x22b098]
V  [jvm.dll+0x229159]
V  [jvm.dll+0x7f81ec]
V  [jvm.dll+0x7f274a]
V  [jvm.dll+0x682ad5]
C  [ucrtbase.dll+0x21bb2]
C  [KERNEL32.DLL+0x17344]
C  [ntdll.dll+0x526b1]


---------------  P R O C E S S  ---------------

Threads class SMR info:
_java_thread_list=0x0000028c72048a20, length=81, elements={
0x0000028c512ffd90, 0x0000028c6c7e9430, 0x0000028c6c7fe1d0, 0x0000028c6c8403b0,
0x0000028c6c842e70, 0x0000028c6c8444a0, 0x0000028c6c8466d0, 0x0000028c6c84b100,
0x0000028c6c84c340, 0x0000028c6d403420, 0x0000028c6d585430, 0x0000028c6d58a330,
0x0000028c6fb5f010, 0x0000028c6ebbb9a0, 0x0000028c6e58b7e0, 0x0000028c6eaf4210,
0x0000028c6f8202b0, 0x0000028c6e18e0f0, 0x0000028c6ec688b0, 0x0000028c6f93c170,
0x0000028c6f93b7d0, 0x0000028c6f93cb10, 0x0000028c6f93cfe0, 0x0000028c6f93a960,
0x0000028c6f93d980, 0x0000028c6f93bca0, 0x0000028c6f93d4b0, 0x0000028c6f93a490,
0x0000028c6f93b300, 0x0000028c6f93c640, 0x0000028c6f93de50, 0x0000028c6f93ae30,
0x0000028c71bd01a0, 0x0000028c71bd2820, 0x0000028c71bd0b40, 0x0000028c71bcee60,
0x0000028c71bd3b60, 0x0000028c71bcf330, 0x0000028c71bd4500, 0x0000028c71bd49d0,
0x0000028c71bd14e0, 0x0000028c71bcd180, 0x0000028c71bcd650, 0x0000028c71bd31c0,
0x0000028c71bd1e80, 0x0000028c71bcf800, 0x0000028c71bd2350, 0x0000028c71bd2cf0,
0x0000028c71bcdb20, 0x0000028c71bcdff0, 0x0000028c71bcfcd0, 0x0000028c71bce4c0,
0x0000028c71bd3690, 0x0000028c70623d40, 0x0000028c70627230, 0x0000028c70622530,
0x0000028c706293e0, 0x0000028c70622a00, 0x0000028c70627700, 0x0000028c706263c0,
0x0000028c706233a0, 0x0000028c70625080, 0x0000028c706246e0, 0x0000028c70628570,
0x0000028c70628a40, 0x0000028c70626890, 0x0000028c70628f10, 0x0000028c70627bd0,
0x0000028c706298b0, 0x0000028c70622ed0, 0x0000028c70624bb0, 0x0000028c70623870,
0x0000028c70625550, 0x0000028c70626d60, 0x0000028c70625a20, 0x0000028c706280a0,
0x0000028c70625ef0, 0x0000028c70622060, 0x0000028c70624210, 0x0000028c6fc899f0,
0x0000028c6fc87d10
}

Java Threads: ( => current thread )
  0x0000028c512ffd90 JavaThread "main" [_thread_blocked, id=12908, stack(0x000000cb14c00000,0x000000cb14d00000)]
  0x0000028c6c7e9430 JavaThread "Reference Handler" daemon [_thread_blocked, id=10812, stack(0x000000cb15300000,0x000000cb15400000)]
  0x0000028c6c7fe1d0 JavaThread "Finalizer" daemon [_thread_blocked, id=1264, stack(0x000000cb15400000,0x000000cb15500000)]
  0x0000028c6c8403b0 JavaThread "Signal Dispatcher" daemon [_thread_blocked, id=7360, stack(0x000000cb15500000,0x000000cb15600000)]
  0x0000028c6c842e70 JavaThread "Attach Listener" daemon [_thread_blocked, id=11112, stack(0x000000cb15600000,0x000000cb15700000)]
  0x0000028c6c8444a0 JavaThread "Service Thread" daemon [_thread_blocked, id=2164, stack(0x000000cb15700000,0x000000cb15800000)]
  0x0000028c6c8466d0 JavaThread "Monitor Deflation Thread" daemon [_thread_blocked, id=7012, stack(0x000000cb15800000,0x000000cb15900000)]
=>0x0000028c6c84b100 JavaThread "C2 CompilerThread0" daemon [_thread_in_native, id=12704, stack(0x000000cb15900000,0x000000cb15a00000)]
  0x0000028c6c84c340 JavaThread "C1 CompilerThread0" daemon [_thread_blocked, id=12688, stack(0x000000cb15a00000,0x000000cb15b00000)]
  0x0000028c6d403420 JavaThread "Sweeper thread" daemon [_thread_blocked, id=11688, stack(0x000000cb15b00000,0x000000cb15c00000)]
  0x0000028c6d585430 JavaThread "Common-Cleaner" daemon [_thread_blocked, id=6152, stack(0x000000cb15c00000,0x000000cb15d00000)]
  0x0000028c6d58a330 JavaThread "Notification Thread" daemon [_thread_blocked, id=12760, stack(0x000000cb15d00000,0x000000cb15e00000)]
  0x0000028c6fb5f010 JavaThread "Daemon health stats" [_thread_blocked, id=5664, stack(0x000000cb16200000,0x000000cb16300000)]
  0x0000028c6ebbb9a0 JavaThread "Incoming local TCP Connector on port 59594" [_thread_in_native, id=11160, stack(0x000000cb16300000,0x000000cb16400000)]
  0x0000028c6e58b7e0 JavaThread "Daemon periodic checks" [_thread_blocked, id=12060, stack(0x000000cb16400000,0x000000cb16500000)]
  0x0000028c6eaf4210 JavaThread "Daemon" [_thread_blocked, id=2024, stack(0x000000cb16500000,0x000000cb16600000)]
  0x0000028c6f8202b0 JavaThread "Handler for socket connection from /127.0.0.1:59594 to /127.0.0.1:59595" [_thread_in_native, id=9824, stack(0x000000cb16600000,0x000000cb16700000)]
  0x0000028c6e18e0f0 JavaThread "Cancel handler" [_thread_blocked, id=3708, stack(0x000000cb16700000,0x000000cb16800000)]
  0x0000028c6ec688b0 JavaThread "Daemon worker" [_thread_in_vm, id=11736, stack(0x000000cb16800000,0x000000cb16900000)]
  0x0000028c6f93c170 JavaThread "Asynchronous log dispatcher for DefaultDaemonConnection: socket connection from /127.0.0.1:59594 to /127.0.0.1:59595" [_thread_blocked, id=12272, stack(0x000000cb16900000,0x000000cb16a00000)]
  0x0000028c6f93b7d0 JavaThread "Stdin handler" [_thread_blocked, id=10360, stack(0x000000cb16a00000,0x000000cb16b00000)]
  0x0000028c6f93cb10 JavaThread "Daemon client event forwarder" [_thread_blocked, id=6312, stack(0x000000cb16b00000,0x000000cb16c00000)]
  0x0000028c6f93cfe0 JavaThread "Cache worker for journal cache (C:\Users\NICOLAS\.gradle\caches\journal-1)" [_thread_blocked, id=3032, stack(0x000000cb16c00000,0x000000cb16d00000)]
  0x0000028c6f93a960 JavaThread "File lock request listener" [_thread_in_native, id=5336, stack(0x000000cb16d00000,0x000000cb16e00000)]
  0x0000028c6f93d980 JavaThread "Cache worker for file hash cache (C:\Users\NICOLAS\.gradle\caches\8.0\fileHashes)" [_thread_blocked, id=6752, stack(0x000000cb16e00000,0x000000cb16f00000)]
  0x0000028c6f93bca0 JavaThread "File watcher server" daemon [_thread_in_native, id=832, stack(0x000000cb17000000,0x000000cb17100000)]
  0x0000028c6f93d4b0 JavaThread "File watcher consumer" daemon [_thread_blocked, id=10416, stack(0x000000cb17100000,0x000000cb17200000)]
  0x0000028c6f93a490 JavaThread "jar transforms" [_thread_blocked, id=7460, stack(0x000000cb17200000,0x000000cb17300000)]
  0x0000028c6f93b300 JavaThread "jar transforms Thread 2" [_thread_blocked, id=5916, stack(0x000000cb17300000,0x000000cb17400000)]
  0x0000028c6f93c640 JavaThread "jar transforms Thread 3" [_thread_blocked, id=4688, stack(0x000000cb17400000,0x000000cb17500000)]
  0x0000028c6f93de50 JavaThread "jar transforms Thread 4" [_thread_blocked, id=3152, stack(0x000000cb17500000,0x000000cb17600000)]
  0x0000028c6f93ae30 JavaThread "Cache worker for checksums cache (C:\Users\NICOLAS\Documents\AndroidStudio\RedSocial\.gradle\8.0\checksums)" [_thread_blocked, id=8844, stack(0x000000cb16f00000,0x000000cb17000000)]
  0x0000028c71bd01a0 JavaThread "Cache worker for cache directory md-rule (C:\Users\NICOLAS\.gradle\caches\8.0\md-rule)" [_thread_blocked, id=6568, stack(0x000000cb17600000,0x000000cb17700000)]
  0x0000028c71bd2820 JavaThread "Cache worker for file content cache (C:\Users\NICOLAS\.gradle\caches\8.0\fileContent)" [_thread_blocked, id=11784, stack(0x000000cb17700000,0x000000cb17800000)]
  0x0000028c71bd0b40 JavaThread "Cache worker for file hash cache (C:\Users\NICOLAS\Documents\AndroidStudio\RedSocial\.gradle\8.0\fileHashes)" [_thread_blocked, id=2600, stack(0x000000cb17900000,0x000000cb17a00000)]
  0x0000028c71bcee60 JavaThread "Cache worker for cache directory md-supplier (C:\Users\NICOLAS\.gradle\caches\8.0\md-supplier)" [_thread_blocked, id=1208, stack(0x000000cb17a00000,0x000000cb17b00000)]
  0x0000028c71bd3b60 JavaThread "Cache worker for execution history cache (C:\Users\NICOLAS\.gradle\caches\8.0\executionHistory)" [_thread_blocked, id=8624, stack(0x000000cb17b00000,0x000000cb17c00000)]
  0x0000028c71bcf330 JavaThread "Cache worker for kotlin-dsl (C:\Users\NICOLAS\.gradle\caches\8.0\kotlin-dsl)" [_thread_blocked, id=2136, stack(0x000000cb17800000,0x000000cb17900000)]
  0x0000028c71bd4500 JavaThread "Cache worker for dependencies-accessors (C:\Users\NICOLAS\Documents\AndroidStudio\RedSocial\.gradle\8.0\dependencies-accessors)" [_thread_blocked, id=6004, stack(0x000000cb17c00000,0x000000cb17d00000)]
  0x0000028c71bd49d0 JavaThread "Cache worker for Build Output Cleanup Cache (C:\Users\NICOLAS\Documents\AndroidStudio\RedSocial\.gradle\buildOutputCleanup)" [_thread_blocked, id=11308, stack(0x000000cb17d00000,0x000000cb17e00000)]
  0x0000028c71bd14e0 JavaThread "Unconstrained build operations" [_thread_blocked, id=6420, stack(0x000000cb17e00000,0x000000cb17f00000)]
  0x0000028c71bcd180 JavaThread "Unconstrained build operations Thread 2" [_thread_blocked, id=8164, stack(0x000000cb17f00000,0x000000cb18000000)]
  0x0000028c71bcd650 JavaThread "Unconstrained build operations Thread 3" [_thread_blocked, id=6760, stack(0x000000cb18000000,0x000000cb18100000)]
  0x0000028c71bd31c0 JavaThread "Unconstrained build operations Thread 4" [_thread_blocked, id=12000, stack(0x000000cb18100000,0x000000cb18200000)]
  0x0000028c71bd1e80 JavaThread "Unconstrained build operations Thread 5" [_thread_blocked, id=5588, stack(0x000000cb18200000,0x000000cb18300000)]
  0x0000028c71bcf800 JavaThread "Unconstrained build operations Thread 6" [_thread_blocked, id=2272, stack(0x000000cb18300000,0x000000cb18400000)]
  0x0000028c71bd2350 JavaThread "Unconstrained build operations Thread 7" [_thread_blocked, id=12464, stack(0x000000cb18400000,0x000000cb18500000)]
  0x0000028c71bd2cf0 JavaThread "Unconstrained build operations Thread 8" [_thread_blocked, id=5864, stack(0x000000cb18500000,0x000000cb18600000)]
  0x0000028c71bcdb20 JavaThread "Unconstrained build operations Thread 9" [_thread_blocked, id=2596, stack(0x000000cb18600000,0x000000cb18700000)]
  0x0000028c71bcdff0 JavaThread "Unconstrained build operations Thread 10" [_thread_blocked, id=12840, stack(0x000000cb18700000,0x000000cb18800000)]
  0x0000028c71bcfcd0 JavaThread "Unconstrained build operations Thread 11" [_thread_blocked, id=9620, stack(0x000000cb18800000,0x000000cb18900000)]
  0x0000028c71bce4c0 JavaThread "Unconstrained build operations Thread 12" [_thread_blocked, id=10068, stack(0x000000cb18900000,0x000000cb18a00000)]
  0x0000028c71bd3690 JavaThread "Unconstrained build operations Thread 13" [_thread_blocked, id=4744, stack(0x000000cb18a00000,0x000000cb18b00000)]
  0x0000028c70623d40 JavaThread "Unconstrained build operations Thread 14" [_thread_blocked, id=11348, stack(0x000000cb18b00000,0x000000cb18c00000)]
  0x0000028c70627230 JavaThread "Unconstrained build operations Thread 15" [_thread_blocked, id=3388, stack(0x000000cb18c00000,0x000000cb18d00000)]
  0x0000028c70622530 JavaThread "Unconstrained build operations Thread 16" [_thread_blocked, id=11404, stack(0x000000cb18d00000,0x000000cb18e00000)]
  0x0000028c706293e0 JavaThread "Unconstrained build operations Thread 17" [_thread_blocked, id=68, stack(0x000000cb18e00000,0x000000cb18f00000)]
  0x0000028c70622a00 JavaThread "Unconstrained build operations Thread 18" [_thread_blocked, id=3084, stack(0x000000cb18f00000,0x000000cb19000000)]
  0x0000028c70627700 JavaThread "Unconstrained build operations Thread 19" [_thread_blocked, id=10076, stack(0x000000cb19000000,0x000000cb19100000)]
  0x0000028c706263c0 JavaThread "Unconstrained build operations Thread 20" [_thread_blocked, id=10784, stack(0x000000cb19100000,0x000000cb19200000)]
  0x0000028c706233a0 JavaThread "Unconstrained build operations Thread 21" [_thread_blocked, id=11220, stack(0x000000cb19200000,0x000000cb19300000)]
  0x0000028c70625080 JavaThread "Unconstrained build operations Thread 22" [_thread_blocked, id=2908, stack(0x000000cb19300000,0x000000cb19400000)]
  0x0000028c706246e0 JavaThread "Unconstrained build operations Thread 23" [_thread_blocked, id=9804, stack(0x000000cb19400000,0x000000cb19500000)]
  0x0000028c70628570 JavaThread "Unconstrained build operations Thread 24" [_thread_blocked, id=3560, stack(0x000000cb19500000,0x000000cb19600000)]
  0x0000028c70628a40 JavaThread "Unconstrained build operations Thread 25" [_thread_blocked, id=10368, stack(0x000000cb19600000,0x000000cb19700000)]
  0x0000028c70626890 JavaThread "Unconstrained build operations Thread 26" [_thread_blocked, id=11748, stack(0x000000cb19700000,0x000000cb19800000)]
  0x0000028c70628f10 JavaThread "Unconstrained build operations Thread 27" [_thread_blocked, id=7236, stack(0x000000cb19800000,0x000000cb19900000)]
  0x0000028c70627bd0 JavaThread "Unconstrained build operations Thread 28" [_thread_blocked, id=4300, stack(0x000000cb19900000,0x000000cb19a00000)]
  0x0000028c706298b0 JavaThread "Unconstrained build operations Thread 29" [_thread_blocked, id=4640, stack(0x000000cb19a00000,0x000000cb19b00000)]
  0x0000028c70622ed0 JavaThread "Unconstrained build operations Thread 30" [_thread_blocked, id=7044, stack(0x000000cb19b00000,0x000000cb19c00000)]
  0x0000028c70624bb0 JavaThread "Unconstrained build operations Thread 31" [_thread_blocked, id=13272, stack(0x000000cb19c00000,0x000000cb19d00000)]
  0x0000028c70623870 JavaThread "Unconstrained build operations Thread 32" [_thread_blocked, id=11040, stack(0x000000cb19d00000,0x000000cb19e00000)]
  0x0000028c70625550 JavaThread "Unconstrained build operations Thread 33" [_thread_blocked, id=1176, stack(0x000000cb19e00000,0x000000cb19f00000)]
  0x0000028c70626d60 JavaThread "Unconstrained build operations Thread 34" [_thread_blocked, id=13100, stack(0x000000cb19f00000,0x000000cb1a000000)]
  0x0000028c70625a20 JavaThread "Unconstrained build operations Thread 35" [_thread_blocked, id=1460, stack(0x000000cb1a000000,0x000000cb1a100000)]
  0x0000028c706280a0 JavaThread "Unconstrained build operations Thread 36" [_thread_blocked, id=7764, stack(0x000000cb1a100000,0x000000cb1a200000)]
  0x0000028c70625ef0 JavaThread "Unconstrained build operations Thread 37" [_thread_blocked, id=9972, stack(0x000000cb1a200000,0x000000cb1a300000)]
  0x0000028c70622060 JavaThread "Unconstrained build operations Thread 38" [_thread_blocked, id=9432, stack(0x000000cb1a300000,0x000000cb1a400000)]
  0x0000028c70624210 JavaThread "Unconstrained build operations Thread 39" [_thread_blocked, id=7656, stack(0x000000cb1a400000,0x000000cb1a500000)]
  0x0000028c6fc899f0 JavaThread "Unconstrained build operations Thread 40" [_thread_blocked, id=10872, stack(0x000000cb1a500000,0x000000cb1a600000)]
  0x0000028c6fc87d10 JavaThread "Memory manager" [_thread_blocked, id=2116, stack(0x000000cb1a600000,0x000000cb1a700000)]

Other Threads:
  0x0000028c6c7fd270 VMThread "VM Thread" [stack: 0x000000cb15200000,0x000000cb15300000] [id=5856]
  0x0000028c6d58cc20 WatcherThread [stack: 0x000000cb15e00000,0x000000cb15f00000] [id=12120]
  0x0000028c5135c480 GCTaskThread "GC Thread#0" [stack: 0x000000cb14d00000,0x000000cb14e00000] [id=6988]
  0x0000028c6de13260 GCTaskThread "GC Thread#1" [stack: 0x000000cb15f00000,0x000000cb16000000] [id=2348]
  0x0000028c6df4cd20 GCTaskThread "GC Thread#2" [stack: 0x000000cb16000000,0x000000cb16100000] [id=7972]
  0x0000028c6e1b2ac0 GCTaskThread "GC Thread#3" [stack: 0x000000cb16100000,0x000000cb16200000] [id=5432]
  0x0000028c5136d490 ConcurrentGCThread "G1 Main Marker" [stack: 0x000000cb14e00000,0x000000cb14f00000] [id=6824]
  0x0000028c5136dea0 ConcurrentGCThread "G1 Conc#0" [stack: 0x000000cb14f00000,0x000000cb15000000] [id=13080]
  0x0000028c513bbac0 ConcurrentGCThread "G1 Refine#0" [stack: 0x000000cb15000000,0x000000cb15100000] [id=3352]
  0x0000028c731c0340 ConcurrentGCThread "G1 Refine#1" [stack: 0x000000cb1a700000,0x000000cb1a800000] [id=6020]
  0x0000028c731c0620 ConcurrentGCThread "G1 Refine#2" [stack: 0x000000cb1a800000,0x000000cb1a900000] [id=3884]
  0x0000028c513bc4e0 ConcurrentGCThread "G1 Service" [stack: 0x000000cb15100000,0x000000cb15200000] [id=11728]

Threads with active compile tasks:
C2 CompilerThread0    25581 8261       4       java.lang.PublicMethods::merge (81 bytes)

VM state: not at safepoint (normal execution)

VM Mutex/Monitor currently owned by a thread: None

Heap address: 0x0000000080000000, size: 2048 MB, Compressed Oops mode: 32-bit

CDS archive(s) not mapped
Compressed class space mapped at: 0x0000000100000000-0x0000000140000000, reserved size: 1073741824
Narrow klass base: 0x0000000000000000, Narrow klass shift: 3, Narrow klass range: 0x140000000

GC Precious Log:
 CPUs: 4 total, 4 available
 Memory: 3971M
 Large Page Support: Disabled
 NUMA Support: Disabled
 Compressed Oops: Enabled (32-bit)
 Heap Region Size: 1M
 Heap Min Capacity: 8M
 Heap Initial Capacity: 64M
 Heap Max Capacity: 2G
 Pre-touch: Disabled
 Parallel Workers: 4
 Concurrent Workers: 1
 Concurrent Refinement Workers: 4
 Periodic GC: Disabled

Heap:
 garbage-first heap   total 203776K, used 155520K [0x0000000080000000, 0x0000000100000000)
  region size 1024K, 39 young (39936K), 7 survivors (7168K)
 Metaspace       used 96174K, committed 96896K, reserved 1138688K
  class space    used 13087K, committed 13440K, reserved 1048576K

Heap Regions: E=young(eden), S=young(survivor), O=old, HS=humongous(starts), HC=humongous(continues), CS=collection set, F=free, OA=open archive, CA=closed archive, TAMS=top-at-mark-start (previous, next)
|   0|0x0000000080000000, 0x0000000080100000, 0x0000000080100000|100%| O|  |TAMS 0x0000000080100000, 0x0000000080000000| Untracked 
|   1|0x0000000080100000, 0x0000000080200000, 0x0000000080200000|100%| O|  |TAMS 0x0000000080200000, 0x0000000080100000| Untracked 
|   2|0x0000000080200000, 0x0000000080300000, 0x0000000080300000|100%|HS|  |TAMS 0x0000000080300000, 0x0000000080200000| Complete 
|   3|0x0000000080300000, 0x0000000080400000, 0x0000000080400000|100%|HC|  |TAMS 0x0000000080400000, 0x0000000080300000| Complete 
|   4|0x0000000080400000, 0x0000000080500000, 0x0000000080500000|100%|HC|  |TAMS 0x0000000080500000, 0x0000000080400000| Complete 
|   5|0x0000000080500000, 0x0000000080600000, 0x0000000080600000|100%|HC|  |TAMS 0x0000000080600000, 0x0000000080500000| Complete 
|   6|0x0000000080600000, 0x0000000080700000, 0x0000000080700000|100%| O|  |TAMS 0x0000000080700000, 0x0000000080600000| Untracked 
|   7|0x0000000080700000, 0x0000000080800000, 0x0000000080800000|100%| O|  |TAMS 0x0000000080800000, 0x0000000080700000| Untracked 
|   8|0x0000000080800000, 0x0000000080900000, 0x0000000080900000|100%| O|  |TAMS 0x0000000080900000, 0x0000000080800000| Untracked 
|   9|0x0000000080900000, 0x0000000080a00000, 0x0000000080a00000|100%| O|  |TAMS 0x0000000080a00000, 0x0000000080900000| Untracked 
|  10|0x0000000080a00000, 0x0000000080b00000, 0x0000000080b00000|100%| O|  |TAMS 0x0000000080b00000, 0x0000000080a00000| Untracked 
|  11|0x0000000080b00000, 0x0000000080c00000, 0x0000000080c00000|100%| O|  |TAMS 0x0000000080c00000, 0x0000000080b00000| Untracked 
|  12|0x0000000080c00000, 0x0000000080d00000, 0x0000000080d00000|100%| O|  |TAMS 0x0000000080d00000, 0x0000000080c00000| Untracked 
|  13|0x0000000080d00000, 0x0000000080e00000, 0x0000000080e00000|100%| O|  |TAMS 0x0000000080e00000, 0x0000000080d00000| Untracked 
|  14|0x0000000080e00000, 0x0000000080f00000, 0x0000000080f00000|100%| O|  |TAMS 0x0000000080f00000, 0x0000000080e00000| Untracked 
|  15|0x0000000080f00000, 0x0000000081000000, 0x0000000081000000|100%| O|  |TAMS 0x0000000081000000, 0x0000000080f00000| Untracked 
|  16|0x0000000081000000, 0x0000000081100000, 0x0000000081100000|100%| O|  |TAMS 0x0000000081100000, 0x0000000081000000| Untracked 
|  17|0x0000000081100000, 0x0000000081200000, 0x0000000081200000|100%| O|  |TAMS 0x0000000081200000, 0x0000000081100000| Untracked 
|  18|0x0000000081200000, 0x0000000081300000, 0x0000000081300000|100%| O|  |TAMS 0x0000000081300000, 0x0000000081200000| Untracked 
|  19|0x0000000081300000, 0x0000000081400000, 0x0000000081400000|100%| O|  |TAMS 0x0000000081400000, 0x0000000081300000| Untracked 
|  20|0x0000000081400000, 0x0000000081500000, 0x0000000081500000|100%| O|  |TAMS 0x0000000081500000, 0x0000000081400000| Untracked 
|  21|0x0000000081500000, 0x0000000081600000, 0x0000000081600000|100%|HS|  |TAMS 0x0000000081600000, 0x0000000081500000| Complete 
|  22|0x0000000081600000, 0x0000000081700000, 0x0000000081700000|100%|HC|  |TAMS 0x0000000081700000, 0x0000000081600000| Complete 
|  23|0x0000000081700000, 0x0000000081800000, 0x0000000081800000|100%|HS|  |TAMS 0x0000000081800000, 0x0000000081700000| Complete 
|  24|0x0000000081800000, 0x0000000081900000, 0x0000000081900000|100%|HC|  |TAMS 0x0000000081900000, 0x0000000081800000| Complete 
|  25|0x0000000081900000, 0x0000000081a00000, 0x0000000081a00000|100%|HC|  |TAMS 0x0000000081a00000, 0x0000000081900000| Complete 
|  26|0x0000000081a00000, 0x0000000081b00000, 0x0000000081b00000|100%|HS|  |TAMS 0x0000000081b00000, 0x0000000081a00000| Complete 
|  27|0x0000000081b00000, 0x0000000081c00000, 0x0000000081c00000|100%|HC|  |TAMS 0x0000000081c00000, 0x0000000081b00000| Complete 
|  28|0x0000000081c00000, 0x0000000081d00000, 0x0000000081d00000|100%|HC|  |TAMS 0x0000000081d00000, 0x0000000081c00000| Complete 
|  29|0x0000000081d00000, 0x0000000081e00000, 0x0000000081e00000|100%| O|  |TAMS 0x0000000081e00000, 0x0000000081d00000| Untracked 
|  30|0x0000000081e00000, 0x0000000081f00000, 0x0000000081f00000|100%| O|  |TAMS 0x0000000081f00000, 0x0000000081e00000| Untracked 
|  31|0x0000000081f00000, 0x0000000082000000, 0x0000000082000000|100%|HS|  |TAMS 0x0000000082000000, 0x0000000081f00000| Complete 
|  32|0x0000000082000000, 0x0000000082100000, 0x0000000082100000|100%|HC|  |TAMS 0x0000000082100000, 0x0000000082000000| Complete 
|  33|0x0000000082100000, 0x0000000082200000, 0x0000000082200000|100%|HC|  |TAMS 0x0000000082200000, 0x0000000082100000| Complete 
|  34|0x0000000082200000, 0x0000000082300000, 0x0000000082300000|100%|HC|  |TAMS 0x0000000082300000, 0x0000000082200000| Complete 
|  35|0x0000000082300000, 0x0000000082400000, 0x0000000082400000|100%|HC|  |TAMS 0x0000000082400000, 0x0000000082300000| Complete 
|  36|0x0000000082400000, 0x0000000082500000, 0x0000000082500000|100%|HC|  |TAMS 0x0000000082500000, 0x0000000082400000| Complete 
|  37|0x0000000082500000, 0x0000000082600000, 0x0000000082600000|100%|HC|  |TAMS 0x0000000082600000, 0x0000000082500000| Complete 
|  38|0x0000000082600000, 0x0000000082700000, 0x0000000082700000|100%|HC|  |TAMS 0x0000000082700000, 0x0000000082600000| Complete 
|  39|0x0000000082700000, 0x0000000082800000, 0x0000000082800000|100%|HC|  |TAMS 0x0000000082800000, 0x0000000082700000| Complete 
|  40|0x0000000082800000, 0x0000000082900000, 0x0000000082900000|100%|HC|  |TAMS 0x0000000082900000, 0x0000000082800000| Complete 
|  41|0x0000000082900000, 0x0000000082a00000, 0x0000000082a00000|100%|HC|  |TAMS 0x0000000082a00000, 0x0000000082900000| Complete 
|  42|0x0000000082a00000, 0x0000000082b00000, 0x0000000082b00000|100%|HC|  |TAMS 0x0000000082b00000, 0x0000000082a00000| Complete 
|  43|0x0000000082b00000, 0x0000000082c00000, 0x0000000082c00000|100%|HS|  |TAMS 0x0000000082c00000, 0x0000000082b00000| Complete 
|  44|0x0000000082c00000, 0x0000000082d00000, 0x0000000082d00000|100%|HC|  |TAMS 0x0000000082d00000, 0x0000000082c00000| Complete 
|  45|0x0000000082d00000, 0x0000000082e00000, 0x0000000082e00000|100%| O|  |TAMS 0x0000000082e00000, 0x0000000082d00000| Untracked 
|  46|0x0000000082e00000, 0x0000000082f00000, 0x0000000082f00000|100%| O|  |TAMS 0x0000000082f00000, 0x0000000082e00000| Untracked 
|  47|0x0000000082f00000, 0x0000000083000000, 0x0000000083000000|100%| O|  |TAMS 0x0000000083000000, 0x0000000082f00000| Untracked 
|  48|0x0000000083000000, 0x0000000083100000, 0x0000000083100000|100%| O|  |TAMS 0x0000000083100000, 0x0000000083000000| Untracked 
|  49|0x0000000083100000, 0x0000000083200000, 0x0000000083200000|100%| O|  |TAMS 0x0000000083200000, 0x0000000083100000| Untracked 
|  50|0x0000000083200000, 0x0000000083300000, 0x0000000083300000|100%| O|  |TAMS 0x0000000083300000, 0x0000000083200000| Untracked 
|  51|0x0000000083300000, 0x0000000083400000, 0x0000000083400000|100%| O|  |TAMS 0x0000000083400000, 0x0000000083300000| Untracked 
|  52|0x0000000083400000, 0x0000000083500000, 0x0000000083500000|100%| O|  |TAMS 0x0000000083500000, 0x0000000083400000| Untracked 
|  53|0x0000000083500000, 0x0000000083600000, 0x0000000083600000|100%| O|  |TAMS 0x0000000083600000, 0x0000000083500000| Untracked 
|  54|0x0000000083600000, 0x0000000083700000, 0x0000000083700000|100%| O|  |TAMS 0x0000000083700000, 0x0000000083600000| Untracked 
|  55|0x0000000083700000, 0x0000000083800000, 0x0000000083800000|100%| O|  |TAMS 0x0000000083800000, 0x0000000083700000| Untracked 
|  56|0x0000000083800000, 0x0000000083900000, 0x0000000083900000|100%|HS|  |TAMS 0x0000000083900000, 0x0000000083800000| Complete 
|  57|0x0000000083900000, 0x0000000083a00000, 0x0000000083a00000|100%|HC|  |TAMS 0x0000000083a00000, 0x0000000083900000| Complete 
|  58|0x0000000083a00000, 0x0000000083b00000, 0x0000000083b00000|100%|HC|  |TAMS 0x0000000083b00000, 0x0000000083a00000| Complete 
|  59|0x0000000083b00000, 0x0000000083c00000, 0x0000000083c00000|100%|HS|  |TAMS 0x0000000083c00000, 0x0000000083b00000| Complete 
|  60|0x0000000083c00000, 0x0000000083d00000, 0x0000000083d00000|100%|HC|  |TAMS 0x0000000083d00000, 0x0000000083c00000| Complete 
|  61|0x0000000083d00000, 0x0000000083e00000, 0x0000000083e00000|100%|HC|  |TAMS 0x0000000083e00000, 0x0000000083d00000| Complete 
|  62|0x0000000083e00000, 0x0000000083f00000, 0x0000000083f00000|100%| O|  |TAMS 0x0000000083f00000, 0x0000000083e00000| Untracked 
|  63|0x0000000083f00000, 0x0000000084000000, 0x0000000084000000|100%| O|  |TAMS 0x0000000084000000, 0x0000000083f00000| Untracked 
|  64|0x0000000084000000, 0x0000000084100000, 0x0000000084100000|100%| O|  |TAMS 0x0000000084100000, 0x0000000084000000| Untracked 
|  65|0x0000000084100000, 0x0000000084200000, 0x0000000084200000|100%| O|  |TAMS 0x0000000084100000, 0x0000000084100000| Untracked 
|  66|0x0000000084200000, 0x0000000084300000, 0x0000000084300000|100%|HS|  |TAMS 0x0000000084300000, 0x0000000084200000| Complete 
|  67|0x0000000084300000, 0x0000000084400000, 0x0000000084400000|100%|HS|  |TAMS 0x0000000084400000, 0x0000000084300000| Complete 
|  68|0x0000000084400000, 0x0000000084500000, 0x0000000084500000|100%|HS|  |TAMS 0x0000000084500000, 0x0000000084400000| Complete 
|  69|0x0000000084500000, 0x0000000084600000, 0x0000000084600000|100%| O|  |TAMS 0x0000000084600000, 0x0000000084500000| Untracked 
|  70|0x0000000084600000, 0x0000000084700000, 0x0000000084700000|100%| O|  |TAMS 0x0000000084700000, 0x0000000084600000| Untracked 
|  71|0x0000000084700000, 0x0000000084800000, 0x0000000084800000|100%| O|  |TAMS 0x0000000084800000, 0x0000000084700000| Untracked 
|  72|0x0000000084800000, 0x0000000084900000, 0x0000000084900000|100%| O|  |TAMS 0x0000000084900000, 0x0000000084800000| Untracked 
|  73|0x0000000084900000, 0x0000000084a00000, 0x0000000084a00000|100%| O|  |TAMS 0x0000000084a00000, 0x0000000084900000| Untracked 
|  74|0x0000000084a00000, 0x0000000084b00000, 0x0000000084b00000|100%| O|  |TAMS 0x0000000084b00000, 0x0000000084a00000| Untracked 
|  75|0x0000000084b00000, 0x0000000084c00000, 0x0000000084c00000|100%| O|  |TAMS 0x0000000084c00000, 0x0000000084b00000| Untracked 
|  76|0x0000000084c00000, 0x0000000084d00000, 0x0000000084d00000|100%| O|  |TAMS 0x0000000084d00000, 0x0000000084c00000| Untracked 
|  77|0x0000000084d00000, 0x0000000084e00000, 0x0000000084e00000|100%| O|  |TAMS 0x0000000084e00000, 0x0000000084d00000| Untracked 
|  78|0x0000000084e00000, 0x0000000084f00000, 0x0000000084f00000|100%| O|  |TAMS 0x0000000084f00000, 0x0000000084e00000| Untracked 
|  79|0x0000000084f00000, 0x0000000085000000, 0x0000000085000000|100%| O|  |TAMS 0x0000000085000000, 0x0000000084f00000| Untracked 
|  80|0x0000000085000000, 0x0000000085100000, 0x0000000085100000|100%| O|  |TAMS 0x0000000085100000, 0x0000000085000000| Untracked 
|  81|0x0000000085100000, 0x0000000085200000, 0x0000000085200000|100%| O|  |TAMS 0x0000000085200000, 0x0000000085100000| Untracked 
|  82|0x0000000085200000, 0x0000000085300000, 0x0000000085300000|100%| O|  |TAMS 0x0000000085300000, 0x0000000085200000| Untracked 
|  83|0x0000000085300000, 0x0000000085400000, 0x0000000085400000|100%| O|  |TAMS 0x0000000085300000, 0x0000000085300000| Untracked 
|  84|0x0000000085400000, 0x0000000085500000, 0x0000000085500000|100%| O|  |TAMS 0x0000000085500000, 0x0000000085400000| Untracked 
|  85|0x0000000085500000, 0x0000000085600000, 0x0000000085600000|100%| O|  |TAMS 0x00000000855a2a00, 0x0000000085500000| Untracked 
|  86|0x0000000085600000, 0x0000000085700000, 0x0000000085700000|100%|HS|  |TAMS 0x0000000085700000, 0x0000000085600000| Complete 
|  87|0x0000000085700000, 0x0000000085800000, 0x0000000085800000|100%|HC|  |TAMS 0x0000000085800000, 0x0000000085700000| Complete 
|  88|0x0000000085800000, 0x0000000085900000, 0x0000000085900000|100%|HC|  |TAMS 0x0000000085900000, 0x0000000085800000| Complete 
|  89|0x0000000085900000, 0x0000000085a00000, 0x0000000085a00000|100%|HC|  |TAMS 0x0000000085a00000, 0x0000000085900000| Complete 
|  90|0x0000000085a00000, 0x0000000085b00000, 0x0000000085b00000|100%| O|  |TAMS 0x0000000085a00000, 0x0000000085a00000| Untracked 
|  91|0x0000000085b00000, 0x0000000085c00000, 0x0000000085c00000|100%| O|  |TAMS 0x0000000085b00000, 0x0000000085b00000| Untracked 
|  92|0x0000000085c00000, 0x0000000085d00000, 0x0000000085d00000|100%| O|  |TAMS 0x0000000085c00000, 0x0000000085c00000| Untracked 
|  93|0x0000000085d00000, 0x0000000085e00000, 0x0000000085e00000|100%| O|  |TAMS 0x0000000085d00000, 0x0000000085d00000| Untracked 
|  94|0x0000000085e00000, 0x0000000085f00000, 0x0000000085f00000|100%| O|  |TAMS 0x0000000085e00000, 0x0000000085e00000| Untracked 
|  95|0x0000000085f00000, 0x0000000086000000, 0x0000000086000000|100%| O|  |TAMS 0x0000000085f00000, 0x0000000085f00000| Untracked 
|  96|0x0000000086000000, 0x0000000086100000, 0x0000000086100000|100%| O|  |TAMS 0x0000000086000000, 0x0000000086000000| Untracked 
|  97|0x0000000086100000, 0x0000000086200000, 0x0000000086200000|100%| O|  |TAMS 0x0000000086100000, 0x0000000086100000| Untracked 
|  98|0x0000000086200000, 0x0000000086300000, 0x0000000086300000|100%| O|  |TAMS 0x0000000086200000, 0x0000000086200000| Untracked 
|  99|0x0000000086300000, 0x0000000086400000, 0x0000000086400000|100%| O|  |TAMS 0x0000000086300000, 0x0000000086300000| Untracked 
| 100|0x0000000086400000, 0x0000000086500000, 0x0000000086500000|100%| O|  |TAMS 0x0000000086400000, 0x0000000086400000| Untracked 
| 101|0x0000000086500000, 0x0000000086600000, 0x0000000086600000|100%| O|  |TAMS 0x0000000086500000, 0x0000000086500000| Untracked 
| 102|0x0000000086600000, 0x0000000086700000, 0x0000000086700000|100%| O|  |TAMS 0x0000000086600000, 0x0000000086600000| Untracked 
| 103|0x0000000086700000, 0x0000000086800000, 0x0000000086800000|100%| O|  |TAMS 0x0000000086700000, 0x0000000086700000| Untracked 
| 104|0x0000000086800000, 0x0000000086900000, 0x0000000086900000|100%| O|  |TAMS 0x0000000086800000, 0x0000000086800000| Untracked 
| 105|0x0000000086900000, 0x0000000086a00000, 0x0000000086a00000|100%| O|  |TAMS 0x0000000086900000, 0x0000000086900000| Untracked 
| 106|0x0000000086a00000, 0x0000000086b00000, 0x0000000086b00000|100%| O|  |TAMS 0x0000000086a00000, 0x0000000086a00000| Untracked 
| 107|0x0000000086b00000, 0x0000000086be0200, 0x0000000086c00000| 87%| O|  |TAMS 0x0000000086b00000, 0x0000000086b00000| Untracked 
| 108|0x0000000086c00000, 0x0000000086d00000, 0x0000000086d00000|100%|HS|  |TAMS 0x0000000086c00000, 0x0000000086c00000| Complete 
| 109|0x0000000086d00000, 0x0000000086e00000, 0x0000000086e00000|100%|HC|  |TAMS 0x0000000086d00000, 0x0000000086d00000| Complete 
| 110|0x0000000086e00000, 0x0000000086f00000, 0x0000000086f00000|100%|HC|  |TAMS 0x0000000086e00000, 0x0000000086e00000| Complete 
| 111|0x0000000086f00000, 0x0000000087000000, 0x0000000087000000|100%|HC|  |TAMS 0x0000000086f00000, 0x0000000086f00000| Complete 
| 112|0x0000000087000000, 0x0000000087100000, 0x0000000087100000|100%|HC|  |TAMS 0x0000000087000000, 0x0000000087000000| Complete 
| 113|0x0000000087100000, 0x0000000087200000, 0x0000000087200000|100%|HC|  |TAMS 0x0000000087100000, 0x0000000087100000| Complete 
| 114|0x0000000087200000, 0x0000000087200000, 0x0000000087300000|  0%| F|  |TAMS 0x0000000087200000, 0x0000000087200000| Untracked 
| 115|0x0000000087300000, 0x0000000087300000, 0x0000000087400000|  0%| F|  |TAMS 0x0000000087300000, 0x0000000087300000| Untracked 
| 116|0x0000000087400000, 0x0000000087400000, 0x0000000087500000|  0%| F|  |TAMS 0x0000000087400000, 0x0000000087400000| Untracked 
| 117|0x0000000087500000, 0x0000000087500000, 0x0000000087600000|  0%| F|  |TAMS 0x0000000087500000, 0x0000000087500000| Untracked 
| 118|0x0000000087600000, 0x0000000087600000, 0x0000000087700000|  0%| F|  |TAMS 0x0000000087600000, 0x0000000087600000| Untracked 
| 119|0x0000000087700000, 0x0000000087700000, 0x0000000087800000|  0%| F|  |TAMS 0x0000000087700000, 0x0000000087700000| Untracked 
| 120|0x0000000087800000, 0x0000000087800000, 0x0000000087900000|  0%| F|  |TAMS 0x0000000087800000, 0x0000000087800000| Untracked 
| 121|0x0000000087900000, 0x0000000087900000, 0x0000000087a00000|  0%| F|  |TAMS 0x0000000087900000, 0x0000000087900000| Untracked 
| 122|0x0000000087a00000, 0x0000000087a00000, 0x0000000087b00000|  0%| F|  |TAMS 0x0000000087a00000, 0x0000000087a00000| Untracked 
| 123|0x0000000087b00000, 0x0000000087b00000, 0x0000000087c00000|  0%| F|  |TAMS 0x0000000087b00000, 0x0000000087b00000| Untracked 
| 124|0x0000000087c00000, 0x0000000087c00000, 0x0000000087d00000|  0%| F|  |TAMS 0x0000000087c00000, 0x0000000087c00000| Untracked 
| 125|0x0000000087d00000, 0x0000000087d00000, 0x0000000087e00000|  0%| F|  |TAMS 0x0000000087d00000, 0x0000000087d00000| Untracked 
| 126|0x0000000087e00000, 0x0000000087e00000, 0x0000000087f00000|  0%| F|  |TAMS 0x0000000087e00000, 0x0000000087e00000| Untracked 
| 127|0x0000000087f00000, 0x0000000087f00000, 0x0000000088000000|  0%| F|  |TAMS 0x0000000087f00000, 0x0000000087f00000| Untracked 
| 128|0x0000000088000000, 0x0000000088000000, 0x0000000088100000|  0%| F|  |TAMS 0x0000000088000000, 0x0000000088000000| Untracked 
| 129|0x0000000088100000, 0x0000000088100000, 0x0000000088200000|  0%| F|  |TAMS 0x0000000088100000, 0x0000000088100000| Untracked 
| 130|0x0000000088200000, 0x0000000088200000, 0x0000000088300000|  0%| F|  |TAMS 0x0000000088200000, 0x0000000088200000| Untracked 
| 131|0x0000000088300000, 0x0000000088300000, 0x0000000088400000|  0%| F|  |TAMS 0x0000000088300000, 0x0000000088300000| Untracked 
| 132|0x0000000088400000, 0x0000000088400000, 0x0000000088500000|  0%| F|  |TAMS 0x0000000088400000, 0x0000000088400000| Untracked 
| 133|0x0000000088500000, 0x0000000088500000, 0x0000000088600000|  0%| F|  |TAMS 0x0000000088500000, 0x0000000088500000| Untracked 
| 134|0x0000000088600000, 0x0000000088600000, 0x0000000088700000|  0%| F|  |TAMS 0x0000000088600000, 0x0000000088600000| Untracked 
| 135|0x0000000088700000, 0x0000000088700000, 0x0000000088800000|  0%| F|  |TAMS 0x0000000088700000, 0x0000000088700000| Untracked 
| 136|0x0000000088800000, 0x0000000088900000, 0x0000000088900000|100%| S|CS|TAMS 0x0000000088800000, 0x0000000088800000| Complete 
| 137|0x0000000088900000, 0x0000000088a00000, 0x0000000088a00000|100%| S|CS|TAMS 0x0000000088900000, 0x0000000088900000| Complete 
| 138|0x0000000088a00000, 0x0000000088b00000, 0x0000000088b00000|100%| S|CS|TAMS 0x0000000088a00000, 0x0000000088a00000| Complete 
| 139|0x0000000088b00000, 0x0000000088c00000, 0x0000000088c00000|100%| S|CS|TAMS 0x0000000088b00000, 0x0000000088b00000| Complete 
| 140|0x0000000088c00000, 0x0000000088d00000, 0x0000000088d00000|100%| S|CS|TAMS 0x0000000088c00000, 0x0000000088c00000| Complete 
| 141|0x0000000088d00000, 0x0000000088e00000, 0x0000000088e00000|100%| S|CS|TAMS 0x0000000088d00000, 0x0000000088d00000| Complete 
| 142|0x0000000088e00000, 0x0000000088f00000, 0x0000000088f00000|100%| S|CS|TAMS 0x0000000088e00000, 0x0000000088e00000| Complete 
| 143|0x0000000088f00000, 0x0000000088f00000, 0x0000000089000000|  0%| F|  |TAMS 0x0000000088f00000, 0x0000000088f00000| Untracked 
| 144|0x0000000089000000, 0x0000000089000000, 0x0000000089100000|  0%| F|  |TAMS 0x0000000089000000, 0x0000000089000000| Untracked 
| 145|0x0000000089100000, 0x0000000089100000, 0x0000000089200000|  0%| F|  |TAMS 0x0000000089100000, 0x0000000089100000| Untracked 
| 146|0x0000000089200000, 0x0000000089200000, 0x0000000089300000|  0%| F|  |TAMS 0x0000000089200000, 0x0000000089200000| Untracked 
| 147|0x0000000089300000, 0x0000000089300000, 0x0000000089400000|  0%| F|  |TAMS 0x0000000089300000, 0x0000000089300000| Untracked 
| 148|0x0000000089400000, 0x0000000089400000, 0x0000000089500000|  0%| F|  |TAMS 0x0000000089400000, 0x0000000089400000| Untracked 
| 149|0x0000000089500000, 0x0000000089500000, 0x0000000089600000|  0%| F|  |TAMS 0x0000000089500000, 0x0000000089500000| Untracked 
| 150|0x0000000089600000, 0x0000000089600000, 0x0000000089700000|  0%| F|  |TAMS 0x0000000089600000, 0x0000000089600000| Untracked 
| 151|0x0000000089700000, 0x0000000089700000, 0x0000000089800000|  0%| F|  |TAMS 0x0000000089700000, 0x0000000089700000| Untracked 
| 152|0x0000000089800000, 0x0000000089800000, 0x0000000089900000|  0%| F|  |TAMS 0x0000000089800000, 0x0000000089800000| Untracked 
| 153|0x0000000089900000, 0x0000000089900000, 0x0000000089a00000|  0%| F|  |TAMS 0x0000000089900000, 0x0000000089900000| Untracked 
| 154|0x0000000089a00000, 0x0000000089a00000, 0x0000000089b00000|  0%| F|  |TAMS 0x0000000089a00000, 0x0000000089a00000| Untracked 
| 155|0x0000000089b00000, 0x0000000089b00000, 0x0000000089c00000|  0%| F|  |TAMS 0x0000000089b00000, 0x0000000089b00000| Untracked 
| 156|0x0000000089c00000, 0x0000000089c00000, 0x0000000089d00000|  0%| F|  |TAMS 0x0000000089c00000, 0x0000000089c00000| Untracked 
| 157|0x0000000089d00000, 0x0000000089d00000, 0x0000000089e00000|  0%| F|  |TAMS 0x0000000089d00000, 0x0000000089d00000| Untracked 
| 158|0x0000000089e00000, 0x0000000089e00000, 0x0000000089f00000|  0%| F|  |TAMS 0x0000000089e00000, 0x0000000089e00000| Untracked 
| 159|0x0000000089f00000, 0x0000000089f00000, 0x000000008a000000|  0%| F|  |TAMS 0x0000000089f00000, 0x0000000089f00000| Untracked 
| 160|0x000000008a000000, 0x000000008a000000, 0x000000008a100000|  0%| F|  |TAMS 0x000000008a000000, 0x000000008a000000| Untracked 
| 161|0x000000008a100000, 0x000000008a100000, 0x000000008a200000|  0%| F|  |TAMS 0x000000008a100000, 0x000000008a100000| Untracked 
| 162|0x000000008a200000, 0x000000008a200000, 0x000000008a300000|  0%| F|  |TAMS 0x000000008a200000, 0x000000008a200000| Untracked 
| 163|0x000000008a300000, 0x000000008a300000, 0x000000008a400000|  0%| F|  |TAMS 0x000000008a300000, 0x000000008a300000| Untracked 
| 164|0x000000008a400000, 0x000000008a400000, 0x000000008a500000|  0%| F|  |TAMS 0x000000008a400000, 0x000000008a400000| Untracked 
| 165|0x000000008a500000, 0x000000008a500000, 0x000000008a600000|  0%| F|  |TAMS 0x000000008a500000, 0x000000008a500000| Untracked 
| 166|0x000000008a600000, 0x000000008a680800, 0x000000008a700000| 50%| E|  |TAMS 0x000000008a600000, 0x000000008a600000| Complete 
| 167|0x000000008a700000, 0x000000008a800000, 0x000000008a800000|100%| E|CS|TAMS 0x000000008a700000, 0x000000008a700000| Complete 
| 168|0x000000008a800000, 0x000000008a900000, 0x000000008a900000|100%| E|CS|TAMS 0x000000008a800000, 0x000000008a800000| Complete 
| 169|0x000000008a900000, 0x000000008aa00000, 0x000000008aa00000|100%| E|CS|TAMS 0x000000008a900000, 0x000000008a900000| Complete 
| 170|0x000000008aa00000, 0x000000008ab00000, 0x000000008ab00000|100%| E|CS|TAMS 0x000000008aa00000, 0x000000008aa00000| Complete 
| 171|0x000000008ab00000, 0x000000008ac00000, 0x000000008ac00000|100%| E|CS|TAMS 0x000000008ab00000, 0x000000008ab00000| Complete 
| 172|0x000000008ac00000, 0x000000008ad00000, 0x000000008ad00000|100%| E|CS|TAMS 0x000000008ac00000, 0x000000008ac00000| Complete 
| 173|0x000000008ad00000, 0x000000008ae00000, 0x000000008ae00000|100%| E|CS|TAMS 0x000000008ad00000, 0x000000008ad00000| Complete 
| 174|0x000000008ae00000, 0x000000008af00000, 0x000000008af00000|100%| E|CS|TAMS 0x000000008ae00000, 0x000000008ae00000| Complete 
| 175|0x000000008af00000, 0x000000008b000000, 0x000000008b000000|100%| E|CS|TAMS 0x000000008af00000, 0x000000008af00000| Complete 
| 176|0x000000008b000000, 0x000000008b100000, 0x000000008b100000|100%| E|CS|TAMS 0x000000008b000000, 0x000000008b000000| Complete 
| 177|0x000000008b100000, 0x000000008b200000, 0x000000008b200000|100%| E|CS|TAMS 0x000000008b100000, 0x000000008b100000| Complete 
| 178|0x000000008b200000, 0x000000008b300000, 0x000000008b300000|100%| E|CS|TAMS 0x000000008b200000, 0x000000008b200000| Complete 
| 179|0x000000008b300000, 0x000000008b400000, 0x000000008b400000|100%| E|CS|TAMS 0x000000008b300000, 0x000000008b300000| Complete 
| 180|0x000000008b400000, 0x000000008b500000, 0x000000008b500000|100%| E|CS|TAMS 0x000000008b400000, 0x000000008b400000| Complete 
| 181|0x000000008b500000, 0x000000008b600000, 0x000000008b600000|100%| E|CS|TAMS 0x000000008b500000, 0x000000008b500000| Complete 
| 182|0x000000008b600000, 0x000000008b700000, 0x000000008b700000|100%| E|CS|TAMS 0x000000008b600000, 0x000000008b600000| Complete 
| 183|0x000000008b700000, 0x000000008b800000, 0x000000008b800000|100%| E|CS|TAMS 0x000000008b700000, 0x000000008b700000| Complete 
| 184|0x000000008b800000, 0x000000008b900000, 0x000000008b900000|100%| E|CS|TAMS 0x000000008b800000, 0x000000008b800000| Complete 
| 185|0x000000008b900000, 0x000000008ba00000, 0x000000008ba00000|100%| E|CS|TAMS 0x000000008b900000, 0x000000008b900000| Complete 
| 186|0x000000008ba00000, 0x000000008bb00000, 0x000000008bb00000|100%| E|CS|TAMS 0x000000008ba00000, 0x000000008ba00000| Complete 
| 187|0x000000008bb00000, 0x000000008bc00000, 0x000000008bc00000|100%| E|CS|TAMS 0x000000008bb00000, 0x000000008bb00000| Complete 
| 188|0x000000008bc00000, 0x000000008bd00000, 0x000000008bd00000|100%| E|CS|TAMS 0x000000008bc00000, 0x000000008bc00000| Complete 
| 189|0x000000008bd00000, 0x000000008be00000, 0x000000008be00000|100%| E|CS|TAMS 0x000000008bd00000, 0x000000008bd00000| Complete 
| 190|0x000000008be00000, 0x000000008bf00000, 0x000000008bf00000|100%| E|CS|TAMS 0x000000008be00000, 0x000000008be00000| Complete 
| 191|0x000000008bf00000, 0x000000008c000000, 0x000000008c000000|100%| E|CS|TAMS 0x000000008bf00000, 0x000000008bf00000| Complete 
| 192|0x000000008c000000, 0x000000008c100000, 0x000000008c100000|100%| E|CS|TAMS 0x000000008c000000, 0x000000008c000000| Complete 
| 193|0x000000008c100000, 0x000000008c200000, 0x000000008c200000|100%| E|CS|TAMS 0x000000008c100000, 0x000000008c100000| Complete 
| 194|0x000000008c200000, 0x000000008c300000, 0x000000008c300000|100%| E|CS|TAMS 0x000000008c200000, 0x000000008c200000| Complete 
| 195|0x000000008c300000, 0x000000008c400000, 0x000000008c400000|100%| E|CS|TAMS 0x000000008c300000, 0x000000008c300000| Complete 
| 196|0x000000008c400000, 0x000000008c500000, 0x000000008c500000|100%| E|CS|TAMS 0x000000008c400000, 0x000000008c400000| Complete 
| 197|0x000000008c500000, 0x000000008c600000, 0x000000008c600000|100%| E|CS|TAMS 0x000000008c500000, 0x000000008c500000| Complete 
| 198|0x000000008c600000, 0x000000008c700000, 0x000000008c700000|100%| E|CS|TAMS 0x000000008c600000, 0x000000008c600000| Complete 

Card table byte_map: [0x0000028c659d0000,0x0000028c65dd0000] _byte_map_base: 0x0000028c655d0000

Marking Bits (Prev, Next): (CMBitMap*) 0x0000028c5135ca90, (CMBitMap*) 0x0000028c5135cad0
 Prev Bits: [0x0000028c661d0000, 0x0000028c681d0000)
 Next Bits: [0x0000028c681d0000, 0x0000028c6a1d0000)

Polling page: 0x0000028c513d0000

Metaspace:

Usage:
  Non-class:     81.20 MB used.
      Class:     12.79 MB used.
       Both:     93.99 MB used.

Virtual space:
  Non-class space:       88.00 MB reserved,      81.56 MB ( 93%) committed,  11 nodes.
      Class space:        1.00 GB reserved,      13.12 MB (  1%) committed,  1 nodes.
             Both:        1.09 GB reserved,      94.69 MB (  9%) committed. 

Chunk freelists:
   Non-Class:  2.11 MB
       Class:  2.91 MB
        Both:  5.02 MB

MaxMetaspaceSize: unlimited
CompressedClassSpaceSize: 1.00 GB
Initial GC threshold: 21.00 MB
Current GC threshold: 145.94 MB
CDS: off
MetaspaceReclaimPolicy: balanced
 - commit_granule_bytes: 65536.
 - commit_granule_words: 8192.
 - virtual_space_node_default_size: 1048576.
 - enlarge_chunks_in_place: 1.
 - new_chunks_are_fully_committed: 0.
 - uncommit_free_chunks: 1.
 - use_allocation_guard: 0.
 - handle_deallocations: 1.


Internal statistics:

num_allocs_failed_limit: 9.
num_arena_births: 914.
num_arena_deaths: 0.
num_vsnodes_births: 12.
num_vsnodes_deaths: 0.
num_space_committed: 1514.
num_space_uncommitted: 0.
num_chunks_returned_to_freelist: 9.
num_chunks_taken_from_freelist: 4207.
num_chunk_merges: 9.
num_chunk_splits: 2989.
num_chunks_enlarged: 2201.
num_purges: 0.
num_inconsistent_stats: 0.

CodeHeap 'non-profiled nmethods': size=120000Kb used=3674Kb max_used=3674Kb free=116325Kb
 bounds [0x0000028c5da70000, 0x0000028c5de10000, 0x0000028c64fa0000]
CodeHeap 'profiled nmethods': size=120000Kb used=14460Kb max_used=14460Kb free=105539Kb
 bounds [0x0000028c55fa0000, 0x0000028c56dc0000, 0x0000028c5d4d0000]
CodeHeap 'non-nmethods': size=5760Kb used=2395Kb max_used=2463Kb free=3364Kb
 bounds [0x0000028c5d4d0000, 0x0000028c5d750000, 0x0000028c5da70000]
 total_blobs=8319 nmethods=7383 adapters=848
 compilation: enabled
              stopped_count=0, restarted_count=0
 full_count=0

Compilation events (20 events):
Event: 25.366 Thread 0x0000028c6c84c340 8262       3       org.jetbrains.kotlin.container.CacheKt::getSetterInfos (154 bytes)
Event: 25.372 Thread 0x0000028c6c84c340 nmethod 8262 0x0000028c56db3190 code [0x0000028c56db37e0, 0x0000028c56db6a18]
Event: 25.372 Thread 0x0000028c6c84c340 8263       3       org.jetbrains.kotlin.com.intellij.util.SmartList::<init> (5 bytes)
Event: 25.372 Thread 0x0000028c6c84c340 nmethod 8263 0x0000028c56db7c10 code [0x0000028c56db7dc0, 0x0000028c56db7ff8]
Event: 25.380 Thread 0x0000028c6c84b100 nmethod 8260 0x0000028c5de06210 code [0x0000028c5de063a0, 0x0000028c5de06918]
Event: 25.380 Thread 0x0000028c6c84b100 8261       4       java.lang.PublicMethods::merge (81 bytes)
Event: 25.394 Thread 0x0000028c6c84c340 8265       3       kotlin.reflect.jvm.internal.CachesKt::getOrCreateKotlinClass (23 bytes)
Event: 25.395 Thread 0x0000028c6c84c340 nmethod 8265 0x0000028c56db8110 code [0x0000028c56db83a0, 0x0000028c56db8e78]
Event: 25.400 Thread 0x0000028c6c84c340 8267       3       org.jetbrains.kotlin.com.intellij.util.containers.MultiMap$$Lambda$994/0x0000000100cec9d8::apply (9 bytes)
Event: 25.401 Thread 0x0000028c6c84c340 nmethod 8267 0x0000028c56db9290 code [0x0000028c56db9440, 0x0000028c56db9668]
Event: 25.401 Thread 0x0000028c6c84c340 8268       3       org.jetbrains.kotlin.com.intellij.util.containers.MultiMap::lambda$putValue$1 (5 bytes)
Event: 25.401 Thread 0x0000028c6c84c340 nmethod 8268 0x0000028c56db9790 code [0x0000028c56db9940, 0x0000028c56db9b08]
Event: 25.421 Thread 0x0000028c6c84c340 8269       3       java.util.ArrayList::remove (76 bytes)
Event: 25.422 Thread 0x0000028c6c84c340 nmethod 8269 0x0000028c56db9b90 code [0x0000028c56db9d80, 0x0000028c56dba278]
Event: 25.447 Thread 0x0000028c6c84c340 8270       3       kotlin.sequences.GeneratorSequence::iterator (12 bytes)
Event: 25.448 Thread 0x0000028c6c84c340 nmethod 8270 0x0000028c56dba490 code [0x0000028c56dba640, 0x0000028c56dba8b8]
Event: 25.448 Thread 0x0000028c6c84c340 8272       3       org.jetbrains.kotlin.com.intellij.util.containers.CanonicalHashingStrategy::hashCode (5 bytes)
Event: 25.448 Thread 0x0000028c6c84c340 nmethod 8272 0x0000028c56dba990 code [0x0000028c56dbab40, 0x0000028c56dbade8]
Event: 25.448 Thread 0x0000028c6c84c340 8271       3       kotlin.sequences.GeneratorSequence$iterator$1::<init> (16 bytes)
Event: 25.448 Thread 0x0000028c6c84c340 nmethod 8271 0x0000028c56dbaf10 code [0x0000028c56dbb0a0, 0x0000028c56dbb278]

GC Heap History (20 events):
Event: 17.557 GC heap before
{Heap before GC invocations=21 (full 0):
 garbage-first heap   total 163840K, used 79574K [0x0000000080000000, 0x0000000100000000)
  region size 1024K, 9 young (9216K), 8 survivors (8192K)
 Metaspace       used 60492K, committed 61184K, reserved 1105920K
  class space    used 8580K, committed 8896K, reserved 1048576K
}
Event: 17.575 GC heap after
{Heap after GC invocations=22 (full 0):
 garbage-first heap   total 163840K, used 79691K [0x0000000080000000, 0x0000000100000000)
  region size 1024K, 2 young (2048K), 2 survivors (2048K)
 Metaspace       used 60492K, committed 61184K, reserved 1105920K
  class space    used 8580K, committed 8896K, reserved 1048576K
}
Event: 18.834 GC heap before
{Heap before GC invocations=22 (full 0):
 garbage-first heap   total 163840K, used 128843K [0x0000000080000000, 0x0000000100000000)
  region size 1024K, 49 young (50176K), 2 survivors (2048K)
 Metaspace       used 66851K, committed 67520K, reserved 1114112K
  class space    used 9401K, committed 9664K, reserved 1048576K
}
Event: 18.842 GC heap after
{Heap after GC invocations=23 (full 0):
 garbage-first heap   total 163840K, used 82142K [0x0000000080000000, 0x0000000100000000)
  region size 1024K, 4 young (4096K), 4 survivors (4096K)
 Metaspace       used 66851K, committed 67520K, reserved 1114112K
  class space    used 9401K, committed 9664K, reserved 1048576K
}
Event: 20.119 GC heap before
{Heap before GC invocations=24 (full 0):
 garbage-first heap   total 163840K, used 136414K [0x0000000080000000, 0x0000000100000000)
  region size 1024K, 51 young (52224K), 4 survivors (4096K)
 Metaspace       used 72399K, committed 73088K, reserved 1114112K
  class space    used 10150K, committed 10496K, reserved 1048576K
}
Event: 20.131 GC heap after
{Heap after GC invocations=25 (full 0):
 garbage-first heap   total 163840K, used 87027K [0x0000000080000000, 0x0000000100000000)
  region size 1024K, 7 young (7168K), 7 survivors (7168K)
 Metaspace       used 72399K, committed 73088K, reserved 1114112K
  class space    used 10150K, committed 10496K, reserved 1048576K
}
Event: 20.149 GC heap before
{Heap before GC invocations=25 (full 0):
 garbage-first heap   total 163840K, used 88051K [0x0000000080000000, 0x0000000100000000)
  region size 1024K, 8 young (8192K), 7 survivors (7168K)
 Metaspace       used 72478K, committed 73216K, reserved 1114112K
  class space    used 10158K, committed 10496K, reserved 1048576K
}
Event: 20.163 GC heap after
{Heap after GC invocations=26 (full 0):
 garbage-first heap   total 163840K, used 87440K [0x0000000080000000, 0x0000000100000000)
  region size 1024K, 1 young (1024K), 1 survivors (1024K)
 Metaspace       used 72478K, committed 73216K, reserved 1114112K
  class space    used 10158K, committed 10496K, reserved 1048576K
}
Event: 21.150 GC heap before
{Heap before GC invocations=26 (full 0):
 garbage-first heap   total 163840K, used 131472K [0x0000000080000000, 0x0000000100000000)
  region size 1024K, 44 young (45056K), 1 survivors (1024K)
 Metaspace       used 77588K, committed 78336K, reserved 1122304K
  class space    used 10852K, committed 11200K, reserved 1048576K
}
Event: 21.158 GC heap after
{Heap after GC invocations=27 (full 0):
 garbage-first heap   total 163840K, used 89346K [0x0000000080000000, 0x0000000100000000)
  region size 1024K, 3 young (3072K), 3 survivors (3072K)
 Metaspace       used 77588K, committed 78336K, reserved 1122304K
  class space    used 10852K, committed 11200K, reserved 1048576K
}
Event: 22.241 GC heap before
{Heap before GC invocations=27 (full 0):
 garbage-first heap   total 163840K, used 135426K [0x0000000080000000, 0x0000000100000000)
  region size 1024K, 45 young (46080K), 3 survivors (3072K)
 Metaspace       used 82816K, committed 83520K, reserved 1122304K
  class space    used 11508K, committed 11840K, reserved 1048576K
}
Event: 22.250 GC heap after
{Heap after GC invocations=28 (full 0):
 garbage-first heap   total 163840K, used 95660K [0x0000000080000000, 0x0000000100000000)
  region size 1024K, 5 young (5120K), 5 survivors (5120K)
 Metaspace       used 82816K, committed 83520K, reserved 1122304K
  class space    used 11508K, committed 11840K, reserved 1048576K
}
Event: 23.134 GC heap before
{Heap before GC invocations=28 (full 0):
 garbage-first heap   total 163840K, used 132524K [0x0000000080000000, 0x0000000100000000)
  region size 1024K, 42 young (43008K), 5 survivors (5120K)
 Metaspace       used 88815K, committed 89600K, reserved 1130496K
  class space    used 12266K, committed 12608K, reserved 1048576K
}
Event: 23.144 GC heap after
{Heap after GC invocations=29 (full 0):
 garbage-first heap   total 163840K, used 96889K [0x0000000080000000, 0x0000000100000000)
  region size 1024K, 4 young (4096K), 4 survivors (4096K)
 Metaspace       used 88815K, committed 89600K, reserved 1130496K
  class space    used 12266K, committed 12608K, reserved 1048576K
}
Event: 23.536 GC heap before
{Heap before GC invocations=30 (full 0):
 garbage-first heap   total 203776K, used 138873K [0x0000000080000000, 0x0000000100000000)
  region size 1024K, 39 young (39936K), 4 survivors (4096K)
 Metaspace       used 88961K, committed 89792K, reserved 1130496K
  class space    used 12275K, committed 12608K, reserved 1048576K
}
Event: 23.570 GC heap after
{Heap after GC invocations=31 (full 0):
 garbage-first heap   total 203776K, used 107178K [0x0000000080000000, 0x0000000100000000)
  region size 1024K, 5 young (5120K), 5 survivors (5120K)
 Metaspace       used 88961K, committed 89792K, reserved 1130496K
  class space    used 12275K, committed 12608K, reserved 1048576K
}
Event: 23.755 GC heap before
{Heap before GC invocations=31 (full 0):
 garbage-first heap   total 203776K, used 111274K [0x0000000080000000, 0x0000000100000000)
  region size 1024K, 9 young (9216K), 5 survivors (5120K)
 Metaspace       used 88984K, committed 89792K, reserved 1130496K
  class space    used 12275K, committed 12608K, reserved 1048576K
}
Event: 23.769 GC heap after
{Heap after GC invocations=32 (full 0):
 garbage-first heap   total 203776K, used 109193K [0x0000000080000000, 0x0000000100000000)
  region size 1024K, 2 young (2048K), 2 survivors (2048K)
 Metaspace       used 88984K, committed 89792K, reserved 1130496K
  class space    used 12275K, committed 12608K, reserved 1048576K
}
Event: 24.807 GC heap before
{Heap before GC invocations=32 (full 0):
 garbage-first heap   total 203776K, used 164489K [0x0000000080000000, 0x0000000100000000)
  region size 1024K, 56 young (57344K), 2 survivors (2048K)
 Metaspace       used 92889K, committed 93568K, reserved 1130496K
  class space    used 12744K, committed 13056K, reserved 1048576K
}
Event: 24.823 GC heap after
{Heap after GC invocations=33 (full 0):
 garbage-first heap   total 203776K, used 117632K [0x0000000080000000, 0x0000000100000000)
  region size 1024K, 7 young (7168K), 7 survivors (7168K)
 Metaspace       used 92889K, committed 93568K, reserved 1130496K
  class space    used 12744K, committed 13056K, reserved 1048576K
}

Dll operation events (2 events):
Event: 0.492 Loaded shared library C:\Program Files\Android\Android Studio\jbr\bin\java.dll
Event: 1.453 Loaded shared library C:\Program Files\Android\Android Studio\jbr\bin\verify.dll

Deoptimization events (20 events):
Event: 24.930 Thread 0x0000028c6ec688b0 Uncommon trap: trap_request=0xffffffde fr.pc=0x0000028c5ddec62c relative=0x00000000000004cc
Event: 24.930 Thread 0x0000028c6ec688b0 Uncommon trap: reason=class_check action=maybe_recompile pc=0x0000028c5ddec62c method=org.jetbrains.kotlin.protobuf.CodedInputStream.tryRefillBuffer(I)Z @ 177 c2
Event: 24.930 Thread 0x0000028c6ec688b0 DEOPT PACKING pc=0x0000028c5ddec62c sp=0x000000cb168f4ea0
Event: 24.930 Thread 0x0000028c6ec688b0 DEOPT UNPACKING pc=0x0000028c5d5269a3 sp=0x000000cb168f4d88 mode 2
Event: 24.933 Thread 0x0000028c6ec688b0 Uncommon trap: trap_request=0xffffffde fr.pc=0x0000028c5ddec62c relative=0x00000000000004cc
Event: 24.933 Thread 0x0000028c6ec688b0 Uncommon trap: reason=class_check action=maybe_recompile pc=0x0000028c5ddec62c method=org.jetbrains.kotlin.protobuf.CodedInputStream.tryRefillBuffer(I)Z @ 177 c2
Event: 24.933 Thread 0x0000028c6ec688b0 DEOPT PACKING pc=0x0000028c5ddec62c sp=0x000000cb168f4ea0
Event: 24.933 Thread 0x0000028c6ec688b0 DEOPT UNPACKING pc=0x0000028c5d5269a3 sp=0x000000cb168f4d88 mode 2
Event: 24.941 Thread 0x0000028c6ec688b0 Uncommon trap: trap_request=0xffffffde fr.pc=0x0000028c5ddec62c relative=0x00000000000004cc
Event: 24.941 Thread 0x0000028c6ec688b0 Uncommon trap: reason=class_check action=maybe_recompile pc=0x0000028c5ddec62c method=org.jetbrains.kotlin.protobuf.CodedInputStream.tryRefillBuffer(I)Z @ 177 c2
Event: 24.941 Thread 0x0000028c6ec688b0 DEOPT PACKING pc=0x0000028c5ddec62c sp=0x000000cb168f4ea0
Event: 24.941 Thread 0x0000028c6ec688b0 DEOPT UNPACKING pc=0x0000028c5d5269a3 sp=0x000000cb168f4d88 mode 2
Event: 24.941 Thread 0x0000028c6ec688b0 Uncommon trap: trap_request=0xffffffde fr.pc=0x0000028c5ddec62c relative=0x00000000000004cc
Event: 24.941 Thread 0x0000028c6ec688b0 Uncommon trap: reason=class_check action=maybe_recompile pc=0x0000028c5ddec62c method=org.jetbrains.kotlin.protobuf.CodedInputStream.tryRefillBuffer(I)Z @ 177 c2
Event: 24.941 Thread 0x0000028c6ec688b0 DEOPT PACKING pc=0x0000028c5ddec62c sp=0x000000cb168f4ea0
Event: 24.941 Thread 0x0000028c6ec688b0 DEOPT UNPACKING pc=0x0000028c5d5269a3 sp=0x000000cb168f4d88 mode 2
Event: 25.258 Thread 0x0000028c6ec688b0 Uncommon trap: trap_request=0xffffff45 fr.pc=0x0000028c5ddd0698 relative=0x00000000000000f8
Event: 25.258 Thread 0x0000028c6ec688b0 Uncommon trap: reason=unstable_if action=reinterpret pc=0x0000028c5ddd0698 method=org.jetbrains.kotlin.com.intellij.util.SmartList.get(I)Ljava/lang/Object; @ 13 c2
Event: 25.258 Thread 0x0000028c6ec688b0 DEOPT PACKING pc=0x0000028c5ddd0698 sp=0x000000cb168f3800
Event: 25.258 Thread 0x0000028c6ec688b0 DEOPT UNPACKING pc=0x0000028c5d5269a3 sp=0x000000cb168f37a0 mode 2

Classes unloaded (0 events):
No events

Classes redefined (0 events):
No events

Internal exceptions (20 events):
Event: 16.830 Thread 0x0000028c6ec688b0 Exception <a 'java/lang/NoSuchMethodError'{0x0000000087c2f150}: 'void java.lang.invoke.DelegatingMethodHandle$Holder.reinvoke_L(java.lang.Object, java.lang.Object, java.lang.Object, long, java.lang.Object)'> (0x0000000087c2f150) 
thrown [s\src\hotspot\share\interpreter\linkResolver.cpp, line 771]
Event: 16.831 Thread 0x0000028c6ec688b0 Exception <a 'java/lang/NoSuchMethodError'{0x0000000087c37a80}: 'java.lang.Object java.lang.invoke.DirectMethodHandle$Holder.invokeSpecial(java.lang.Object, java.lang.Object, java.lang.Object, java.lang.Object, long)'> (0x0000000087c37a80) 
thrown [s\src\hotspot\share\interpreter\linkResolver.cpp, line 771]
Event: 16.835 Thread 0x0000028c6ec688b0 Exception <a 'java/lang/NoSuchMethodError'{0x0000000087c5cda8}: 'long java.lang.invoke.Invokers$Holder.invoke_MT(java.lang.Object, java.lang.Object, java.lang.Object, java.lang.Object)'> (0x0000000087c5cda8) 
thrown [s\src\hotspot\share\interpreter\linkResolver.cpp, line 771]
Event: 16.837 Thread 0x0000028c6ec688b0 Exception <a 'java/lang/NoSuchMethodError'{0x0000000087c66150}: 'int java.lang.invoke.Invokers$Holder.invoke_MT(java.lang.Object, java.lang.Object, java.lang.Object, java.lang.Object)'> (0x0000000087c66150) 
thrown [s\src\hotspot\share\interpreter\linkResolver.cpp, line 771]
Event: 16.838 Thread 0x0000028c6ec688b0 Exception <a 'java/lang/NoSuchMethodError'{0x0000000087c77440}: 'int java.lang.invoke.DelegatingMethodHandle$Holder.reinvoke_L(java.lang.Object, java.lang.Object, java.lang.Object, long, int)'> (0x0000000087c77440) 
thrown [s\src\hotspot\share\interpreter\linkResolver.cpp, line 771]
Event: 16.841 Thread 0x0000028c6ec688b0 Exception <a 'java/lang/NoSuchMethodError'{0x0000000087c8adf8}: 'java.lang.Object java.lang.invoke.Invokers$Holder.invokeExact_MT(java.lang.Object, java.lang.Object, long, java.lang.Object)'> (0x0000000087c8adf8) 
thrown [s\src\hotspot\share\interpreter\linkResolver.cpp, line 771]
Event: 17.356 Thread 0x0000028c6f93de50 Exception <a 'sun/nio/fs/WindowsException'{0x00000000886698c0}> (0x00000000886698c0) 
thrown [s\src\hotspot\share\prims\jni.cpp, line 517]
Event: 17.360 Thread 0x0000028c6f93de50 Exception <a 'sun/nio/fs/WindowsException'{0x0000000086ed9f20}> (0x0000000086ed9f20) 
thrown [s\src\hotspot\share\prims\jni.cpp, line 517]
Event: 17.363 Thread 0x0000028c6f93de50 Exception <a 'sun/nio/fs/WindowsException'{0x0000000086eda0a0}> (0x0000000086eda0a0) 
thrown [s\src\hotspot\share\prims\jni.cpp, line 517]
Event: 17.877 Thread 0x0000028c6ec688b0 Exception <a 'java/lang/NoSuchMethodError'{0x00000000890a2e50}: 'java.lang.Object java.lang.invoke.DirectMethodHandle$Holder.newInvokeSpecial(java.lang.Object, java.lang.Object, java.lang.Object, java.lang.Object, int)'> (0x00000000890a2e50) 
thrown [s\src\hotspot\share\interpreter\linkResolver.cpp, line 771]
Event: 17.878 Thread 0x0000028c6ec688b0 Exception <a 'java/lang/NoSuchMethodError'{0x00000000890a8298}: 'java.lang.Object java.lang.invoke.DirectMethodHandle$Holder.invokeSpecial(java.lang.Object, java.lang.Object, java.lang.Object, java.lang.Object, java.lang.Object, int)'> (0x00000000890a8298) 
thrown [s\src\hotspot\share\interpreter\linkResolver.cpp, line 771]
Event: 17.878 Thread 0x0000028c6ec688b0 Exception <a 'java/lang/NoSuchMethodError'{0x00000000890ad018}: 'java.lang.Object java.lang.invoke.Invokers$Holder.linkToTargetMethod(java.lang.Object, java.lang.Object, java.lang.Object, int, java.lang.Object)'> (0x00000000890ad018) 
thrown [s\src\hotspot\share\interpreter\linkResolver.cpp, line 771]
Event: 18.211 Thread 0x0000028c6ec688b0 Exception <a 'java/lang/NoSuchMethodError'{0x00000000883a4f00}: 'int java.lang.invoke.DirectMethodHandle$Holder.invokeInterface(java.lang.Object, java.lang.Object, java.lang.Object, java.lang.Object)'> (0x00000000883a4f00) 
thrown [s\src\hotspot\share\interpreter\linkResolver.cpp, line 771]
Event: 19.002 Thread 0x0000028c6ec688b0 Exception <a 'java/lang/IncompatibleClassChangeError'{0x0000000089ced420}: Found class java.lang.Object, but interface was expected> (0x0000000089ced420) 
thrown [s\src\hotspot\share\interpreter\linkResolver.cpp, line 838]
Event: 19.092 Thread 0x0000028c6ec688b0 Implicit null exception at 0x0000028c5db034d4 to 0x0000028c5db03680
Event: 19.340 Thread 0x0000028c6ec688b0 Implicit null exception at 0x0000028c5dc4210c to 0x0000028c5dc42242
Event: 19.718 Thread 0x0000028c6ec688b0 Exception <a 'sun/nio/fs/WindowsException'{0x000000008836ee70}> (0x000000008836ee70) 
thrown [s\src\hotspot\share\prims\jni.cpp, line 517]
Event: 21.962 Thread 0x0000028c6ec688b0 Exception <a 'java/lang/NoSuchMethodError'{0x0000000088041d00}: 'long java.lang.invoke.DirectMethodHandle$Holder.invokeStatic(java.lang.Object)'> (0x0000000088041d00) 
thrown [s\src\hotspot\share\interpreter\linkResolver.cpp, line 771]
Event: 21.963 Thread 0x0000028c6ec688b0 Exception <a 'java/lang/NoSuchMethodError'{0x00000000880468e8}: 'long java.lang.invoke.DirectMethodHandle$Holder.invokeStaticInit(java.lang.Object)'> (0x00000000880468e8) 
thrown [s\src\hotspot\share\interpreter\linkResolver.cpp, line 771]
Event: 23.091 Thread 0x0000028c6ec688b0 Exception <a 'java/lang/NoSuchMethodError'{0x0000000087df8060}: 'java.lang.Object java.lang.invoke.Invokers$Holder.invoke_MT(java.lang.Object, java.lang.Object, java.lang.Object)'> (0x0000000087df8060) 
thrown [s\src\hotspot\share\interpreter\linkResolver.cpp, line 771]

VM Operations (20 events):
Event: 22.355 Executing VM operation: HandshakeAllThreads
Event: 22.355 Executing VM operation: HandshakeAllThreads done
Event: 22.888 Executing VM operation: HandshakeAllThreads
Event: 22.888 Executing VM operation: HandshakeAllThreads done
Event: 23.131 Executing VM operation: HandshakeAllThreads
Event: 23.131 Executing VM operation: HandshakeAllThreads done
Event: 23.134 Executing VM operation: G1TryInitiateConcMark
Event: 23.144 Executing VM operation: G1TryInitiateConcMark done
Event: 23.291 Executing VM operation: G1Concurrent
Event: 23.297 Executing VM operation: G1Concurrent done
Event: 23.359 Executing VM operation: G1Concurrent
Event: 23.359 Executing VM operation: G1Concurrent done
Event: 23.536 Executing VM operation: G1CollectForAllocation
Event: 23.571 Executing VM operation: G1CollectForAllocation done
Event: 23.755 Executing VM operation: G1CollectForAllocation
Event: 23.769 Executing VM operation: G1CollectForAllocation done
Event: 24.112 Executing VM operation: HandshakeAllThreads
Event: 24.112 Executing VM operation: HandshakeAllThreads done
Event: 24.807 Executing VM operation: G1CollectForAllocation
Event: 24.823 Executing VM operation: G1CollectForAllocation done

Events (20 events):
Event: 23.092 loading class sun/nio/ch/FileChannelImpl$DefaultUnmapper
Event: 23.092 loading class sun/nio/ch/FileChannelImpl$Unmapper
Event: 23.092 loading class jdk/internal/access/foreign/UnmapperProxy
Event: 23.092 loading class jdk/internal/access/foreign/UnmapperProxy done
Event: 23.092 loading class sun/nio/ch/FileChannelImpl$Unmapper done
Event: 23.092 loading class sun/nio/ch/FileChannelImpl$DefaultUnmapper done
Event: 23.093 loading class sun/nio/ch/Util$4
Event: 23.094 loading class sun/nio/ch/Util$4 done
Event: 23.094 loading class jdk/internal/access/foreign/MemorySegmentProxy
Event: 23.094 loading class jdk/internal/access/foreign/MemorySegmentProxy done
Event: 23.096 loading class java/io/UTFDataFormatException
Event: 23.097 loading class java/io/UTFDataFormatException done
Event: 23.129 loading class java/nio/file/attribute/DosFileAttributeView
Event: 23.130 loading class java/nio/file/attribute/DosFileAttributeView done
Event: 23.130 loading class sun/nio/fs/WindowsFileAttributeViews$Dos
Event: 23.130 loading class sun/nio/fs/WindowsFileAttributeViews$Dos done
Event: 24.064 loading class java/nio/channels/Channels$ReadableByteChannelImpl
Event: 24.065 loading class java/nio/channels/Channels$ReadableByteChannelImpl done
Event: 24.065 loading class java/nio/channels/NonWritableChannelException
Event: 24.065 loading class java/nio/channels/NonWritableChannelException done


Dynamic libraries:
0x00007ff6ab500000 - 0x00007ff6ab50a000 	C:\Program Files\Android\Android Studio\jbr\bin\java.exe
0x00007ffbde290000 - 0x00007ffbde488000 	C:\WINDOWS\SYSTEM32\ntdll.dll
0x00007ffb6d670000 - 0x00007ffb6d689000 	C:\Program Files\Avast Software\Avast\aswhook.dll
0x00007ffbde160000 - 0x00007ffbde21d000 	C:\WINDOWS\System32\KERNEL32.DLL
0x00007ffbdb9e0000 - 0x00007ffbdbcd6000 	C:\WINDOWS\System32\KERNELBASE.dll
0x00007ffbdbd90000 - 0x00007ffbdbe90000 	C:\WINDOWS\System32\ucrtbase.dll
0x00007ffbc75a0000 - 0x00007ffbc75bb000 	C:\Program Files\Android\Android Studio\jbr\bin\VCRUNTIME140.dll
0x00007ffbab2a0000 - 0x00007ffbab2b7000 	C:\Program Files\Android\Android Studio\jbr\bin\jli.dll
0x00007ffbdd020000 - 0x00007ffbdd1be000 	C:\WINDOWS\System32\USER32.dll
0x00007ffbdbce0000 - 0x00007ffbdbd02000 	C:\WINDOWS\System32\win32u.dll
0x00007ffbdcaa0000 - 0x00007ffbdcacc000 	C:\WINDOWS\System32\GDI32.dll
0x00007ffbdc130000 - 0x00007ffbdc24a000 	C:\WINDOWS\System32\gdi32full.dll
0x00007ffbdc250000 - 0x00007ffbdc2ed000 	C:\WINDOWS\System32\msvcp_win.dll
0x00007ffbc7db0000 - 0x00007ffbc804a000 	C:\WINDOWS\WinSxS\amd64_microsoft.windows.common-controls_6595b64144ccf1df_6.0.19041.3636_none_60b6a03d71f818d5\COMCTL32.dll
0x00007ffbdd410000 - 0x00007ffbdd4ae000 	C:\WINDOWS\System32\msvcrt.dll
0x00007ffbde220000 - 0x00007ffbde250000 	C:\WINDOWS\System32\IMM32.DLL
0x00007ffbd2c50000 - 0x00007ffbd2c5c000 	C:\Program Files\Android\Android Studio\jbr\bin\vcruntime140_1.dll
0x00007ffbab690000 - 0x00007ffbab71d000 	C:\Program Files\Android\Android Studio\jbr\bin\msvcp140.dll
0x00007ffb73ab0000 - 0x00007ffb7471e000 	C:\Program Files\Android\Android Studio\jbr\bin\server\jvm.dll
0x00007ffbddac0000 - 0x00007ffbddb6f000 	C:\WINDOWS\System32\ADVAPI32.dll
0x00007ffbddb70000 - 0x00007ffbddc0c000 	C:\WINDOWS\System32\sechost.dll
0x00007ffbdd1c0000 - 0x00007ffbdd2e6000 	C:\WINDOWS\System32\RPCRT4.dll
0x00007ffbc4d80000 - 0x00007ffbc4d89000 	C:\WINDOWS\SYSTEM32\WSOCK32.dll
0x00007ffbdcf20000 - 0x00007ffbdcf8b000 	C:\WINDOWS\System32\WS2_32.dll
0x00007ffbba5b0000 - 0x00007ffbba5d7000 	C:\WINDOWS\SYSTEM32\WINMM.dll
0x00007ffbcfbc0000 - 0x00007ffbcfbca000 	C:\WINDOWS\SYSTEM32\VERSION.dll
0x00007ffbda1c0000 - 0x00007ffbda1d2000 	C:\WINDOWS\SYSTEM32\kernel.appcore.dll
0x00007ffbd1820000 - 0x00007ffbd182a000 	C:\Program Files\Android\Android Studio\jbr\bin\jimage.dll
0x00007ffbd6e80000 - 0x00007ffbd7064000 	C:\WINDOWS\SYSTEM32\DBGHELP.DLL
0x00007ffbcbbe0000 - 0x00007ffbcbc14000 	C:\WINDOWS\SYSTEM32\dbgcore.DLL
0x00007ffbdc0a0000 - 0x00007ffbdc122000 	C:\WINDOWS\System32\bcryptPrimitives.dll
0x00007ffbb6ea0000 - 0x00007ffbb6ec5000 	C:\Program Files\Android\Android Studio\jbr\bin\java.dll
0x00007ffbb6e80000 - 0x00007ffbb6e98000 	C:\Program Files\Android\Android Studio\jbr\bin\zip.dll
0x00007ffbdc2f0000 - 0x00007ffbdca34000 	C:\WINDOWS\System32\SHELL32.dll
0x00007ffbd6610000 - 0x00007ffbd6dab000 	C:\WINDOWS\SYSTEM32\windows.storage.dll
0x00007ffbddd80000 - 0x00007ffbde0d4000 	C:\WINDOWS\System32\combase.dll
0x00007ffbdb2e0000 - 0x00007ffbdb30d000 	C:\WINDOWS\SYSTEM32\Wldp.dll
0x00007ffbddc70000 - 0x00007ffbddd1d000 	C:\WINDOWS\System32\SHCORE.dll
0x00007ffbdca40000 - 0x00007ffbdca95000 	C:\WINDOWS\System32\shlwapi.dll
0x00007ffbdb8a0000 - 0x00007ffbdb8c5000 	C:\WINDOWS\SYSTEM32\profapi.dll
0x00007ffbab2e0000 - 0x00007ffbab2f9000 	C:\Program Files\Android\Android Studio\jbr\bin\net.dll
0x00007ffbcb6a0000 - 0x00007ffbcb7aa000 	C:\WINDOWS\SYSTEM32\WINHTTP.dll
0x00007ffbdb040000 - 0x00007ffbdb0aa000 	C:\WINDOWS\system32\mswsock.dll
0x00007ffbab2c0000 - 0x00007ffbab2d6000 	C:\Program Files\Android\Android Studio\jbr\bin\nio.dll
0x00007ffbc7d50000 - 0x00007ffbc7d60000 	C:\Program Files\Android\Android Studio\jbr\bin\verify.dll
0x00007ffbd1850000 - 0x00007ffbd1877000 	C:\Users\NICOLAS\.gradle\native\68d5fa5c4cc2d200863cafc0d521ce42e7d3e7ee720ec0a83991735586a16f82\windows-amd64\native-platform.dll
0x00007ffba47b0000 - 0x00007ffba48f4000 	C:\Users\NICOLAS\.gradle\native\e376f236ea51e6404a007f0833ffe2c6e607c4080706a723a18a27aeea778392\windows-amd64\native-platform-file-events.dll
0x00007ffbc5f70000 - 0x00007ffbc5f79000 	C:\Program Files\Android\Android Studio\jbr\bin\management.dll
0x00007ffbc5c30000 - 0x00007ffbc5c3b000 	C:\Program Files\Android\Android Studio\jbr\bin\management_ext.dll
0x00007ffbddab0000 - 0x00007ffbddab8000 	C:\WINDOWS\System32\PSAPI.DLL
0x00007ffbdb230000 - 0x00007ffbdb248000 	C:\WINDOWS\SYSTEM32\CRYPTSP.dll
0x00007ffbda970000 - 0x00007ffbda9a4000 	C:\WINDOWS\system32\rsaenh.dll
0x00007ffbdbd10000 - 0x00007ffbdbd37000 	C:\WINDOWS\System32\bcrypt.dll
0x00007ffbdb820000 - 0x00007ffbdb84e000 	C:\WINDOWS\SYSTEM32\USERENV.dll
0x00007ffbdb250000 - 0x00007ffbdb25c000 	C:\WINDOWS\SYSTEM32\CRYPTBASE.dll
0x00007ffbdad30000 - 0x00007ffbdad6b000 	C:\WINDOWS\SYSTEM32\IPHLPAPI.DLL
0x00007ffbdccd0000 - 0x00007ffbdccd8000 	C:\WINDOWS\System32\NSI.dll
0x00007ffbcfba0000 - 0x00007ffbcfbb7000 	C:\WINDOWS\SYSTEM32\dhcpcsvc6.DLL
0x00007ffbcfb80000 - 0x00007ffbcfb9d000 	C:\WINDOWS\SYSTEM32\dhcpcsvc.DLL
0x00007ffbdad70000 - 0x00007ffbdae3a000 	C:\WINDOWS\SYSTEM32\DNSAPI.dll
0x00007ffbc7410000 - 0x00007ffbc7417000 	C:\WINDOWS\system32\wshunix.dll

dbghelp: loaded successfully - version: 4.0.5 - missing functions: none
symbol engine: initialized successfully - sym options: 0x614 - pdb path: .;C:\Program Files\Android\Android Studio\jbr\bin;C:\WINDOWS\SYSTEM32;C:\Program Files\Avast Software\Avast;C:\WINDOWS\WinSxS\amd64_microsoft.windows.common-controls_6595b64144ccf1df_6.0.19041.3636_none_60b6a03d71f818d5;C:\Program Files\Android\Android Studio\jbr\bin\server;C:\Users\NICOLAS\.gradle\native\68d5fa5c4cc2d200863cafc0d521ce42e7d3e7ee720ec0a83991735586a16f82\windows-amd64;C:\Users\NICOLAS\.gradle\native\e376f236ea51e6404a007f0833ffe2c6e607c4080706a723a18a27aeea778392\windows-amd64

VM Arguments:
jvm_args: --add-opens=java.base/java.util=ALL-UNNAMED --add-opens=java.base/java.lang=ALL-UNNAMED --add-opens=java.base/java.lang.invoke=ALL-UNNAMED --add-opens=java.prefs/java.util.prefs=ALL-UNNAMED --add-opens=java.base/java.nio.charset=ALL-UNNAMED --add-opens=java.base/java.net=ALL-UNNAMED --add-opens=java.base/java.util.concurrent.atomic=ALL-UNNAMED -Xmx2048m -Dfile.encoding=UTF-8 -Duser.country=CO -Duser.language=es -Duser.variant 
java_command: org.gradle.launcher.daemon.bootstrap.GradleDaemon 8.0
java_class_path (initial): C:\Users\NICOLAS\.gradle\wrapper\dists\gradle-8.0-bin\ca5e32bp14vu59qr306oxotwh\gradle-8.0\lib\gradle-launcher-8.0.jar
Launcher Type: SUN_STANDARD

[Global flags]
     intx CICompilerCount                          = 3                                         {product} {ergonomic}
     uint ConcGCThreads                            = 1                                         {product} {ergonomic}
     uint G1ConcRefinementThreads                  = 4                                         {product} {ergonomic}
   size_t G1HeapRegionSize                         = 1048576                                   {product} {ergonomic}
    uintx GCDrainStackTargetSize                   = 64                                        {product} {ergonomic}
   size_t InitialHeapSize                          = 67108864                                  {product} {ergonomic}
   size_t MarkStackSize                            = 4194304                                   {product} {ergonomic}
   size_t MaxHeapSize                              = 2147483648                                {product} {command line}
   size_t MaxNewSize                               = 1287651328                                {product} {ergonomic}
   size_t MinHeapDeltaBytes                        = 1048576                                   {product} {ergonomic}
   size_t MinHeapSize                              = 8388608                                   {product} {ergonomic}
    uintx NonNMethodCodeHeapSize                   = 5832780                                {pd product} {ergonomic}
    uintx NonProfiledCodeHeapSize                  = 122912730                              {pd product} {ergonomic}
    uintx ProfiledCodeHeapSize                     = 122912730                              {pd product} {ergonomic}
    uintx ReservedCodeCacheSize                    = 251658240                              {pd product} {ergonomic}
     bool SegmentedCodeCache                       = true                                      {product} {ergonomic}
   size_t SoftMaxHeapSize                          = 2147483648                             {manageable} {ergonomic}
     bool UseCompressedClassPointers               = true                           {product lp64_product} {ergonomic}
     bool UseCompressedOops                        = true                           {product lp64_product} {ergonomic}
     bool UseG1GC                                  = true                                      {product} {ergonomic}
     bool UseLargePagesIndividualAllocation        = false                                  {pd product} {ergonomic}

Logging:
Log output configuration:
 #0: stdout all=warning uptime,level,tags
 #1: stderr all=off uptime,level,tags

Environment Variables:
JAVA_HOME=C:\Program Files\Java\jdk-13
PATH=C:\Python312\Scripts\;C:\Python312\;C:\OracleXE\dbhomeXE\bin;C:\WINDOWS\system32;C:\WINDOWS;C:\WINDOWS\System32\Wbem;C:\WINDOWS\System32\WindowsPowerShell\v1.0\;C:\WINDOWS\System32\OpenSSH\;C:\Program Files\Git\cmd;C:\Program Files\Java\jdk-13\bin;C:\Program Files\Java\jdk-13\bin;C:\Program Files\nodejs\;C:\ProgramData\chocolatey\bin;"C:\Users\NICOLAS\AppData\Local\Microsoft\WindowsApps;C:\Program Files\Java\jdk-13\bin";;C:\Program Files\JetBrains\PyCharm Community Edition 2022.3.1\bin;;C:\Users\NICOLAS\AppData\Roaming\npm
USERNAME=NICOLAS
OS=Windows_NT
PROCESSOR_IDENTIFIER=Intel64 Family 6 Model 78 Stepping 3, GenuineIntel
TMP=C:\Users\NICOLAS\AppData\Local\Temp
TEMP=C:\Users\NICOLAS\AppData\Local\Temp


JNI global refs:
JNI global refs: 24, weak refs: 0

JNI global refs memory usage: 843, weak refs: 841


---------------  S Y S T E M  ---------------

OS:
 Windows 10 , 64 bit Build 19041 (10.0.19041.3636)
OS uptime: 0 days 7:56 hours

CPU: total 4 (initial active 4) (2 cores per cpu, 2 threads per core) family 6 model 78 stepping 3 microcode 0xcc, cx8, cmov, fxsr, ht, mmx, 3dnowpref, sse, sse2, sse3, ssse3, sse4.1, sse4.2, popcnt, lzcnt, tsc, tscinvbit, avx, avx2, aes, erms, clmul, bmi1, bmi2, adx, fma, vzeroupper, clflush, clflushopt

Memory: 4k page, system-wide physical 3971M (98M free)
TotalPageFile size 8067M (AvailPageFile size 4M)
current process WorkingSet (physical memory assigned to process): 381M, peak: 381M
current process commit charge ("private bytes"): 464M, peak: 466M

vm_info: OpenJDK 64-Bit Server VM (17.0.6+0-b2043.56-10027231) for windows-amd64 JRE (17.0.6+0-b2043.56-10027231), built on Apr 28 2023 00:43:19 by "androidbuild" with MS VC++ 16.10 / 16.11 (VS2019)

END.
